This is pdfTeX, Version 3.14159265-2.6-1.40.19 (TeX Live 2019/dev/Debian) (preloaded format=pdflatex 2020.10.29)  3 JUN 2021 13:04
entering extended mode
 restricted \write18 enabled.
 %&-line parsing enabled.
**"The Untitled Bell System.tex"
(./The Untitled Bell System.tex
LaTeX2e <2018-12-01>
(/usr/share/texlive/texmf-dist/tex/latex/base/book.cls
Document Class: book 2018/09/03 v1.4i Standard LaTeX document class
(/usr/share/texlive/texmf-dist/tex/latex/base/bk11.clo
File: bk11.clo 2018/09/03 v1.4i Standard LaTeX file (size option)
)
\c@part=\count80
\c@chapter=\count81
\c@section=\count82
\c@subsection=\count83
\c@subsubsection=\count84
\c@paragraph=\count85
\c@subparagraph=\count86
\c@figure=\count87
\c@table=\count88
\abovecaptionskip=\skip41
\belowcaptionskip=\skip42
\bibindent=\dimen102
)
(/usr/share/texlive/texmf-dist/tex/latex/quoting/quoting.sty
Package: quoting 2014/01/28 v0.1c Consolidated environment for displayed text

(/usr/share/texlive/texmf-dist/tex/latex/etoolbox/etoolbox.sty
Package: etoolbox 2018/08/19 v2.5f e-TeX tools for LaTeX (JAW)
\etb@tempcnta=\count89
)
(/usr/share/texlive/texmf-dist/tex/latex/oberdiek/kvoptions.sty
Package: kvoptions 2016/05/16 v3.12 Key value format for package options (HO)

(/usr/share/texlive/texmf-dist/tex/latex/graphics/keyval.sty
Package: keyval 2014/10/28 v1.15 key=value parser (DPC)
\KV@toks@=\toks14
)
(/usr/share/texlive/texmf-dist/tex/generic/oberdiek/ltxcmds.sty
Package: ltxcmds 2016/05/16 v1.23 LaTeX kernel commands for general use (HO)
)
(/usr/share/texlive/texmf-dist/tex/generic/oberdiek/kvsetkeys.sty
Package: kvsetkeys 2016/05/16 v1.17 Key value parser (HO)

(/usr/share/texlive/texmf-dist/tex/generic/oberdiek/infwarerr.sty
Package: infwarerr 2016/05/16 v1.4 Providing info/warning/error messages (HO)
)
(/usr/share/texlive/texmf-dist/tex/generic/oberdiek/etexcmds.sty
Package: etexcmds 2016/05/16 v1.6 Avoid name clashes with e-TeX commands (HO)

(/usr/share/texlive/texmf-dist/tex/generic/oberdiek/ifluatex.sty
Package: ifluatex 2016/05/16 v1.4 Provides the ifluatex switch (HO)
Package ifluatex Info: LuaTeX not detected.
))))
\quo@toppartop=\skip43
)
(/usr/share/texlive/texmf-dist/tex/latex/tcolorbox/tcolorbox.sty
Package: tcolorbox 2018/12/07 version 4.15 text color boxes

(/usr/share/texlive/texmf-dist/tex/latex/pgf/basiclayer/pgf.sty
(/usr/share/texlive/texmf-dist/tex/latex/pgf/utilities/pgfrcs.sty
(/usr/share/texlive/texmf-dist/tex/generic/pgf/utilities/pgfutil-common.tex
\pgfutil@everybye=\toks15
\pgfutil@tempdima=\dimen103
\pgfutil@tempdimb=\dimen104

(/usr/share/texlive/texmf-dist/tex/generic/pgf/utilities/pgfutil-common-lists.t
ex)) (/usr/share/texlive/texmf-dist/tex/generic/pgf/utilities/pgfutil-latex.def
\pgfutil@abb=\box27
(/usr/share/texlive/texmf-dist/tex/latex/ms/everyshi.sty
Package: everyshi 2001/05/15 v3.00 EveryShipout Package (MS)
))
(/usr/share/texlive/texmf-dist/tex/generic/pgf/utilities/pgfrcs.code.tex
(/usr/share/texlive/texmf-dist/tex/generic/pgf/pgf.revision.tex)
Package: pgfrcs 2019/02/02 v3.1.1 (3.1.1)
))
Package: pgf 2019/02/02 v3.1.1 (3.1.1)

(/usr/share/texlive/texmf-dist/tex/latex/pgf/basiclayer/pgfcore.sty
(/usr/share/texlive/texmf-dist/tex/latex/graphics/graphicx.sty
Package: graphicx 2017/06/01 v1.1a Enhanced LaTeX Graphics (DPC,SPQR)

(/usr/share/texlive/texmf-dist/tex/latex/graphics/graphics.sty
Package: graphics 2017/06/25 v1.2c Standard LaTeX Graphics (DPC,SPQR)

(/usr/share/texlive/texmf-dist/tex/latex/graphics/trig.sty
Package: trig 2016/01/03 v1.10 sin cos tan (DPC)
)
(/usr/share/texlive/texmf-dist/tex/latex/graphics-cfg/graphics.cfg
File: graphics.cfg 2016/06/04 v1.11 sample graphics configuration
)
Package graphics Info: Driver file: pdftex.def on input line 99.

(/usr/share/texlive/texmf-dist/tex/latex/graphics-def/pdftex.def
File: pdftex.def 2018/01/08 v1.0l Graphics/color driver for pdftex
))
\Gin@req@height=\dimen105
\Gin@req@width=\dimen106
)
(/usr/share/texlive/texmf-dist/tex/latex/pgf/systemlayer/pgfsys.sty
(/usr/share/texlive/texmf-dist/tex/generic/pgf/systemlayer/pgfsys.code.tex
Package: pgfsys 2019/02/02 v3.1.1 (3.1.1)

(/usr/share/texlive/texmf-dist/tex/generic/pgf/utilities/pgfkeys.code.tex
\pgfkeys@pathtoks=\toks16
\pgfkeys@temptoks=\toks17

(/usr/share/texlive/texmf-dist/tex/generic/pgf/utilities/pgfkeysfiltered.code.t
ex
\pgfkeys@tmptoks=\toks18
))
\pgf@x=\dimen107
\pgf@y=\dimen108
\pgf@xa=\dimen109
\pgf@ya=\dimen110
\pgf@xb=\dimen111
\pgf@yb=\dimen112
\pgf@xc=\dimen113
\pgf@yc=\dimen114
\w@pgf@writea=\write3
\r@pgf@reada=\read1
\c@pgf@counta=\count90
\c@pgf@countb=\count91
\c@pgf@countc=\count92
\c@pgf@countd=\count93
\t@pgf@toka=\toks19
\t@pgf@tokb=\toks20
\t@pgf@tokc=\toks21
\pgf@sys@id@count=\count94
 (/usr/share/texlive/texmf-dist/tex/generic/pgf/systemlayer/pgf.cfg
File: pgf.cfg 2019/02/02 v3.1.1 (3.1.1)
)
Driver file for pgf: pgfsys-pdftex.def

(/usr/share/texlive/texmf-dist/tex/generic/pgf/systemlayer/pgfsys-pdftex.def
File: pgfsys-pdftex.def 2019/02/02 v3.1.1 (3.1.1)

(/usr/share/texlive/texmf-dist/tex/generic/pgf/systemlayer/pgfsys-common-pdf.de
f
File: pgfsys-common-pdf.def 2019/02/02 v3.1.1 (3.1.1)
)))
(/usr/share/texlive/texmf-dist/tex/generic/pgf/systemlayer/pgfsyssoftpath.code.
tex
File: pgfsyssoftpath.code.tex 2019/02/02 v3.1.1 (3.1.1)
\pgfsyssoftpath@smallbuffer@items=\count95
\pgfsyssoftpath@bigbuffer@items=\count96
)
(/usr/share/texlive/texmf-dist/tex/generic/pgf/systemlayer/pgfsysprotocol.code.
tex
File: pgfsysprotocol.code.tex 2019/02/02 v3.1.1 (3.1.1)
)) (/usr/share/texlive/texmf-dist/tex/latex/xcolor/xcolor.sty
Package: xcolor 2016/05/11 v2.12 LaTeX color extensions (UK)

(/usr/share/texlive/texmf-dist/tex/latex/graphics-cfg/color.cfg
File: color.cfg 2016/01/02 v1.6 sample color configuration
)
Package xcolor Info: Driver file: pdftex.def on input line 225.
Package xcolor Info: Model `cmy' substituted by `cmy0' on input line 1348.
Package xcolor Info: Model `hsb' substituted by `rgb' on input line 1352.
Package xcolor Info: Model `RGB' extended on input line 1364.
Package xcolor Info: Model `HTML' substituted by `rgb' on input line 1366.
Package xcolor Info: Model `Hsb' substituted by `hsb' on input line 1367.
Package xcolor Info: Model `tHsb' substituted by `hsb' on input line 1368.
Package xcolor Info: Model `HSB' substituted by `hsb' on input line 1369.
Package xcolor Info: Model `Gray' substituted by `gray' on input line 1370.
Package xcolor Info: Model `wave' substituted by `hsb' on input line 1371.
)
(/usr/share/texlive/texmf-dist/tex/generic/pgf/basiclayer/pgfcore.code.tex
Package: pgfcore 2019/02/02 v3.1.1 (3.1.1)

(/usr/share/texlive/texmf-dist/tex/generic/pgf/math/pgfmath.code.tex
(/usr/share/texlive/texmf-dist/tex/generic/pgf/math/pgfmathcalc.code.tex
(/usr/share/texlive/texmf-dist/tex/generic/pgf/math/pgfmathutil.code.tex)
(/usr/share/texlive/texmf-dist/tex/generic/pgf/math/pgfmathparser.code.tex
\pgfmath@dimen=\dimen115
\pgfmath@count=\count97
\pgfmath@box=\box28
\pgfmath@toks=\toks22
\pgfmath@stack@operand=\toks23
\pgfmath@stack@operation=\toks24
)
(/usr/share/texlive/texmf-dist/tex/generic/pgf/math/pgfmathfunctions.code.tex
(/usr/share/texlive/texmf-dist/tex/generic/pgf/math/pgfmathfunctions.basic.code
.tex)
(/usr/share/texlive/texmf-dist/tex/generic/pgf/math/pgfmathfunctions.trigonomet
ric.code.tex)
(/usr/share/texlive/texmf-dist/tex/generic/pgf/math/pgfmathfunctions.random.cod
e.tex)
(/usr/share/texlive/texmf-dist/tex/generic/pgf/math/pgfmathfunctions.comparison
.code.tex)
(/usr/share/texlive/texmf-dist/tex/generic/pgf/math/pgfmathfunctions.base.code.
tex)
(/usr/share/texlive/texmf-dist/tex/generic/pgf/math/pgfmathfunctions.round.code
.tex)
(/usr/share/texlive/texmf-dist/tex/generic/pgf/math/pgfmathfunctions.misc.code.
tex)
(/usr/share/texlive/texmf-dist/tex/generic/pgf/math/pgfmathfunctions.integerari
thmetics.code.tex)))
(/usr/share/texlive/texmf-dist/tex/generic/pgf/math/pgfmathfloat.code.tex
\c@pgfmathroundto@lastzeros=\count98
))
(/usr/share/texlive/texmf-dist/tex/generic/pgf/basiclayer/pgfcorepoints.code.te
x
File: pgfcorepoints.code.tex 2019/02/02 v3.1.1 (3.1.1)
\pgf@picminx=\dimen116
\pgf@picmaxx=\dimen117
\pgf@picminy=\dimen118
\pgf@picmaxy=\dimen119
\pgf@pathminx=\dimen120
\pgf@pathmaxx=\dimen121
\pgf@pathminy=\dimen122
\pgf@pathmaxy=\dimen123
\pgf@xx=\dimen124
\pgf@xy=\dimen125
\pgf@yx=\dimen126
\pgf@yy=\dimen127
\pgf@zx=\dimen128
\pgf@zy=\dimen129
)
(/usr/share/texlive/texmf-dist/tex/generic/pgf/basiclayer/pgfcorepathconstruct.
code.tex
File: pgfcorepathconstruct.code.tex 2019/02/02 v3.1.1 (3.1.1)
\pgf@path@lastx=\dimen130
\pgf@path@lasty=\dimen131
)
(/usr/share/texlive/texmf-dist/tex/generic/pgf/basiclayer/pgfcorepathusage.code
.tex
File: pgfcorepathusage.code.tex 2019/02/02 v3.1.1 (3.1.1)
\pgf@shorten@end@additional=\dimen132
\pgf@shorten@start@additional=\dimen133
)
(/usr/share/texlive/texmf-dist/tex/generic/pgf/basiclayer/pgfcorescopes.code.te
x
File: pgfcorescopes.code.tex 2019/02/02 v3.1.1 (3.1.1)
\pgfpic=\box29
\pgf@hbox=\box30
\pgf@layerbox@main=\box31
\pgf@picture@serial@count=\count99
)
(/usr/share/texlive/texmf-dist/tex/generic/pgf/basiclayer/pgfcoregraphicstate.c
ode.tex
File: pgfcoregraphicstate.code.tex 2019/02/02 v3.1.1 (3.1.1)
\pgflinewidth=\dimen134
)
(/usr/share/texlive/texmf-dist/tex/generic/pgf/basiclayer/pgfcoretransformation
s.code.tex
File: pgfcoretransformations.code.tex 2019/02/02 v3.1.1 (3.1.1)
\pgf@pt@x=\dimen135
\pgf@pt@y=\dimen136
\pgf@pt@temp=\dimen137
)
(/usr/share/texlive/texmf-dist/tex/generic/pgf/basiclayer/pgfcorequick.code.tex
File: pgfcorequick.code.tex 2019/02/02 v3.1.1 (3.1.1)
)
(/usr/share/texlive/texmf-dist/tex/generic/pgf/basiclayer/pgfcoreobjects.code.t
ex
File: pgfcoreobjects.code.tex 2019/02/02 v3.1.1 (3.1.1)
)
(/usr/share/texlive/texmf-dist/tex/generic/pgf/basiclayer/pgfcorepathprocessing
.code.tex
File: pgfcorepathprocessing.code.tex 2019/02/02 v3.1.1 (3.1.1)
)
(/usr/share/texlive/texmf-dist/tex/generic/pgf/basiclayer/pgfcorearrows.code.te
x
File: pgfcorearrows.code.tex 2019/02/02 v3.1.1 (3.1.1)
\pgfarrowsep=\dimen138
)
(/usr/share/texlive/texmf-dist/tex/generic/pgf/basiclayer/pgfcoreshade.code.tex
File: pgfcoreshade.code.tex 2019/02/02 v3.1.1 (3.1.1)
\pgf@max=\dimen139
\pgf@sys@shading@range@num=\count100
)
(/usr/share/texlive/texmf-dist/tex/generic/pgf/basiclayer/pgfcoreimage.code.tex
File: pgfcoreimage.code.tex 2019/02/02 v3.1.1 (3.1.1)

(/usr/share/texlive/texmf-dist/tex/generic/pgf/basiclayer/pgfcoreexternal.code.
tex
File: pgfcoreexternal.code.tex 2019/02/02 v3.1.1 (3.1.1)
\pgfexternal@startupbox=\box32
))
(/usr/share/texlive/texmf-dist/tex/generic/pgf/basiclayer/pgfcorelayers.code.te
x
File: pgfcorelayers.code.tex 2019/02/02 v3.1.1 (3.1.1)
)
(/usr/share/texlive/texmf-dist/tex/generic/pgf/basiclayer/pgfcoretransparency.c
ode.tex
File: pgfcoretransparency.code.tex 2019/02/02 v3.1.1 (3.1.1)
)
(/usr/share/texlive/texmf-dist/tex/generic/pgf/basiclayer/pgfcorepatterns.code.
tex
File: pgfcorepatterns.code.tex 2019/02/02 v3.1.1 (3.1.1)
)
(/usr/share/texlive/texmf-dist/tex/generic/pgf/basiclayer/pgfcorerdf.code.tex
File: pgfcorerdf.code.tex 2019/02/02 v3.1.1 (3.1.1)
)))
(/usr/share/texlive/texmf-dist/tex/generic/pgf/modules/pgfmoduleshapes.code.tex
File: pgfmoduleshapes.code.tex 2019/02/02 v3.1.1 (3.1.1)
\pgfnodeparttextbox=\box33
) (/usr/share/texlive/texmf-dist/tex/generic/pgf/modules/pgfmoduleplot.code.tex
File: pgfmoduleplot.code.tex 2019/02/02 v3.1.1 (3.1.1)
)
(/usr/share/texlive/texmf-dist/tex/latex/pgf/compatibility/pgfcomp-version-0-65
.sty
Package: pgfcomp-version-0-65 2019/02/02 v3.1.1 (3.1.1)
\pgf@nodesepstart=\dimen140
\pgf@nodesepend=\dimen141
)
(/usr/share/texlive/texmf-dist/tex/latex/pgf/compatibility/pgfcomp-version-1-18
.sty
Package: pgfcomp-version-1-18 2019/02/02 v3.1.1 (3.1.1)
)) (/usr/share/texlive/texmf-dist/tex/latex/tools/verbatim.sty
Package: verbatim 2014/10/28 v1.5q LaTeX2e package for verbatim enhancements
\every@verbatim=\toks25
\verbatim@line=\toks26
\verbatim@in@stream=\read2
)
(/usr/share/texlive/texmf-dist/tex/latex/environ/environ.sty
Package: environ 2014/05/04 v0.3 A new way to define environments

(/usr/share/texlive/texmf-dist/tex/latex/trimspaces/trimspaces.sty
Package: trimspaces 2009/09/17 v1.1 Trim spaces around a token list
)
\@envbody=\toks27
)
\tcb@titlebox=\box34
\tcb@upperbox=\box35
\tcb@lowerbox=\box36
\tcb@phantombox=\box37
\c@tcbbreakpart=\count101
\c@tcblayer=\count102
\tcolorbox@number=\count103
\tcb@temp=\box38
\tcb@temp=\box39
\tcb@temp=\box40
\tcb@temp=\box41
\tcb@out=\write4
\tcb@record@out=\write5
)
(/usr/share/texlive/texmf-dist/tex/latex/pgf/frontendlayer/tikz.sty
(/usr/share/texlive/texmf-dist/tex/latex/pgf/utilities/pgffor.sty
(/usr/share/texlive/texmf-dist/tex/latex/pgf/utilities/pgfkeys.sty
(/usr/share/texlive/texmf-dist/tex/generic/pgf/utilities/pgfkeys.code.tex))
(/usr/share/texlive/texmf-dist/tex/latex/pgf/math/pgfmath.sty
(/usr/share/texlive/texmf-dist/tex/generic/pgf/math/pgfmath.code.tex))
(/usr/share/texlive/texmf-dist/tex/generic/pgf/utilities/pgffor.code.tex
Package: pgffor 2019/02/02 v3.1.1 (3.1.1)

(/usr/share/texlive/texmf-dist/tex/generic/pgf/math/pgfmath.code.tex)
\pgffor@iter=\dimen142
\pgffor@skip=\dimen143
\pgffor@stack=\toks28
\pgffor@toks=\toks29
))
(/usr/share/texlive/texmf-dist/tex/generic/pgf/frontendlayer/tikz/tikz.code.tex
Package: tikz 2019/02/02 v3.1.1 (3.1.1)

(/usr/share/texlive/texmf-dist/tex/generic/pgf/libraries/pgflibraryplothandlers
.code.tex
File: pgflibraryplothandlers.code.tex 2019/02/02 v3.1.1 (3.1.1)
\pgf@plot@mark@count=\count104
\pgfplotmarksize=\dimen144
)
\tikz@lastx=\dimen145
\tikz@lasty=\dimen146
\tikz@lastxsaved=\dimen147
\tikz@lastysaved=\dimen148
\tikzleveldistance=\dimen149
\tikzsiblingdistance=\dimen150
\tikz@figbox=\box42
\tikz@figbox@bg=\box43
\tikz@tempbox=\box44
\tikz@tempbox@bg=\box45
\tikztreelevel=\count105
\tikznumberofchildren=\count106
\tikznumberofcurrentchild=\count107
\tikz@fig@count=\count108

(/usr/share/texlive/texmf-dist/tex/generic/pgf/modules/pgfmodulematrix.code.tex
File: pgfmodulematrix.code.tex 2019/02/02 v3.1.1 (3.1.1)
\pgfmatrixcurrentrow=\count109
\pgfmatrixcurrentcolumn=\count110
\pgf@matrix@numberofcolumns=\count111
)
\tikz@expandcount=\count112

(/usr/share/texlive/texmf-dist/tex/generic/pgf/frontendlayer/tikz/libraries/tik
zlibrarytopaths.code.tex
File: tikzlibrarytopaths.code.tex 2019/02/02 v3.1.1 (3.1.1)
)))
(/usr/share/texlive/texmf-dist/tex/generic/pgf/frontendlayer/tikz/libraries/tik
zlibraryshadows.code.tex
File: tikzlibraryshadows.code.tex 2019/02/02 v3.1.1 (3.1.1)

(/usr/share/texlive/texmf-dist/tex/generic/pgf/frontendlayer/tikz/libraries/tik
zlibraryfadings.code.tex
File: tikzlibraryfadings.code.tex 2019/02/02 v3.1.1 (3.1.1)

(/usr/share/texlive/texmf-dist/tex/generic/pgf/libraries/pgflibraryfadings.code
.tex
File: pgflibraryfadings.code.tex 2019/02/02 v3.1.1 (3.1.1)
))) (/usr/share/texlive/texmf-dist/tex/latex/tools/multicol.sty
Package: multicol 2018/12/27 v1.8v multicolumn formatting (FMi)
\c@tracingmulticols=\count113
\mult@box=\box46
\multicol@leftmargin=\dimen151
\c@unbalance=\count114
\c@collectmore=\count115
\doublecol@number=\count116
\multicoltolerance=\count117
\multicolpretolerance=\count118
\full@width=\dimen152
\page@free=\dimen153
\premulticols=\dimen154
\postmulticols=\dimen155
\multicolsep=\skip44
\multicolbaselineskip=\skip45
\partial@page=\box47
\last@line=\box48
\maxbalancingoverflow=\dimen156
\mult@rightbox=\box49
\mult@grightbox=\box50
\mult@gfirstbox=\box51
\mult@firstbox=\box52
\@tempa=\box53
\@tempa=\box54
\@tempa=\box55
\@tempa=\box56
\@tempa=\box57
\@tempa=\box58
\@tempa=\box59
\@tempa=\box60
\@tempa=\box61
\@tempa=\box62
\@tempa=\box63
\@tempa=\box64
\@tempa=\box65
\@tempa=\box66
\@tempa=\box67
\@tempa=\box68
\@tempa=\box69
\c@columnbadness=\count119
\c@finalcolumnbadness=\count120
\last@try=\dimen157
\multicolovershoot=\dimen158
\multicolundershoot=\dimen159
\mult@nat@firstbox=\box70
\colbreak@box=\box71
\mc@col@check@num=\count121
)
(/usr/share/texlive/texmf-dist/tex/latex/tocloft/tocloft.sty
Package: tocloft 2017/08/31 v2.3i parameterised ToC, etc., typesetting
Package tocloft Info: The document has chapter divisions on input line 51.
\cftparskip=\skip46
\cftbeforetoctitleskip=\skip47
\cftaftertoctitleskip=\skip48
\cftbeforepartskip=\skip49
\cftpartnumwidth=\skip50
\cftpartindent=\skip51
\cftbeforechapskip=\skip52
\cftchapindent=\skip53
\cftchapnumwidth=\skip54
\cftbeforesecskip=\skip55
\cftsecindent=\skip56
\cftsecnumwidth=\skip57
\cftbeforesubsecskip=\skip58
\cftsubsecindent=\skip59
\cftsubsecnumwidth=\skip60
\cftbeforesubsubsecskip=\skip61
\cftsubsubsecindent=\skip62
\cftsubsubsecnumwidth=\skip63
\cftbeforeparaskip=\skip64
\cftparaindent=\skip65
\cftparanumwidth=\skip66
\cftbeforesubparaskip=\skip67
\cftsubparaindent=\skip68
\cftsubparanumwidth=\skip69
\cftbeforeloftitleskip=\skip70
\cftafterloftitleskip=\skip71
\cftbeforefigskip=\skip72
\cftfigindent=\skip73
\cftfignumwidth=\skip74
\c@lofdepth=\count122
\c@lotdepth=\count123
\cftbeforelottitleskip=\skip75
\cftafterlottitleskip=\skip76
\cftbeforetabskip=\skip77
\cfttabindent=\skip78
\cfttabnumwidth=\skip79
)
(/usr/share/texmf/tex/latex/lm/lmodern.sty
Package: lmodern 2009/10/30 v1.6 Latin Modern Fonts
LaTeX Font Info:    Overwriting symbol font `operators' in version `normal'
(Font)                  OT1/cmr/m/n --> OT1/lmr/m/n on input line 22.
LaTeX Font Info:    Overwriting symbol font `letters' in version `normal'
(Font)                  OML/cmm/m/it --> OML/lmm/m/it on input line 23.
LaTeX Font Info:    Overwriting symbol font `symbols' in version `normal'
(Font)                  OMS/cmsy/m/n --> OMS/lmsy/m/n on input line 24.
LaTeX Font Info:    Overwriting symbol font `largesymbols' in version `normal'
(Font)                  OMX/cmex/m/n --> OMX/lmex/m/n on input line 25.
LaTeX Font Info:    Overwriting symbol font `operators' in version `bold'
(Font)                  OT1/cmr/bx/n --> OT1/lmr/bx/n on input line 26.
LaTeX Font Info:    Overwriting symbol font `letters' in version `bold'
(Font)                  OML/cmm/b/it --> OML/lmm/b/it on input line 27.
LaTeX Font Info:    Overwriting symbol font `symbols' in version `bold'
(Font)                  OMS/cmsy/b/n --> OMS/lmsy/b/n on input line 28.
LaTeX Font Info:    Overwriting symbol font `largesymbols' in version `bold'
(Font)                  OMX/cmex/m/n --> OMX/lmex/m/n on input line 29.
LaTeX Font Info:    Overwriting math alphabet `\mathbf' in version `normal'
(Font)                  OT1/cmr/bx/n --> OT1/lmr/bx/n on input line 31.
LaTeX Font Info:    Overwriting math alphabet `\mathsf' in version `normal'
(Font)                  OT1/cmss/m/n --> OT1/lmss/m/n on input line 32.
LaTeX Font Info:    Overwriting math alphabet `\mathit' in version `normal'
(Font)                  OT1/cmr/m/it --> OT1/lmr/m/it on input line 33.
LaTeX Font Info:    Overwriting math alphabet `\mathtt' in version `normal'
(Font)                  OT1/cmtt/m/n --> OT1/lmtt/m/n on input line 34.
LaTeX Font Info:    Overwriting math alphabet `\mathbf' in version `bold'
(Font)                  OT1/cmr/bx/n --> OT1/lmr/bx/n on input line 35.
LaTeX Font Info:    Overwriting math alphabet `\mathsf' in version `bold'
(Font)                  OT1/cmss/bx/n --> OT1/lmss/bx/n on input line 36.
LaTeX Font Info:    Overwriting math alphabet `\mathit' in version `bold'
(Font)                  OT1/cmr/bx/it --> OT1/lmr/bx/it on input line 37.
LaTeX Font Info:    Overwriting math alphabet `\mathtt' in version `bold'
(Font)                  OT1/cmtt/m/n --> OT1/lmtt/m/n on input line 38.
)
(/usr/share/texlive/texmf-dist/tex/latex/caption/caption.sty
Package: caption 2018/10/06 v3.3-154 Customizing captions (AR)

(/usr/share/texlive/texmf-dist/tex/latex/caption/caption3.sty
Package: caption3 2018/09/12 v1.8c caption3 kernel (AR)
Package caption3 Info: TeX engine: e-TeX on input line 64.
\captionmargin=\dimen160
\captionmargin@=\dimen161
\captionwidth=\dimen162
\caption@tempdima=\dimen163
\caption@indent=\dimen164
\caption@parindent=\dimen165
\caption@hangindent=\dimen166
)
\c@caption@flags=\count124
\c@ContinuedFloat=\count125
)
(/usr/share/texlive/texmf-dist/tex/latex/base/inputenc.sty
Package: inputenc 2018/08/11 v1.3c Input encoding file
\inpenc@prehook=\toks30
\inpenc@posthook=\toks31
)
(/usr/share/texlive/texmf-dist/tex/latex/base/fontenc.sty
Package: fontenc 2018/08/11 v2.0j Standard LaTeX package

(/usr/share/texlive/texmf-dist/tex/latex/base/t1enc.def
File: t1enc.def 2018/08/11 v2.0j Standard LaTeX file
LaTeX Font Info:    Redeclaring font encoding T1 on input line 48.
))
(/usr/share/texlive/texmf-dist/tex/latex/setspace/setspace.sty
Package: setspace 2011/12/19 v6.7a set line spacing
)
(/usr/share/texlive/texmf-dist/tex/latex/geometry/geometry.sty
Package: geometry 2018/04/16 v5.8 Page Geometry

(/usr/share/texlive/texmf-dist/tex/generic/oberdiek/ifpdf.sty
Package: ifpdf 2018/09/07 v3.3 Provides the ifpdf switch
)
(/usr/share/texlive/texmf-dist/tex/generic/oberdiek/ifvtex.sty
Package: ifvtex 2016/05/16 v1.6 Detect VTeX and its facilities (HO)
Package ifvtex Info: VTeX not detected.
)
(/usr/share/texlive/texmf-dist/tex/generic/ifxetex/ifxetex.sty
Package: ifxetex 2010/09/12 v0.6 Provides ifxetex conditional
)
\Gm@cnth=\count126
\Gm@cntv=\count127
\c@Gm@tempcnt=\count128
\Gm@bindingoffset=\dimen167
\Gm@wd@mp=\dimen168
\Gm@odd@mp=\dimen169
\Gm@even@mp=\dimen170
\Gm@layoutwidth=\dimen171
\Gm@layoutheight=\dimen172
\Gm@layouthoffset=\dimen173
\Gm@layoutvoffset=\dimen174
\Gm@dimlist=\toks32
)
(/usr/share/texlive/texmf-dist/tex/latex/booktabs/booktabs.sty
Package: booktabs 2016/04/27 v1.618033 publication quality tables
\heavyrulewidth=\dimen175
\lightrulewidth=\dimen176
\cmidrulewidth=\dimen177
\belowrulesep=\dimen178
\belowbottomsep=\dimen179
\aboverulesep=\dimen180
\abovetopsep=\dimen181
\cmidrulesep=\dimen182
\cmidrulekern=\dimen183
\defaultaddspace=\dimen184
\@cmidla=\count129
\@cmidlb=\count130
\@aboverulesep=\dimen185
\@belowrulesep=\dimen186
\@thisruleclass=\count131
\@lastruleclass=\count132
\@thisrulewidth=\dimen187
)
(/usr/share/texlive/texmf-dist/tex/latex/url/url.sty
\Urlmuskip=\muskip10
Package: url 2013/09/16  ver 3.4  Verb mode for urls, etc.
)
(/usr/share/texlive/texmf-dist/tex/generic/babel/babel.sty
Package: babel 2018/11/13 3.27 The Babel package

(/usr/share/texlive/texmf-dist/tex/generic/babel/switch.def
File: switch.def 2018/11/13 3.27 Babel switching mechanism
)
(/usr/share/texlive/texmf-dist/tex/generic/babel-italian/italian.ldf
Language: italian 2019/01/05 v.1.4.01 Italian support for the babel system

(/usr/share/texlive/texmf-dist/tex/generic/babel/babel.def
File: babel.def 2018/11/13 3.27 Babel common definitions
\babel@savecnt=\count133
\U@D=\dimen188

(/usr/share/texlive/texmf-dist/tex/generic/babel/txtbabel.def)
\bbl@dirlevel=\count134
)
\it@lettering=\count135
\it@doublequoteactive=\count136
\it@ISOcompliance=\count137
))
(/usr/share/texlive/texmf-dist/tex/generic/ulem/ulem.sty
\UL@box=\box72
\UL@hyphenbox=\box73
\UL@skip=\skip80
\UL@hook=\toks33
\UL@height=\dimen189
\UL@pe=\count138
\UL@pixel=\dimen190
\ULC@box=\box74
Package: ulem 2012/05/18
\ULdepth=\dimen191
)
(/usr/share/texlive/texmf-dist/tex/latex/base/makeidx.sty
Package: makeidx 2014/09/29 v1.0m Standard LaTeX package
)
(/usr/share/texlive/texmf-dist/tex/latex/multirow/multirow.sty
Package: multirow 2019/01/01 v2.4 Span multiple rows of a table
\multirow@colwidth=\skip81
\multirow@cntb=\count139
\multirow@dima=\skip82
\bigstrutjot=\dimen192
)
(/usr/share/texlive/texmf-dist/tex/latex/titlesec/titlesec.sty
Package: titlesec 2016/03/21 v2.10.2 Sectioning titles
\ttl@box=\box75
\beforetitleunit=\skip83
\aftertitleunit=\skip84
\ttl@plus=\dimen193
\ttl@minus=\dimen194
\ttl@toksa=\toks34
\titlewidth=\dimen195
\titlewidthlast=\dimen196
\titlewidthfirst=\dimen197
)
(/usr/share/texlive/texmf-dist/tex/latex/base/textcomp.sty
Package: textcomp 2018/08/11 v2.0j Standard LaTeX package
Package textcomp Info: Sub-encoding information:
(textcomp)               5 = only ISO-Adobe without \textcurrency
(textcomp)               4 = 5 + \texteuro
(textcomp)               3 = 4 + \textohm
(textcomp)               2 = 3 + \textestimated + \textcurrency
(textcomp)               1 = TS1 - \textcircled - \t
(textcomp)               0 = TS1 (full)
(textcomp)             Font families with sub-encoding setting implement
(textcomp)             only a restricted character set as indicated.
(textcomp)             Family '?' is the default used for unknown fonts.
(textcomp)             See the documentation for details.
Package textcomp Info: Setting ? sub-encoding to TS1/1 on input line 79.

(/usr/share/texlive/texmf-dist/tex/latex/base/ts1enc.def
File: ts1enc.def 2001/06/05 v3.0e (jk/car/fm) Standard LaTeX file
Now handling font encoding TS1 ...
... processing UTF-8 mapping file for font encoding TS1

(/usr/share/texlive/texmf-dist/tex/latex/base/ts1enc.dfu
File: ts1enc.dfu 2018/10/05 v1.2f UTF-8 support for inputenc
   defining Unicode char U+00A2 (decimal 162)
   defining Unicode char U+00A3 (decimal 163)
   defining Unicode char U+00A4 (decimal 164)
   defining Unicode char U+00A5 (decimal 165)
   defining Unicode char U+00A6 (decimal 166)
   defining Unicode char U+00A7 (decimal 167)
   defining Unicode char U+00A8 (decimal 168)
   defining Unicode char U+00A9 (decimal 169)
   defining Unicode char U+00AA (decimal 170)
   defining Unicode char U+00AC (decimal 172)
   defining Unicode char U+00AE (decimal 174)
   defining Unicode char U+00AF (decimal 175)
   defining Unicode char U+00B0 (decimal 176)
   defining Unicode char U+00B1 (decimal 177)
   defining Unicode char U+00B2 (decimal 178)
   defining Unicode char U+00B3 (decimal 179)
   defining Unicode char U+00B4 (decimal 180)
   defining Unicode char U+00B5 (decimal 181)
   defining Unicode char U+00B6 (decimal 182)
   defining Unicode char U+00B7 (decimal 183)
   defining Unicode char U+00B9 (decimal 185)
   defining Unicode char U+00BA (decimal 186)
   defining Unicode char U+00BC (decimal 188)
   defining Unicode char U+00BD (decimal 189)
   defining Unicode char U+00BE (decimal 190)
   defining Unicode char U+00D7 (decimal 215)
   defining Unicode char U+00F7 (decimal 247)
   defining Unicode char U+0192 (decimal 402)
   defining Unicode char U+02C7 (decimal 711)
   defining Unicode char U+02D8 (decimal 728)
   defining Unicode char U+02DD (decimal 733)
   defining Unicode char U+0E3F (decimal 3647)
   defining Unicode char U+2016 (decimal 8214)
   defining Unicode char U+2020 (decimal 8224)
   defining Unicode char U+2021 (decimal 8225)
   defining Unicode char U+2022 (decimal 8226)
   defining Unicode char U+2030 (decimal 8240)
   defining Unicode char U+2031 (decimal 8241)
   defining Unicode char U+203B (decimal 8251)
   defining Unicode char U+203D (decimal 8253)
   defining Unicode char U+2044 (decimal 8260)
   defining Unicode char U+204E (decimal 8270)
   defining Unicode char U+2052 (decimal 8274)
   defining Unicode char U+20A1 (decimal 8353)
   defining Unicode char U+20A4 (decimal 8356)
   defining Unicode char U+20A6 (decimal 8358)
   defining Unicode char U+20A9 (decimal 8361)
   defining Unicode char U+20AB (decimal 8363)
   defining Unicode char U+20AC (decimal 8364)
   defining Unicode char U+20B1 (decimal 8369)
   defining Unicode char U+2103 (decimal 8451)
   defining Unicode char U+2116 (decimal 8470)
   defining Unicode char U+2117 (decimal 8471)
   defining Unicode char U+211E (decimal 8478)
   defining Unicode char U+2120 (decimal 8480)
   defining Unicode char U+2122 (decimal 8482)
   defining Unicode char U+2126 (decimal 8486)
   defining Unicode char U+2127 (decimal 8487)
   defining Unicode char U+212E (decimal 8494)
   defining Unicode char U+2190 (decimal 8592)
   defining Unicode char U+2191 (decimal 8593)
   defining Unicode char U+2192 (decimal 8594)
   defining Unicode char U+2193 (decimal 8595)
   defining Unicode char U+2329 (decimal 9001)
   defining Unicode char U+232A (decimal 9002)
   defining Unicode char U+2422 (decimal 9250)
   defining Unicode char U+25E6 (decimal 9702)
   defining Unicode char U+25EF (decimal 9711)
   defining Unicode char U+266A (decimal 9834)
   defining Unicode char U+FEFF (decimal 65279)
))
LaTeX Info: Redefining \oldstylenums on input line 334.
Package textcomp Info: Setting cmr sub-encoding to TS1/0 on input line 349.
Package textcomp Info: Setting cmss sub-encoding to TS1/0 on input line 350.
Package textcomp Info: Setting cmtt sub-encoding to TS1/0 on input line 351.
Package textcomp Info: Setting cmvtt sub-encoding to TS1/0 on input line 352.
Package textcomp Info: Setting cmbr sub-encoding to TS1/0 on input line 353.
Package textcomp Info: Setting cmtl sub-encoding to TS1/0 on input line 354.
Package textcomp Info: Setting ccr sub-encoding to TS1/0 on input line 355.
Package textcomp Info: Setting ptm sub-encoding to TS1/4 on input line 356.
Package textcomp Info: Setting pcr sub-encoding to TS1/4 on input line 357.
Package textcomp Info: Setting phv sub-encoding to TS1/4 on input line 358.
Package textcomp Info: Setting ppl sub-encoding to TS1/3 on input line 359.
Package textcomp Info: Setting pag sub-encoding to TS1/4 on input line 360.
Package textcomp Info: Setting pbk sub-encoding to TS1/4 on input line 361.
Package textcomp Info: Setting pnc sub-encoding to TS1/4 on input line 362.
Package textcomp Info: Setting pzc sub-encoding to TS1/4 on input line 363.
Package textcomp Info: Setting bch sub-encoding to TS1/4 on input line 364.
Package textcomp Info: Setting put sub-encoding to TS1/5 on input line 365.
Package textcomp Info: Setting uag sub-encoding to TS1/5 on input line 366.
Package textcomp Info: Setting ugq sub-encoding to TS1/5 on input line 367.
Package textcomp Info: Setting ul8 sub-encoding to TS1/4 on input line 368.
Package textcomp Info: Setting ul9 sub-encoding to TS1/4 on input line 369.
Package textcomp Info: Setting augie sub-encoding to TS1/5 on input line 370.
Package textcomp Info: Setting dayrom sub-encoding to TS1/3 on input line 371.
Package textcomp Info: Setting dayroms sub-encoding to TS1/3 on input line 372.

Package textcomp Info: Setting pxr sub-encoding to TS1/0 on input line 373.
Package textcomp Info: Setting pxss sub-encoding to TS1/0 on input line 374.
Package textcomp Info: Setting pxtt sub-encoding to TS1/0 on input line 375.
Package textcomp Info: Setting txr sub-encoding to TS1/0 on input line 376.
Package textcomp Info: Setting txss sub-encoding to TS1/0 on input line 377.
Package textcomp Info: Setting txtt sub-encoding to TS1/0 on input line 378.
Package textcomp Info: Setting lmr sub-encoding to TS1/0 on input line 379.
Package textcomp Info: Setting lmdh sub-encoding to TS1/0 on input line 380.
Package textcomp Info: Setting lmss sub-encoding to TS1/0 on input line 381.
Package textcomp Info: Setting lmssq sub-encoding to TS1/0 on input line 382.
Package textcomp Info: Setting lmvtt sub-encoding to TS1/0 on input line 383.
Package textcomp Info: Setting lmtt sub-encoding to TS1/0 on input line 384.
Package textcomp Info: Setting qhv sub-encoding to TS1/0 on input line 385.
Package textcomp Info: Setting qag sub-encoding to TS1/0 on input line 386.
Package textcomp Info: Setting qbk sub-encoding to TS1/0 on input line 387.
Package textcomp Info: Setting qcr sub-encoding to TS1/0 on input line 388.
Package textcomp Info: Setting qcs sub-encoding to TS1/0 on input line 389.
Package textcomp Info: Setting qpl sub-encoding to TS1/0 on input line 390.
Package textcomp Info: Setting qtm sub-encoding to TS1/0 on input line 391.
Package textcomp Info: Setting qzc sub-encoding to TS1/0 on input line 392.
Package textcomp Info: Setting qhvc sub-encoding to TS1/0 on input line 393.
Package textcomp Info: Setting futs sub-encoding to TS1/4 on input line 394.
Package textcomp Info: Setting futx sub-encoding to TS1/4 on input line 395.
Package textcomp Info: Setting futj sub-encoding to TS1/4 on input line 396.
Package textcomp Info: Setting hlh sub-encoding to TS1/3 on input line 397.
Package textcomp Info: Setting hls sub-encoding to TS1/3 on input line 398.
Package textcomp Info: Setting hlst sub-encoding to TS1/3 on input line 399.
Package textcomp Info: Setting hlct sub-encoding to TS1/5 on input line 400.
Package textcomp Info: Setting hlx sub-encoding to TS1/5 on input line 401.
Package textcomp Info: Setting hlce sub-encoding to TS1/5 on input line 402.
Package textcomp Info: Setting hlcn sub-encoding to TS1/5 on input line 403.
Package textcomp Info: Setting hlcw sub-encoding to TS1/5 on input line 404.
Package textcomp Info: Setting hlcf sub-encoding to TS1/5 on input line 405.
Package textcomp Info: Setting pplx sub-encoding to TS1/3 on input line 406.
Package textcomp Info: Setting pplj sub-encoding to TS1/3 on input line 407.
Package textcomp Info: Setting ptmx sub-encoding to TS1/4 on input line 408.
Package textcomp Info: Setting ptmj sub-encoding to TS1/4 on input line 409.
)
(/usr/share/texlive/texmf-dist/tex/latex/background/background.sty
Package: background 2014/03/04 v2.1 background material

(/usr/share/texlive/texmf-dist/tex/latex/xkeyval/xkeyval.sty
Package: xkeyval 2014/12/03 v2.7a package option processing (HA)

(/usr/share/texlive/texmf-dist/tex/generic/xkeyval/xkeyval.tex
(/usr/share/texlive/texmf-dist/tex/generic/xkeyval/xkvutils.tex
\XKV@toks=\toks35
\XKV@tempa@toks=\toks36
)
\XKV@depth=\count140
File: xkeyval.tex 2014/12/03 v2.7a key=value parser (HA)
))
(/usr/share/texlive/texmf-dist/tex/latex/everypage/everypage.sty
Package: everypage 2007/06/20 1.1 Hooks to run on every page
)
(/usr/share/texlive/texmf-dist/tex/latex/tools/afterpage.sty
Package: afterpage 2014/10/28 v1.08 After-Page Package (DPC)
\AP@output=\toks37
\AP@partial=\box76
\AP@footins=\box77
))
(/usr/share/texlive/texmf-dist/tex/latex/hyperref/hyperref.sty
Package: hyperref 2018/11/30 v6.88e Hypertext links for LaTeX

(/usr/share/texlive/texmf-dist/tex/generic/oberdiek/hobsub-hyperref.sty
Package: hobsub-hyperref 2016/05/16 v1.14 Bundle oberdiek, subset hyperref (HO)


(/usr/share/texlive/texmf-dist/tex/generic/oberdiek/hobsub-generic.sty
Package: hobsub-generic 2016/05/16 v1.14 Bundle oberdiek, subset generic (HO)
Package: hobsub 2016/05/16 v1.14 Construct package bundles (HO)
Package hobsub Info: Skipping package `infwarerr' (already loaded).
Package hobsub Info: Skipping package `ltxcmds' (already loaded).
Package hobsub Info: Skipping package `ifluatex' (already loaded).
Package hobsub Info: Skipping package `ifvtex' (already loaded).
Package: intcalc 2016/05/16 v1.2 Expandable calculations with integers (HO)
Package hobsub Info: Skipping package `ifpdf' (already loaded).
Package hobsub Info: Skipping package `etexcmds' (already loaded).
Package hobsub Info: Skipping package `kvsetkeys' (already loaded).
Package: kvdefinekeys 2016/05/16 v1.4 Define keys (HO)
Package: pdftexcmds 2018/09/10 v0.29 Utility functions of pdfTeX for LuaTeX (HO
)
Package pdftexcmds Info: LuaTeX not detected.
Package pdftexcmds Info: \pdf@primitive is available.
Package pdftexcmds Info: \pdf@ifprimitive is available.
Package pdftexcmds Info: \pdfdraftmode found.
Package: pdfescape 2016/05/16 v1.14 Implements pdfTeX's escape features (HO)
Package: bigintcalc 2016/05/16 v1.4 Expandable calculations on big integers (HO
)
Package: bitset 2016/05/16 v1.2 Handle bit-vector datatype (HO)
Package: uniquecounter 2016/05/16 v1.3 Provide unlimited unique counter (HO)
)
Package hobsub Info: Skipping package `hobsub' (already loaded).
Package: letltxmacro 2016/05/16 v1.5 Let assignment for LaTeX macros (HO)
Package: hopatch 2016/05/16 v1.3 Wrapper for package hooks (HO)
Package: xcolor-patch 2016/05/16 xcolor patch
Package: atveryend 2016/05/16 v1.9 Hooks at the very end of document (HO)
Package: atbegshi 2016/06/09 v1.18 At begin shipout hook (HO)
Package: refcount 2016/05/16 v3.5 Data extraction from label references (HO)
Package: hycolor 2016/05/16 v1.8 Color options for hyperref/bookmark (HO)
)
(/usr/share/texlive/texmf-dist/tex/latex/oberdiek/auxhook.sty
Package: auxhook 2016/05/16 v1.4 Hooks for auxiliary files (HO)
)
\@linkdim=\dimen198
\Hy@linkcounter=\count141
\Hy@pagecounter=\count142

(/usr/share/texlive/texmf-dist/tex/latex/hyperref/pd1enc.def
File: pd1enc.def 2018/11/30 v6.88e Hyperref: PDFDocEncoding definition (HO)
Now handling font encoding PD1 ...
... no UTF-8 mapping file for font encoding PD1
)
\Hy@SavedSpaceFactor=\count143

(/usr/share/texlive/texmf-dist/tex/latex/latexconfig/hyperref.cfg
File: hyperref.cfg 2002/06/06 v1.2 hyperref configuration of TeXLive
)
Package hyperref Info: Option `unicode' set `true' on input line 4393.

(/usr/share/texlive/texmf-dist/tex/latex/hyperref/puenc.def
File: puenc.def 2018/11/30 v6.88e Hyperref: PDF Unicode definition (HO)
Now handling font encoding PU ...
... no UTF-8 mapping file for font encoding PU
)
Package hyperref Info: Option `bookmarks' set `true' on input line 4393.
Package hyperref Info: Option `breaklinks' set `false' on input line 4393.
Package hyperref Info: Option `colorlinks' set `false' on input line 4393.
Package hyperref Info: Hyper figures OFF on input line 4519.
Package hyperref Info: Link nesting OFF on input line 4524.
Package hyperref Info: Hyper index ON on input line 4527.
Package hyperref Info: Plain pages OFF on input line 4534.
Package hyperref Info: Backreferencing ON on input line 4537.
Package hyperref Info: Implicit mode ON; LaTeX internals redefined.
Package hyperref Info: Bookmarks ON on input line 4772.

(/usr/share/texlive/texmf-dist/tex/latex/hyperref/backref.sty
Package: backref 2016/05/21 v1.39 Bibliographical back referencing

(/usr/share/texlive/texmf-dist/tex/latex/oberdiek/rerunfilecheck.sty
Package: rerunfilecheck 2016/05/16 v1.8 Rerun checks for auxiliary files (HO)
Package uniquecounter Info: New unique counter `rerunfilecheck' on input line 2
82.
))
\c@Hy@tempcnt=\count144
LaTeX Info: Redefining \url on input line 5125.
\XeTeXLinkMargin=\dimen199
\Fld@menulength=\count145
\Field@Width=\dimen256
\Fld@charsize=\dimen257
Package hyperref Info: Hyper figures OFF on input line 6380.
Package hyperref Info: Link nesting OFF on input line 6385.
Package hyperref Info: Hyper index ON on input line 6388.
Package hyperref Info: backreferencing ON on input line 6393.
Package hyperref Info: Link coloring OFF on input line 6400.
Package hyperref Info: Link coloring with OCG OFF on input line 6405.
Package hyperref Info: PDF/A mode OFF on input line 6410.
LaTeX Info: Redefining \ref on input line 6450.
LaTeX Info: Redefining \pageref on input line 6454.
\Hy@abspage=\count146
\c@Item=\count147
\c@Hfootnote=\count148
)
Package hyperref Info: Driver (autodetected): hpdftex.

(/usr/share/texlive/texmf-dist/tex/latex/hyperref/hpdftex.def
File: hpdftex.def 2018/11/30 v6.88e Hyperref driver for pdfTeX
\Fld@listcount=\count149
\c@bookmark@seq@number=\count150
\Hy@SectionHShift=\skip85
)
(/usr/share/texlive/texmf-dist/tex/latex/oberdiek/bookmark.sty
Package: bookmark 2016/05/17 v1.26 PDF bookmarks (HO)

(/usr/share/texlive/texmf-dist/tex/latex/oberdiek/bkm-pdftex.def
File: bkm-pdftex.def 2016/05/17 v1.26 bookmark driver for pdfTeX (HO)
\BKM@id=\count151
))
(/usr/share/texlive/texmf-dist/tex/latex/psnfss/palatino.sty
Package: palatino 2005/04/12 PSNFSS-v9.2a (SPQR) 
)
(/usr/share/texlive/texmf-dist/tex/latex/wrapfig/wrapfig.sty
\wrapoverhang=\dimen258
\WF@size=\dimen259
\c@WF@wrappedlines=\count152
\WF@box=\box78
\WF@everypar=\toks38
Package: wrapfig 2003/01/31  v 3.6
)
(/usr/share/texlive/texmf-dist/tex/latex/fancyhdr/fancyhdr.sty
Package: fancyhdr 2019/01/31 v3.10 Extensive control of page headers and footer
s
\f@nch@headwidth=\skip86
\f@nch@O@elh=\skip87
\f@nch@O@erh=\skip88
\f@nch@O@olh=\skip89
\f@nch@O@orh=\skip90
\f@nch@O@elf=\skip91
\f@nch@O@erf=\skip92
\f@nch@O@olf=\skip93
\f@nch@O@orf=\skip94
)
(/usr/share/texlive/texmf-dist/tex/latex/tcolorbox/tcbskins.code.tex
Library (tcolorbox): 'tcbskins.code.tex' version '4.15'
\tcb@waterbox=\box79
(/usr/share/texlive/texmf-dist/tex/latex/tcolorbox/tcbskinsjigsaw.code.tex
Library (tcolorbox): 'tcbskinsjigsaw.code.tex' version '4.15'
)) (/usr/share/texlive/texmf-dist/tex/latex/imakeidx/imakeidx.sty
Package: imakeidx 2016/10/15 v1.3e Package for typesetting indices in a synchro
nous mode
)
\"The Untitled Bell System"@idxfile=\write6
\openout6 = `"The Untitled Bell System.idx"'.


Writing index file "The Untitled Bell System".idx
(/usr/share/texlive/texmf-dist/tex/latex/lettrine/lettrine.sty
File: lettrine.sty 2018-08-28 v2.21 (Daniel Flipo)

(/usr/share/texlive/texmf-dist/tex/generic/minifp/minifp.sty
Package: minifp 2013/12/30 v0.96. Macros for real number operations and a stack
-based programing language.
\MFP@loopctr=\count153
)
\c@DefaultLines=\count154
\c@DefaultDepth=\count155
\DefaultFindent=\dimen260
\DefaultNindent=\dimen261
\DefaultSlope=\dimen262
\DiscardVskip=\dimen263
\L@lbox=\box80
\L@tbox=\box81
\c@L@lines=\count156
\c@L@depth=\count157
\L@Pindent=\dimen264
\L@Findent=\dimen265
\L@Nindent=\dimen266
\L@lraise=\dimen267
\L@first=\dimen268
\L@next=\dimen269
\L@slope=\dimen270
\L@height=\dimen271
\L@novskip=\dimen272
\L@target@ht=\dimen273
\L@target@dp=\dimen274
\L@target@tht=\dimen275
\LettrineWidth=\dimen276
\LettrineHeight=\dimen277
\LettrineDepth=\dimen278

Loading lettrine.cfg
(/usr/share/texlive/texmf-dist/tex/latex/lettrine/lettrine.cfg))
(/usr/share/texlive/texmf-dist/tex/latex/tools/tabularx.sty
Package: tabularx 2016/02/03 v2.11b `tabularx' package (DPC)

(/usr/share/texlive/texmf-dist/tex/latex/tools/array.sty
Package: array 2018/12/30 v2.4k Tabular extension package (FMi)
\col@sep=\dimen279
\ar@mcellbox=\box82
\extrarowheight=\dimen280
\NC@list=\toks39
\extratabsurround=\skip95
\backup@length=\skip96
\ar@cellbox=\box83
)
\TX@col@width=\dimen281
\TX@old@table=\dimen282
\TX@old@col=\dimen283
\TX@target=\dimen284
\TX@delta=\dimen285
\TX@cols=\count158
\TX@ftn=\toks40
)
(/usr/share/texlive/texmf-dist/tex/latex/tools/longtable.sty
Package: longtable 2014/10/28 v4.11 Multi-page Table package (DPC)+ FMi change
\LTleft=\skip97
\LTright=\skip98
\LTpre=\skip99
\LTpost=\skip100
\LTchunksize=\count159
\LTcapwidth=\dimen286
\LT@head=\box84
\LT@firsthead=\box85
\LT@foot=\box86
\LT@lastfoot=\box87
\LT@cols=\count160
\LT@rows=\count161
\c@LT@tables=\count162
\c@LT@chunks=\count163
\LT@p@ftn=\toks41
)
(/usr/share/texlive/texmf-dist/tex/latex/pdfpages/pdfpages.sty
Package: pdfpages 2017/10/31 v0.5l Insert pages of external PDF documents (AM)

(/usr/share/texlive/texmf-dist/tex/latex/base/ifthen.sty
Package: ifthen 2014/09/29 v1.1c Standard LaTeX ifthen package (DPC)
)
(/usr/share/texlive/texmf-dist/tex/latex/tools/calc.sty
Package: calc 2017/05/25 v4.3 Infix arithmetic (KKT,FJ)
\calc@Acount=\count164
\calc@Bcount=\count165
\calc@Adimen=\dimen287
\calc@Bdimen=\dimen288
\calc@Askip=\skip101
\calc@Bskip=\skip102
LaTeX Info: Redefining \setlength on input line 80.
LaTeX Info: Redefining \addtolength on input line 81.
\calc@Ccount=\count166
\calc@Cskip=\skip103
)
(/usr/share/texlive/texmf-dist/tex/latex/eso-pic/eso-pic.sty
Package: eso-pic 2018/04/12 v2.0h eso-pic (RN)
)
\AM@pagewidth=\dimen289
\AM@pageheight=\dimen290

(/usr/share/texlive/texmf-dist/tex/latex/pdfpages/pppdftex.def
File: pppdftex.def 2017/10/31 v0.5l Pdfpages driver for pdfTeX (AM)
)
\AM@pagebox=\box88
\AM@global@opts=\toks42
\AM@toc@title=\toks43
\c@AM@survey=\count167
\AM@templatesizebox=\box89
)
(./The Untitled Bell System.aux (./esempi-magie.aux)
(./DBS-monstruos-chapter.aux))
\openout1 = `"The Untitled Bell System.aux"'.

LaTeX Font Info:    Checking defaults for OML/cmm/m/it on input line 121.
LaTeX Font Info:    ... okay on input line 121.
LaTeX Font Info:    Checking defaults for T1/cmr/m/n on input line 121.
LaTeX Font Info:    ... okay on input line 121.
LaTeX Font Info:    Checking defaults for OT1/cmr/m/n on input line 121.
LaTeX Font Info:    ... okay on input line 121.
LaTeX Font Info:    Checking defaults for OMS/cmsy/m/n on input line 121.
LaTeX Font Info:    ... okay on input line 121.
LaTeX Font Info:    Checking defaults for OMX/cmex/m/n on input line 121.
LaTeX Font Info:    ... okay on input line 121.
LaTeX Font Info:    Checking defaults for U/cmr/m/n on input line 121.
LaTeX Font Info:    ... okay on input line 121.
LaTeX Font Info:    Checking defaults for TS1/cmr/m/n on input line 121.
LaTeX Font Info:    Try loading font information for TS1+cmr on input line 121.


(/usr/share/texlive/texmf-dist/tex/latex/base/ts1cmr.fd
File: ts1cmr.fd 2014/09/29 v2.5h Standard LaTeX font definitions
)
LaTeX Font Info:    ... okay on input line 121.
LaTeX Font Info:    Checking defaults for PD1/pdf/m/n on input line 121.
LaTeX Font Info:    ... okay on input line 121.
LaTeX Font Info:    Checking defaults for PU/pdf/m/n on input line 121.
LaTeX Font Info:    ... okay on input line 121.
LaTeX Font Info:    Try loading font information for T1+ppl on input line 121.

(/usr/share/texlive/texmf-dist/tex/latex/psnfss/t1ppl.fd
File: t1ppl.fd 2001/06/04 font definitions for T1/ppl.
)
ABD: EveryShipout initializing macros
(/usr/share/texlive/texmf-dist/tex/context/base/mkii/supp-pdf.mkii
[Loading MPS to PDF converter (version 2006.09.02).]
\scratchcounter=\count168
\scratchdimen=\dimen291
\scratchbox=\box90
\nofMPsegments=\count169
\nofMParguments=\count170
\everyMPshowfont=\toks44
\MPscratchCnt=\count171
\MPscratchDim=\dimen292
\MPnumerator=\count172
\makeMPintoPDFobject=\count173
\everyMPtoPDFconversion=\toks45
) (/usr/share/texlive/texmf-dist/tex/latex/oberdiek/epstopdf-base.sty
Package: epstopdf-base 2016/05/15 v2.6 Base part for package epstopdf

(/usr/share/texlive/texmf-dist/tex/latex/oberdiek/grfext.sty
Package: grfext 2016/05/16 v1.2 Manage graphics extensions (HO)
)
Package epstopdf-base Info: Redefining graphics rule for `.eps' on input line 4
38.
Package grfext Info: Graphics extension search list:
(grfext)             [.pdf,.png,.jpg,.mps,.jpeg,.jbig2,.jb2,.PDF,.PNG,.JPG,.JPE
G,.JBIG2,.JB2,.eps]
(grfext)             \AppendGraphicsExtensions on input line 456.

(/usr/share/texlive/texmf-dist/tex/latex/latexconfig/epstopdf-sys.cfg
File: epstopdf-sys.cfg 2010/07/13 v1.3 Configuration of (r)epstopdf for TeX Liv
e
))
Package caption Info: Begin \AtBeginDocument code.
Package caption Info: hyperref package is loaded.
Package caption Info: longtable package is loaded.

(/usr/share/texlive/texmf-dist/tex/latex/caption/ltcaption.sty
Package: ltcaption 2018/08/26 v1.4-95 longtable captions (AR)
)
Package caption Info: wrapfig package is loaded.
Package caption Info: End \AtBeginDocument code.

*geometry* driver: auto-detecting
*geometry* detected driver: pdftex

Package geometry Warning: The marginal notes overrun the paper.
     Add 56.0945pt and more to the right margin.

*geometry* verbose mode - [ preamble ] result:
* driver: pdftex
* paper: a4paper
* layout: <same size as paper>
* layoutoffset:(h,v)=(0.0pt,0.0pt)
* modes: twoside 
* h-part:(L,W,R)=(42.67912pt, 497.92325pt, 56.9055pt)
* v-part:(T,H,B)=(56.9055pt, 717.00946pt, 71.13188pt)
* \paperwidth=597.50787pt
* \paperheight=845.04684pt
* \textwidth=497.92325pt
* \textheight=717.00946pt
* \oddsidemargin=-29.59087pt
* \evensidemargin=-15.36449pt
* \topmargin=-47.23828pt
* \headheight=12.0pt
* \headsep=19.8738pt
* \topskip=11.0pt
* \footskip=27.46295pt
* \marginparwidth=106.0pt
* \marginparsep=7.0pt
* \columnsep=10.0pt
* \skip\footins=10.0pt plus 4.0pt minus 2.0pt
* \hoffset=0.0pt
* \voffset=0.0pt
* \mag=1000
* \@twocolumnfalse
* \@twosidetrue
* \@mparswitchtrue
* \@reversemarginfalse
* (1in=72.27pt=25.4mm, 1cm=28.453pt)

LaTeX Info: Redefining \it@ocap on input line 121.
LaTeX Info: Redefining \it@ccap on input line 121.
\AtBeginShipoutBox=\box91
Package hyperref Info: Link coloring OFF on input line 121.
(/usr/share/texlive/texmf-dist/tex/latex/hyperref/nameref.sty
Package: nameref 2016/05/21 v2.44 Cross-referencing by name of section

(/usr/share/texlive/texmf-dist/tex/generic/oberdiek/gettitlestring.sty
Package: gettitlestring 2016/05/16 v1.5 Cleanup title references (HO)
)
\c@section@level=\count174
)
LaTeX Info: Redefining \ref on input line 121.
LaTeX Info: Redefining \pageref on input line 121.
LaTeX Info: Redefining \nameref on input line 121.

(/usr/share/texlive/texmf-dist/tex/latex/oberdiek/pdflscape.sty
Package: pdflscape 2016/05/14 v0.11 Display of landscape pages in PDF (HO)

(/usr/share/texlive/texmf-dist/tex/latex/graphics/lscape.sty
Package: lscape 2000/10/22 v3.01 Landscape Pages (DPC)
)
Package pdflscape Info: Auto-detected driver: pdftex on input line 81.
)
LaTeX Font Info:    Try loading font information for OT1+lmr on input line 128.


(/usr/share/texmf/tex/latex/lm/ot1lmr.fd
File: ot1lmr.fd 2009/10/30 v1.6 Font defs for Latin Modern
)
LaTeX Font Info:    Try loading font information for OML+lmm on input line 128.


(/usr/share/texmf/tex/latex/lm/omllmm.fd
File: omllmm.fd 2009/10/30 v1.6 Font defs for Latin Modern
)
LaTeX Font Info:    Try loading font information for OMS+lmsy on input line 128
.

(/usr/share/texmf/tex/latex/lm/omslmsy.fd
File: omslmsy.fd 2009/10/30 v1.6 Font defs for Latin Modern
)
LaTeX Font Info:    Try loading font information for OMX+lmex on input line 128
.

(/usr/share/texmf/tex/latex/lm/omxlmex.fd
File: omxlmex.fd 2009/10/30 v1.6 Font defs for Latin Modern
)
LaTeX Font Info:    External font `lmex10' loaded for size
(Font)              <12> on input line 128.
LaTeX Font Info:    External font `lmex10' loaded for size
(Font)              <8> on input line 128.
LaTeX Font Info:    External font `lmex10' loaded for size
(Font)              <6> on input line 128.
LaTeX Font Info:    Font shape `T1/ppl/bx/n' in size <12> not available
(Font)              Font shape `T1/ppl/b/n' tried instead on input line 128.
Package pdftex.def Info: Option `bb' equivalent to `viewport' with pdftex drive
r on input line 128.
<copertina.png, id=31, 1152.305pt x 638.385pt>
File: copertina.png Graphic file (type png)
<use copertina.png>
Package pdftex.def Info: copertina.png  used on input line 128.
(pdftex.def)             Requested size: 495.14862pt x 274.27682pt.
 [1


{/var/lib/texmf/fonts/map/pdftex/updmap/pdftex.map} <./copertina.png (PNG copy)
>] [2] [3]
LaTeX Font Info:    Font shape `T1/ppl/bx/n' in size <24.88> not available
(Font)              Font shape `T1/ppl/b/n' tried instead on input line 146.

(./The Untitled Bell System.toc
LaTeX Font Info:    External font `lmex10' loaded for size
(Font)              <10.95> on input line 3.
 [0]pdfTeX warning (ext4): destination with the same identifier (name{page.1}) 
has been already used, duplicate ignored
<to be read again> 
                   \relax 
l.183 ... morte la tua morte}{74}{subsection*.181}
                                                  % [1]
Underfull \hbox (badness 8075) in paragraph at lines 251--251
 [][] []\T1/ppl/m/n/10.95 Re-si-ste-re al-l'Es-sen-za (Ti-ro 
 []

pdfTeX warning (ext4): destination with the same identifier (name{page.2}) has 
been already used, duplicate ignored
<to be read again> 
                   \relax 
l.276 ... {section}{Cosmologia}{135}{section*.274}
                                                  % [2]pdfTeX warning (ext4): d
estination with the same identifier (name{page.3}) has been already used, dupli
cate ignored
<to be read again> 
                   \relax 
l.378 ...section}{Nebbia}{218}{subsubsection*.376}
                                                  % [3]
Underfull \hbox (badness 5519) in paragraph at lines 401--401
 [][] []\T1/ppl/m/n/10.95 Ca-pa-ci-t di Ca-ri-co e Tra-spor-to: 
 []


Underfull \hbox (badness 5548) in paragraph at lines 445--445
 [][] []\T1/ppl/m/n/10.95 Ta-bel-la: Ca-pa-ci-t Spe-cia-li del-le 
 []

[4]
Underfull \hbox (badness 6978) in paragraph at lines 519--519
 [][] []\T1/ppl/m/n/10.95 At-tac-chi da Mi-schia e a 
 []


Underfull \hbox (badness 10000) in paragraph at lines 552--552
 [][] []\T1/ppl/m/n/10.95 Ad-den-dum: Per-so-nag-gi 
 []

[5]
LaTeX Font Info:    Font shape `T1/ppl/bx/n' in size <10.95> not available
(Font)              Font shape `T1/ppl/b/n' tried instead on input line 584.
)
\tf@toc=\write7
\openout7 = `"The Untitled Bell System.toc"'.

 [6]
LaTeX Font Info:    Font shape `T1/ppl/bx/n' in size <20.74> not available
(Font)              Font shape `T1/ppl/b/n' tried instead on input line 151.
LaTeX Font Info:    Font shape `T1/ppl/bx/sc' in size <20.74> not available
(Font)              Font shape `T1/ppl/b/sc' tried instead on input line 151.
 [7] [8]
LaTeX Font Info:    Font shape `T1/ppl/bx/sc' in size <12> not available
(Font)              Font shape `T1/ppl/b/sc' tried instead on input line 229.
 [9] [10] [11] [12] [13] [14] [15] [16] [17] [18] [19]
LaTeX Font Info:    Try loading font information for TS1+ppl on input line 751.


(/usr/share/texlive/texmf-dist/tex/latex/psnfss/ts1ppl.fd
File: ts1ppl.fd 2001/06/04 font definitions for TS1/ppl.
) [20]
Underfull \hbox (badness 10000) in paragraph at lines 784--785

 []


Underfull \hbox (badness 10000) in paragraph at lines 786--787

 []


Underfull \hbox (badness 10000) in paragraph at lines 798--800

 []


Underfull \hbox (badness 10000) in paragraph at lines 798--800

 []

[21] [22] [23]
Underfull \hbox (badness 10000) in paragraph at lines 894--895

 []


Underfull \hbox (badness 10000) in paragraph at lines 896--897

 []


Underfull \hbox (badness 10000) in paragraph at lines 898--899

 []


Underfull \hbox (badness 10000) in paragraph at lines 900--901

 []


Underfull \hbox (badness 10000) in paragraph at lines 902--903

 []


Underfull \hbox (badness 10000) in paragraph at lines 904--905

 []


Underfull \hbox (badness 10000) in paragraph at lines 906--907

 []

LaTeX Font Info:    Font shape `T1/ppl/bx/sc' in size <10.95> not available
(Font)              Font shape `T1/ppl/b/sc' tried instead on input line 909.

Underfull \hbox (badness 10000) in paragraph at lines 911--912

 []


Underfull \hbox (badness 10000) in paragraph at lines 913--914

 []

[24]
Underfull \hbox (badness 10000) in paragraph at lines 915--916

 []


Underfull \hbox (badness 10000) in paragraph at lines 917--918

 []


Underfull \hbox (badness 10000) in paragraph at lines 921--922

 []


Underfull \hbox (badness 10000) in paragraph at lines 923--924

 []


Underfull \hbox (badness 10000) in paragraph at lines 925--926

 []


Underfull \hbox (badness 10000) in paragraph at lines 927--928

 []


Underfull \hbox (badness 10000) in paragraph at lines 931--932

 []


Underfull \hbox (badness 10000) in paragraph at lines 946--947

 []

[25]
Underfull \hbox (badness 10000) in paragraph at lines 948--949

 []


Underfull \hbox (badness 10000) in paragraph at lines 951--952

 []


Underfull \hbox (badness 10000) in paragraph at lines 953--955

 []


Underfull \hbox (badness 10000) in paragraph at lines 956--957

 []


Underfull \hbox (badness 10000) in paragraph at lines 958--959

 []


Underfull \hbox (badness 10000) in paragraph at lines 960--961

 []


Underfull \hbox (badness 10000) in paragraph at lines 963--964

 []


Underfull \hbox (badness 10000) in paragraph at lines 965--967

 []

[26]
Underfull \hbox (badness 10000) in paragraph at lines 968--969

 []


Underfull \hbox (badness 10000) in paragraph at lines 970--971

 []


Underfull \hbox (badness 10000) in paragraph at lines 972--973

 []


Underfull \hbox (badness 10000) in paragraph at lines 975--976

 []


Underfull \hbox (badness 10000) in paragraph at lines 977--979

 []


Underfull \hbox (badness 10000) in paragraph at lines 980--981

 []


Underfull \hbox (badness 10000) in paragraph at lines 982--983

 []


Underfull \hbox (badness 10000) in paragraph at lines 984--985

 []


Underfull \hbox (badness 10000) in paragraph at lines 988--989

 []

[27]
Underfull \hbox (badness 10000) in paragraph at lines 990--992

 []


Underfull \hbox (badness 10000) in paragraph at lines 993--994

 []


Underfull \hbox (badness 10000) in paragraph at lines 995--996

 []


Underfull \hbox (badness 10000) in paragraph at lines 997--998

 []


Underfull \hbox (badness 10000) in paragraph at lines 1001--1002

 []


Underfull \hbox (badness 10000) in paragraph at lines 1003--1005

 []


Underfull \hbox (badness 10000) in paragraph at lines 1006--1007

 []


Underfull \hbox (badness 10000) in paragraph at lines 1008--1009

 []


Underfull \hbox (badness 10000) in paragraph at lines 1010--1011

 []

[28]
Underfull \hbox (badness 10000) in paragraph at lines 1012--1013

 []


Underfull \hbox (badness 10000) in paragraph at lines 1016--1017

 []


Underfull \hbox (badness 10000) in paragraph at lines 1018--1020

 []


Underfull \hbox (badness 10000) in paragraph at lines 1021--1022

 []


Underfull \hbox (badness 10000) in paragraph at lines 1023--1024

 []


Underfull \hbox (badness 10000) in paragraph at lines 1026--1027

 []


Underfull \hbox (badness 10000) in paragraph at lines 1028--1030

 []


Underfull \hbox (badness 10000) in paragraph at lines 1031--1032

 []

[29]
Underfull \hbox (badness 10000) in paragraph at lines 1033--1034

 []


Underfull \hbox (badness 10000) in paragraph at lines 1035--1036

 []


Underfull \hbox (badness 10000) in paragraph at lines 1037--1038

 []


Underfull \hbox (badness 10000) in paragraph at lines 1039--1040

 []


Underfull \hbox (badness 10000) in paragraph at lines 1041--1042

 []


Underfull \hbox (badness 10000) in paragraph at lines 1045--1046

 []


Underfull \hbox (badness 10000) in paragraph at lines 1047--1049

 []


Underfull \hbox (badness 10000) in paragraph at lines 1050--1051

 []


Underfull \hbox (badness 10000) in paragraph at lines 1052--1053

 []


Underfull \hbox (badness 10000) in paragraph at lines 1054--1055

 []

[30]
Underfull \hbox (badness 10000) in paragraph at lines 1056--1057

 []


Underfull \hbox (badness 10000) in paragraph at lines 1060--1061

 []


Underfull \hbox (badness 10000) in paragraph at lines 1062--1064

 []


Underfull \hbox (badness 10000) in paragraph at lines 1065--1066

 []


Underfull \hbox (badness 10000) in paragraph at lines 1067--1068

 []


Underfull \hbox (badness 10000) in paragraph at lines 1071--1072

 []


Underfull \hbox (badness 10000) in paragraph at lines 1073--1074

 []

[31] [32]
Underfull \hbox (badness 10000) in paragraph at lines 1118--1120

 []

[33]
Underfull \hbox (badness 10000) in paragraph at lines 1166--1169

 []

[34] [35] [36] [37] [38] [39] [40] [41] [42] [43]
Underfull \hbox (badness 10000) in paragraph at lines 1655--1659

 []


Underfull \hbox (badness 10000) in paragraph at lines 1655--1659

 []


Underfull \hbox (badness 10000) in paragraph at lines 1655--1659

 []

[44]
Overfull \hbox (6.32147pt too wide) in paragraph at lines 1724--1749
[][] 
 []

[45] [46]
Underfull \hbox (badness 10000) in paragraph at lines 1827--1829

 []

[47] [48]
Underfull \hbox (badness 10000) in paragraph at lines 1875--1876

 []

[49] [50] [51] [52] [53] [54] [55] [56] [57] [58] [59] [60] [61] [62] [63]
[64] [65] [66] [67] [68] [69] [70] [71] [72] [73] [74] [75] [76] [77] [78]
[79] [80]
Underfull \hbox (badness 1990) in paragraph at lines 3476--3476
[]|\T1/ppl/m/n/10.95 Parlare con gli Ani-ma-li del-la Sua
 []

[81] [82] [83] [84]
Underfull \hbox (badness 10000) in paragraph at lines 3619--3620

 []


Underfull \hbox (badness 10000) in paragraph at lines 3625--3626

 []

[85] [86] [87]
Overfull \hbox (1.82932pt too wide) in paragraph at lines 3887--3887
[]|\T1/ppl/b/n/10.95 Obiettivo/AoE| 
 []


Overfull \hbox (3.04485pt too wide) in paragraph at lines 3887--3887
[]|\T1/ppl/b/n/10.95 Volume/Massa| 
 []


Underfull \hbox (badness 10000) in paragraph at lines 3887--3887
[]|\T1/ppl/b/n/10.95 Tempo
 []


Underfull \hbox (badness 10000) in paragraph at lines 3887--3887
\T1/ppl/b/n/10.95 di Lan-cio
 []


Overfull \hbox (5.46446pt too wide) in paragraph at lines 3887--3887
[]|\T1/ppl/m/n/10.95 Concentrazione
 []


Underfull \hbox (badness 6477) in paragraph at lines 3887--3887
[]|\T1/ppl/m/n/10.95 2 obiet-ti-vo -
 []


Underfull \hbox (badness 10000) in paragraph at lines 3887--3887
[]|\T1/ppl/m/n/10.95 3 obiet-ti-vi -
 []


Underfull \hbox (badness 10000) in paragraph at lines 3887--3887
[]|\T1/ppl/m/n/10.95 4 obiet-ti-vi -
 []


Underfull \hbox (badness 6542) in paragraph at lines 3887--3887
[]|\T1/ppl/m/n/10.95 6 tar-get - 8
 []


Underfull \hbox (badness 10000) in paragraph at lines 3887--3887
[]|\T1/ppl/m/n/10.95 7 obiet-ti-vi -
 []


Underfull \hbox (badness 10000) in paragraph at lines 3887--3887
[]|\T1/ppl/m/n/10.95 8 obiet-ti-vi -
 []


Underfull \hbox (badness 10000) in paragraph at lines 3887--3887
[]|\T1/ppl/m/n/10.95 9 obiet-ti-vi -
 []


Underfull \hbox (badness 3281) in paragraph at lines 3887--3887
[]|\T1/ppl/m/n/10.95 11 obiet-ti-vi -
 []


Underfull \hbox (badness 3281) in paragraph at lines 3887--3887
[]|\T1/ppl/m/n/10.95 13 obiet-ti-vi -
 []


Underfull \hbox (badness 3281) in paragraph at lines 3887--3887
[]|\T1/ppl/m/n/10.95 16 obiet-ti-vi -
 []


Underfull \hbox (badness 3281) in paragraph at lines 3887--3887
[]|\T1/ppl/m/n/10.95 20 obiet-ti-vi -
 []


Underfull \hbox (badness 3281) in paragraph at lines 3887--3887
[]|\T1/ppl/m/n/10.95 50 obiet-ti-vi -
 []


Underfull \hbox (badness 10000) in paragraph at lines 3887--3887
[]|\T1/ppl/m/n/10.95 una pic-co-la
 []


Underfull \hbox (badness 10000) in paragraph at lines 3887--3887
[]|\T1/ppl/m/n/10.95 una gran-de
 []


Underfull \hbox (badness 10000) in paragraph at lines 3887--3887
[]|\T1/ppl/m/n/10.95 una re-gio-ne
 []


Underfull \hbox (badness 10000) in paragraph at lines 3887--3887
[]|\T1/ppl/m/n/10.95 una re-gio-ne
 []

[88] [89] [90] [91] [92] [93] [94] [95] [96] [97] [98]
Overfull \hbox (7.5472pt too wide) in paragraph at lines 4409--4425
[][]  
 []

[99] [100] [101] [102] [103] [104] [105] [106] [107] [108] [109] [110] [111]
[112] [113]
Underfull \hbox (badness 4832) in paragraph at lines 5127--5127
[]|\T1/ppl/m/n/10.95 Il tar-get  fer-mo nel-la sua po-si-zio-ne, mas-si-mo 12 
CR non puo'
 []

[114] [115] [116] [117] [118] [119]
\openout2 = `esempi-magie.aux'.

 (./esempi-magie.tex) [120

] [121

] [122]
[123] [124] [125] [126] [127] [128] [129] [130] [131] [132] [133] [134]
[135] [136] [137]
Underfull \hbox (badness 10000) in paragraph at lines 6362--6365

 []

[138] [139] [140] [141] [142] [143] [144] [145] [146] [147] [148] [149]
[150] [151] [152] [153] [154] [155] [156] [157] [158] [159] [160] [161]
[162] [163] [164] [165] [166] [167]
<simboli-dei-antichi1.pdf, id=1991, 597.23125pt x 845.1575pt>
File: simboli-dei-antichi1.pdf Graphic file (type pdf)
<use simboli-dei-antichi1.pdf>
Package pdftex.def Info: simboli-dei-antichi1.pdf  used on input line 8338.
(pdftex.def)             Requested size: 597.22978pt x 845.15544pt.
File: simboli-dei-antichi1.pdf Graphic file (type pdf)
<use simboli-dei-antichi1.pdf>
Package pdftex.def Info: simboli-dei-antichi1.pdf  used on input line 8338.
(pdftex.def)             Requested size: 597.22978pt x 845.15544pt.
<simboli-dei-antichi1.pdf, id=1994, page=1, 597.23125pt x 845.1575pt>
File: simboli-dei-antichi1.pdf Graphic file (type pdf)
<use simboli-dei-antichi1.pdf, page 1>
Package pdftex.def Info: simboli-dei-antichi1.pdf , page1 used on input line 83
38.
(pdftex.def)             Requested size: 597.22978pt x 845.15544pt.
File: simboli-dei-antichi1.pdf Graphic file (type pdf)
<use simboli-dei-antichi1.pdf, page 1>
Package pdftex.def Info: simboli-dei-antichi1.pdf , page1 used on input line 83
38.
(pdftex.def)             Requested size: 567.36647pt x 802.89508pt.
 [168]
File: simboli-dei-antichi1.pdf Graphic file (type pdf)
<use simboli-dei-antichi1.pdf, page 1>
Package pdftex.def Info: simboli-dei-antichi1.pdf , page1 used on input line 83
38.
(pdftex.def)             Requested size: 567.36647pt x 802.89508pt.
File: simboli-dei-antichi1.pdf Graphic file (type pdf)
<use simboli-dei-antichi1.pdf, page 1>
Package pdftex.def Info: simboli-dei-antichi1.pdf , page1 used on input line 83
38.
(pdftex.def)             Requested size: 567.36647pt x 802.89508pt.
File: simboli-dei-antichi1.pdf Graphic file (type pdf)
<use simboli-dei-antichi1.pdf, page 1>
Package pdftex.def Info: simboli-dei-antichi1.pdf , page1 used on input line 83
38.
(pdftex.def)             Requested size: 567.36647pt x 802.89508pt.
 [169 <./simboli-dei-antichi1.pdf>]
<simboli-dei-antichi2.pdf, id=2005, 597.23125pt x 845.1575pt>
File: simboli-dei-antichi2.pdf Graphic file (type pdf)
<use simboli-dei-antichi2.pdf>
Package pdftex.def Info: simboli-dei-antichi2.pdf  used on input line 8340.
(pdftex.def)             Requested size: 597.22978pt x 845.15544pt.
File: simboli-dei-antichi2.pdf Graphic file (type pdf)
<use simboli-dei-antichi2.pdf>
Package pdftex.def Info: simboli-dei-antichi2.pdf  used on input line 8340.
(pdftex.def)             Requested size: 597.22978pt x 845.15544pt.
<simboli-dei-antichi2.pdf, id=2008, page=1, 597.23125pt x 845.1575pt>
File: simboli-dei-antichi2.pdf Graphic file (type pdf)
<use simboli-dei-antichi2.pdf, page 1>
Package pdftex.def Info: simboli-dei-antichi2.pdf , page1 used on input line 83
40.
(pdftex.def)             Requested size: 597.22978pt x 845.15544pt.
File: simboli-dei-antichi2.pdf Graphic file (type pdf)
<use simboli-dei-antichi2.pdf, page 1>
Package pdftex.def Info: simboli-dei-antichi2.pdf , page1 used on input line 83
40.
(pdftex.def)             Requested size: 567.36647pt x 802.89508pt.
File: simboli-dei-antichi2.pdf Graphic file (type pdf)
<use simboli-dei-antichi2.pdf, page 1>
Package pdftex.def Info: simboli-dei-antichi2.pdf , page1 used on input line 83
40.
(pdftex.def)             Requested size: 567.36647pt x 802.89508pt.
File: simboli-dei-antichi2.pdf Graphic file (type pdf)
<use simboli-dei-antichi2.pdf, page 1>
Package pdftex.def Info: simboli-dei-antichi2.pdf , page1 used on input line 83
40.
(pdftex.def)             Requested size: 567.36647pt x 802.89508pt.
File: simboli-dei-antichi2.pdf Graphic file (type pdf)
<use simboli-dei-antichi2.pdf, page 1>
Package pdftex.def Info: simboli-dei-antichi2.pdf , page1 used on input line 83
40.
(pdftex.def)             Requested size: 567.36647pt x 802.89508pt.

[170 <./simboli-dei-antichi2.pdf>] [171]
Underfull \hbox (badness 3179) in paragraph at lines 8457--8457
[]|\T1/ppl/b/n/10.95 Armi da Car-ce-rie-re\T1/ppl/m/n/10.95 , \T1/ppl/b/n/10.95
 Pal-le Ro-tan-ti\T1/ppl/m/n/10.95 ,
 []


Underfull \hbox (badness 4205) in paragraph at lines 8492--8492
[]|\T1/ppl/b/n/10.95 Armi Leg-ge-re\T1/ppl/m/n/10.95 , \T1/ppl/b/n/10.95 Ar-mi 
Ag-gra-zia-te\T1/ppl/m/n/10.95 ,
 []


Underfull \hbox (badness 4205) in paragraph at lines 8492--8492
[]|\T1/ppl/b/n/10.95 Armi Leg-ge-re\T1/ppl/m/n/10.95 , \T1/ppl/b/n/10.95 Ar-mi 
Ag-gra-zia-te\T1/ppl/m/n/10.95 ,
 []

[172] [173] [174]
Overfull \hbox (4.96167pt too wide) in paragraph at lines 8594--8594
[]|\T1/ppl/b/n/10.95 Costo| 
 []


Overfull \hbox (9.2103pt too wide) in paragraph at lines 8594--8594
[]|\T1/ppl/b/n/10.95 Difesa| 
 []


Overfull \hbox (4.97264pt too wide) in paragraph at lines 8594--8594
[]|\T1/ppl/b/n/10.95 Prove
 []


Underfull \hbox (badness 10000) in paragraph at lines 8594--8594
\T1/ppl/b/n/10.95 Agi-
 []


Overfull \hbox (4.97264pt too wide) in paragraph at lines 8594--8594
[]|\T1/ppl/b/n/10.95 Prove
 []


Overfull \hbox (1.01982pt too wide) in paragraph at lines 8594--8594
[]|\T1/ppl/b/n/10.95 Mov.| 
 []


Overfull \hbox (26.27007pt too wide) in paragraph at lines 8594--8594
[]|\T1/ppl/b/n/10.95 Ingombro| 
 []

[175] [176]
Overfull \hbox (27.44537pt too wide) in paragraph at lines 8640--8651
[]  
 []

[177]
Underfull \hbox (badness 10000) in paragraph at lines 8739--8739
[]|\T1/ppl/m/n/10.95 Serratura/lucchetto
 []


Underfull \hbox (badness 10000) in paragraph at lines 8739--8739
[]|\T1/ppl/m/n/10.95 Serratura/lucchetto
 []


Underfull \hbox (badness 1430) in paragraph at lines 8795--8795
[]|\T1/ppl/b/n/10.95 Cavalcature e re-la-ti-vo Equi-
 []


Underfull \hbox (badness 1430) in paragraph at lines 8795--8795
[]|\T1/ppl/b/n/10.95 Cavalcature e re-la-ti-vo Equi-
 []

[178]
Overfull \vbox (11.89008pt too high) has occurred while \output is active []


[179] [180] [181] [182] [183] [184] [185] [186] [187] [188] [189] [190]
[191] [192] [193] [194] [195] [196] [197] [198] [199] [200] [201] [202]
[203] [204] [205] [206] [207] [208] [209]
Underfull \hbox (badness 10000) in paragraph at lines 9847--9848

 []

[210] [211] [212] [213] [214] [215]
Underfull \hbox (badness 4673) in paragraph at lines 10124--10124
[]|\T1/ppl/b/n/10.95 Tempo At-mo-sfe-ri-
 []


Underfull \hbox (badness 10000) in paragraph at lines 10124--10124
[]|\T1/ppl/m/n/10.95 Ondata di Cal-do
 []


Underfull \hbox (badness 3271) in paragraph at lines 10124--10124
[]|\T1/ppl/m/n/10.95 Ondata di Fred-do
 []


Underfull \hbox (badness 10000) in paragraph at lines 10124--10124
[]|\T1/ppl/m/n/10.95 Ondata di Cal-do
 []


Underfull \hbox (badness 3271) in paragraph at lines 10124--10124
[]|\T1/ppl/m/n/10.95 Ondata di Fred-do
 []


Underfull \hbox (badness 10000) in paragraph at lines 10124--10124
[]|\T1/ppl/m/n/10.95 Precipitazioni
 []

[216] [217] [218] [219] [220] [221]
Overfull \hbox (22.75426pt too wide) in paragraph at lines 10363--10363
[]|\T1/ppl/b/n/10.95 Difesa| 
 []


Overfull \hbox (20.63016pt too wide) in paragraph at lines 10363--10363
[]|\T1/ppl/b/n/10.95 Quad\T1/ppl/m/n/10.95 .| 
 []

[222] [223] [224] [225] [226] [227] [228] [229] [230] [231] [232] [233]
Overfull \hbox (56.92099pt too wide) in alignment at lines 10739--10739
[][][][][][] 
 []

[234] [235] [236] [237] [238] [239] [240] [241] [242] [243] [244] [245]
[246] [247] [248] [249] [250] [251] [252] [253]
Underfull \hbox (badness 2042) in paragraph at lines 11648--11648
[]|\T1/ppl/m/n/10.95 -1d3 Po-ten-za e Agi-li-t,
 []


Underfull \hbox (badness 4316) in paragraph at lines 11648--11648
[]|\T1/ppl/m/n/10.95 Paralisi per 1d6 ore -
 []


Underfull \hbox (badness 5924) in paragraph at lines 11648--11648
[]|\T1/ppl/m/n/10.95 Morte o -1d2 Po-ten-za
 []

[254]
Underfull \hbox (badness 6461) in paragraph at lines 11697--11697
[]|\T1/ppl/m/n/10.95 Preso la se-ra re-cu-pe-ri il
 []


Underfull \hbox (badness 2027) in paragraph at lines 11697--11697
[]|\T1/ppl/m/n/10.95 Concede un nuo-vo TS su
 []

[255]
Underfull \hbox (badness 2990) in paragraph at lines 11722--11722
[]|\T1/ppl/m/n/10.95 I pro-dot-ti da for-no che
 []


Underfull \hbox (badness 2600) in paragraph at lines 11722--11722
\T1/ppl/m/n/10.95 la-bi-le ed in-cre-di-bil-men-te
 []


Underfull \hbox (badness 1983) in paragraph at lines 11722--11722
[]|\T1/ppl/m/n/10.95 Corteccia pol-ve-riz-za-ta di
 []

[256]
Underfull \hbox (badness 10000) in paragraph at lines 11739--11739
[]|\T1/ppl/m/n/10.95 Allucinazioni sen-so-
 []


Underfull \hbox (badness 5064) in paragraph at lines 11739--11739
\T1/ppl/m/n/10.95 ria-li per 2d4 ore. +2
 []


Underfull \hbox (badness 1320) in paragraph at lines 11739--11739
[]|\T1/ppl/m/n/10.95 +2 Po-ten-za e In-tel-let-to e
 []

[257]
Underfull \hbox (badness 10000) in paragraph at lines 11782--11782
[]|\T1/ppl/m/n/10.95 Caverne e
 []

[258]
Underfull \hbox (badness 1097) in paragraph at lines 11803--11803
[]|\T1/ppl/m/n/10.95 subisci 2d4+2 di dan-no. TS DC 15
 []


Underfull \hbox (badness 1097) in paragraph at lines 11803--11803
[]|\T1/ppl/m/n/10.95 subisci 2d4+2 di dan-no. TS DC 18
 []


Underfull \hbox (badness 1024) in paragraph at lines 11803--11803
[]|\T1/ppl/m/n/10.95 annulla l'in-sor-gen-za di un ve-le-no se
 []

[259] [260] [261] [262] [263] [264] [265] [266] [267] [268] [269] [270]
[271] [272] [273] [274] [275] [276] [277] [278] [279]
Overfull \hbox (14.85556pt too wide) in paragraph at lines 12836--12849
[]  
 []

[280] [281] [282]
Overfull \hbox (14.09328pt too wide) in paragraph at lines 13016--13016
[]|\T1/ppl/m/n/10.95 armatura/scudo+6*| 
 []


Overfull \hbox (14.09328pt too wide) in paragraph at lines 13016--13016
[]|\T1/ppl/m/n/10.95 armatura/scudo+7*| 
 []


Overfull \hbox (14.09328pt too wide) in paragraph at lines 13016--13016
[]|\T1/ppl/m/n/10.95 armatura/scudo+8*| 
 []


Overfull \hbox (14.09328pt too wide) in paragraph at lines 13016--13016
[]|\T1/ppl/m/n/10.95 armatura/scudo+9*| 
 []


Overfull \hbox (19.56827pt too wide) in paragraph at lines 13016--13016
[]|\T1/ppl/m/n/10.95 armatura/scudo+10*| 
 []


Underfull \hbox (badness 1184) in paragraph at lines 13016--13016
[]|\T1/ppl/m/n/10.95 Armatura spe-ci-
 []


Underfull \hbox (badness 10000) in paragraph at lines 13016--13016
[]|\T1/ppl/m/n/10.95 Scudo
 []


Underfull \hbox (badness 1275) in paragraph at lines 13016--13016
[]|\T1/ppl/m/n/10.95 Capacit spe-cia-
 []


Underfull \hbox (badness 3701) in paragraph at lines 13056--13056
[]|\T1/ppl/m/n/10.95 Resistenza al-l'E-ner-gia Su-pe-
 []

[283]
Underfull \hbox (badness 3701) in paragraph at lines 13088--13088
[]|\T1/ppl/m/n/10.95 Resistenza al-l'E-ner-gia Su-pe-
 []

[284] [285] [286] [287] [288] [289] [290] [291] [292] [293] [294] [295]
[296] [297] [298] [299] [300] [301] [302] [303] [304] [305] [306] [307]
[308] [309] [310] [311] [312] [313] [314] [315] [316] [317] [318] [319]
[320] [321] [322]
Underfull \hbox (badness 1014) in paragraph at lines 14892--14892
[]|\T1/ppl/m/n/10.95 L'incantesimo non ha ef-fet-to. In-ve-ce, qual-cu-no (ami-
co o ne-mi-co) en-tro 9 me-tri
 []

[323] [324] [325] [326] [327] [328] [329] [330] [331] [332] [333] [334]
[335] [336]
\openout2 = `DBS-monstruos-chapter.aux'.

 (./DBS-monstruos-chapter.tex
Underfull \hbox (badness 10000) in paragraph at lines 23--24

 []


Underfull \hbox (badness 10000) in paragraph at lines 25--26

 []

Package lettrine.sty Info: Targeted height = 19.7319pt
(lettrine.sty)             (no accent, loversize=0),
(lettrine.sty)             Lettrine height = 19.7318pt (B);
(lettrine.sty)             reported on input line 32.

Overfull \hbox (59.28969pt too wide) in paragraph at lines 67--77
[][]  
 []

[337

] [338]
Overfull \hbox (3.64288pt too wide) in paragraph at lines 152--163
[] 
 []

[339]
Underfull \hbox (badness 10000) in paragraph at lines 225--225
[]|\T1/ppl/b/n/10.95 Bonus
 []


Underfull \hbox (badness 10000) in paragraph at lines 225--225
\T1/ppl/b/n/10.95 sul-l'ar-
 []


Overfull \hbox (0.73373pt too wide) in paragraph at lines 225--225
[]|\T1/ppl/b/n/10.95 Attacco
 []


Underfull \hbox (badness 10000) in paragraph at lines 225--225
\T1/ppl/b/n/10.95 Na-tu-
 []


Underfull \hbox (badness 10000) in paragraph at lines 225--225
[]|\T1/ppl/m/n/10.95 Livello
 []


Underfull \hbox (badness 10000) in paragraph at lines 225--225
[]|\T1/ppl/m/n/10.95 Livello
 []


Underfull \hbox (badness 10000) in paragraph at lines 225--225
[]|\T1/ppl/m/n/10.95 Livello
 []


Underfull \hbox (badness 10000) in paragraph at lines 225--225
[]|\T1/ppl/m/n/10.95 Livello
 []


Underfull \hbox (badness 10000) in paragraph at lines 225--225
[]|\T1/ppl/m/n/10.95 Livello
 []


Underfull \hbox (badness 10000) in paragraph at lines 225--225
[]|\T1/ppl/m/n/10.95 Livello
 []


LaTeX Warning: Hyper reference `sec:sec:visione-e-luce' on page 340 undefined o
n input line 239.

[340] [341]
LaTeX Font Info:    Font shape `T1/ppl/bx/it' in size <10.95> not available
(Font)              Font shape `T1/ppl/b/it' tried instead on input line 292.
 [342]
Overfull \vbox (18.19904pt too high) has occurred while \output is active []


[343] [344] [345] [346] [347] [348] [349] [350] [351] [352] [353] [354]
[355] [356] [357] [358] [359] [360] [361] [362] [363] [364] [365] [366]
[367] [368] [369] [370] [371] [372] [373] [374] [375] [376] [377] [378]
[379] [380] [381] [382] [383] [384] [385] [386] [387] [388] [389] [390]
[391] [392] [393] [394] [395] [396] [397] [398] [399] [400] [401] [402]
[403] [404] [405] [406] [407] [408] [409] [410] [411] [412] [413] [414]
[415] [416] [417] [418] [419] [420] [421] [422] [423] [424] [425] [426]
[427] [428] [429] [430] [431] [432] [433] [434] [435] [436] [437] [438]
[439] [440] [441] [442] [443] [444] [445] [446] [447] [448] [449] [450]
[451] [452] [453] [454] [455] [456] [457] [458] [459] [460] [461] [462]
[463] [464] [465] [466] [467] [468] [469] [470] [471] [472] [473] [474]
[475] [476] [477] [478] [479] [480] [481] [482] [483] [484] [485] [486]
[487] [488] [489] [490] [491] [492] [493] [494] [495] [496] [497] [498]
[499] [500] [501] [502] [503] [504] [505] [506] [507] [508] [509] [510]
[511] [512] [513] [514] [515] [516] [517] [518] [519] [520] [521] [522]
[523] [524] [525] [526] [527] [528] [529] [530] [531] [532] [533] [534]
[535] [536] [537] [538]) [539] [540

]
LaTeX Font Info:    Try loading font information for T1+pcr on input line 15425
.

(/usr/share/texlive/texmf-dist/tex/latex/psnfss/t1pcr.fd
File: t1pcr.fd 2001/06/04 font definitions for T1/pcr.
)

pdfTeX warning: /usr/bin/pdflatex (file ./TUS-schedav6.pdf): PDF inclusion: fou
nd PDF version <1.6>, but at most version <1.5> allowed
<TUS-schedav6.pdf, id=3577, 597.53635pt x 845.04686pt>
File: TUS-schedav6.pdf Graphic file (type pdf)
<use TUS-schedav6.pdf>
Package pdftex.def Info: TUS-schedav6.pdf  used on input line 15438.
(pdftex.def)             Requested size: 597.53488pt x 845.0448pt.


pdfTeX warning: /usr/bin/pdflatex (file ./TUS-schedav6.pdf): PDF inclusion: fou
nd PDF version <1.6>, but at most version <1.5> allowed
File: TUS-schedav6.pdf Graphic file (type pdf)
<use TUS-schedav6.pdf>
Package pdftex.def Info: TUS-schedav6.pdf  used on input line 15438.
(pdftex.def)             Requested size: 597.53488pt x 845.0448pt.


pdfTeX warning: /usr/bin/pdflatex (file ./TUS-schedav6.pdf): PDF inclusion: fou
nd PDF version <1.6>, but at most version <1.5> allowed
File: TUS-schedav6.pdf Graphic file (type pdf)
<use TUS-schedav6.pdf>
Package pdftex.def Info: TUS-schedav6.pdf  used on input line 15438.
(pdftex.def)             Requested size: 597.53488pt x 845.0448pt.


pdfTeX warning: /usr/bin/pdflatex (file ./TUS-schedav6.pdf): PDF inclusion: fou
nd PDF version <1.6>, but at most version <1.5> allowed


pdfTeX warning: /usr/bin/pdflatex (file ./TUS-schedav6.pdf): PDF inclusion: fou
nd PDF version <1.6>, but at most version <1.5> allowed
<TUS-schedav6.pdf, id=3581, page=1, 597.53635pt x 845.04686pt>
File: TUS-schedav6.pdf Graphic file (type pdf)
<use TUS-schedav6.pdf, page 1>
Package pdftex.def Info: TUS-schedav6.pdf , page1 used on input line 15438.
(pdftex.def)             Requested size: 597.53488pt x 845.0448pt.
File: TUS-schedav6.pdf Graphic file (type pdf)
<use TUS-schedav6.pdf, page 1>
Package pdftex.def Info: TUS-schedav6.pdf , page1 used on input line 15438.
(pdftex.def)             Requested size: 567.65631pt x 802.78998pt.
[541]
File: TUS-schedav6.pdf Graphic file (type pdf)
<use TUS-schedav6.pdf, page 1>
Package pdftex.def Info: TUS-schedav6.pdf , page1 used on input line 15438.
(pdftex.def)             Requested size: 567.65631pt x 802.78998pt.
File: TUS-schedav6.pdf Graphic file (type pdf)
<use TUS-schedav6.pdf, page 1>
Package pdftex.def Info: TUS-schedav6.pdf , page1 used on input line 15438.
(pdftex.def)             Requested size: 567.65631pt x 802.78998pt.
File: TUS-schedav6.pdf Graphic file (type pdf)
<use TUS-schedav6.pdf, page 1>
Package pdftex.def Info: TUS-schedav6.pdf , page1 used on input line 15438.
(pdftex.def)             Requested size: 567.65631pt x 802.78998pt.
 [542 <./TUS-schedav6.pdf>]

pdfTeX warning: /usr/bin/pdflatex (file ./TUS-schedav6.pdf): PDF inclusion: fou
nd PDF version <1.6>, but at most version <1.5> allowed
<TUS-schedav6.pdf, id=3602, page=2, 597.53635pt x 845.04686pt>
File: TUS-schedav6.pdf Graphic file (type pdf)
<use TUS-schedav6.pdf, page 2>
Package pdftex.def Info: TUS-schedav6.pdf , page2 used on input line 15438.
(pdftex.def)             Requested size: 567.65631pt x 802.78998pt.
File: TUS-schedav6.pdf Graphic file (type pdf)
<use TUS-schedav6.pdf, page 2>
Package pdftex.def Info: TUS-schedav6.pdf , page2 used on input line 15438.
(pdftex.def)             Requested size: 567.65631pt x 802.78998pt.
File: TUS-schedav6.pdf Graphic file (type pdf)
<use TUS-schedav6.pdf, page 2>
Package pdftex.def Info: TUS-schedav6.pdf , page2 used on input line 15438.
(pdftex.def)             Requested size: 567.65631pt x 802.78998pt.
[543 <./TUS-schedav6.pdf>]
LaTeX Font Info:    External font `lmex10' loaded for size
(Font)              <14.4> on input line 15461.
LaTeX Font Info:    External font `lmex10' loaded for size
(Font)              <10> on input line 15461.
LaTeX Font Info:    External font `lmex10' loaded for size
(Font)              <7> on input line 15461.
LaTeX Font Info:    Font shape `T1/ppl/bx/n' in size <14.4> not available
(Font)              Font shape `T1/ppl/b/n' tried instead on input line 15461.
 [544] [545] [546] [547] [548] [549]
runsystem(makeindex "The Untitled Bell System".idx)...quotation error in system
 command.


(./The Untitled Bell System.ind [550


] [551] [552] [553] [554] [555]) [556]
Package atveryend Info: Empty hook `BeforeClearDocument' on input line 15615.
Package atveryend Info: Empty hook `AfterLastShipout' on input line 15615.

(./The Untitled Bell System.aux (./esempi-magie.aux)
(./DBS-monstruos-chapter.aux))
Package atveryend Info: Executing hook `AtVeryEndDocument' on input line 15615.

Package atveryend Info: Empty hook `AtEndAfterFileList' on input line 15615.


LaTeX Warning: There were undefined references.

 )
(\end occurred inside a group at level 1)

### simple group (level 1) entered at line 15471 ({)
### bottom level 
Here is how much of TeX's memory you used:
 30807 strings out of 492615
 556531 string characters out of 6131389
 702045 words of memory out of 5000000
 33031 multiletter control sequences out of 15000+600000
 65803 words of font info for 84 fonts, out of 8000000 for 9000
 1141 hyphenation exceptions out of 8191
 54i,19n,83p,5462b,1102s stack positions out of 5000i,500n,10000p,200000b,80000s
{/usr/share/texlive/texmf-dist/fonts/enc/dvips/base/8r.enc}</us
r/share/texlive/texmf-dist/fonts/type1/urw/courier/ucrr8a.pfb></usr/share/texli
ve/texmf-dist/fonts/type1/urw/palatino/uplb8a.pfb></usr/share/texlive/texmf-dis
t/fonts/type1/urw/palatino/uplbi8a.pfb></usr/share/texlive/texmf-dist/fonts/typ
e1/urw/palatino/uplr8a.pfb></usr/share/texlive/texmf-dist/fonts/type1/urw/palat
ino/uplri8a.pfb>
Output written on "The Untitled Bell System.pdf" (560 pages, 2050612 bytes).
PDF statistics:
 5699 PDF objects out of 6186 (max. 8388607)
 5044 compressed objects within 51 object streams
 1156 named destinations out of 1200 (max. 500000)
 4824 words of extra memory for PDF output out of 10000 (max. 10000000)

