This is pdfTeX, Version 3.141592653-2.6-1.40.22 (TeX Live 2021/Arch Linux) (preloaded format=pdflatex 2021.5.24)  12 AUG 2021 15:34
entering extended mode
 restricted \write18 enabled.
 %&-line parsing enabled.
**OBSS.tex
(./OBSS.tex
LaTeX2e <2020-10-01> patch level 4
L3 programming layer <2021-02-18> (/usr/share/texmf-dist/tex/latex/base/book.cl
s
Document Class: book 2020/04/10 v1.4m Standard LaTeX document class
(/usr/share/texmf-dist/tex/latex/base/bk10.clo
File: bk10.clo 2020/04/10 v1.4m Standard LaTeX file (size option)
)
\c@part=\count179
\c@chapter=\count180
\c@section=\count181
\c@subsection=\count182
\c@subsubsection=\count183
\c@paragraph=\count184
\c@subparagraph=\count185
\c@figure=\count186
\c@table=\count187
\abovecaptionskip=\skip47
\belowcaptionskip=\skip48
\bibindent=\dimen138
) (/usr/share/texmf-dist/tex/latex/quoting/quoting.sty
Package: quoting 2014/01/28 v0.1c Consolidated environment for displayed text
(/usr/share/texmf-dist/tex/latex/etoolbox/etoolbox.sty
Package: etoolbox 2020/10/05 v2.5k e-TeX tools for LaTeX (JAW)
\etb@tempcnta=\count188
) (/usr/share/texmf-dist/tex/latex/kvoptions/kvoptions.sty
Package: kvoptions 2020-10-07 v3.14 Key value format for package options (HO)
(/usr/share/texmf-dist/tex/latex/graphics/keyval.sty
Package: keyval 2014/10/28 v1.15 key=value parser (DPC)
\KV@toks@=\toks15
) (/usr/share/texmf-dist/tex/generic/ltxcmds/ltxcmds.sty
Package: ltxcmds 2020-05-10 v1.25 LaTeX kernel commands for general use (HO)
) (/usr/share/texmf-dist/tex/generic/kvsetkeys/kvsetkeys.sty
Package: kvsetkeys 2019/12/15 v1.18 Key value parser (HO)
))
\quo@toppartop=\skip49
) (/usr/share/texmf-dist/tex/latex/tcolorbox/tcolorbox.sty
Package: tcolorbox 2020/10/09 version 4.42 text color boxes
(/usr/share/texmf-dist/tex/latex/pgf/basiclayer/pgf.sty (/usr/share/texmf-dist/
tex/latex/pgf/utilities/pgfrcs.sty (/usr/share/texmf-dist/tex/generic/pgf/utili
ties/pgfutil-common.tex
\pgfutil@everybye=\toks16
\pgfutil@tempdima=\dimen139
\pgfutil@tempdimb=\dimen140
(/usr/share/texmf-dist/tex/generic/pgf/utilities/pgfutil-common-lists.tex)) (/u
sr/share/texmf-dist/tex/generic/pgf/utilities/pgfutil-latex.def
\pgfutil@abb=\box47
) (/usr/share/texmf-dist/tex/generic/pgf/utilities/pgfrcs.code.tex (/usr/share/
texmf-dist/tex/generic/pgf/pgf.revision.tex)
Package: pgfrcs 2020/12/27 v3.1.8b (3.1.8b)
))
Package: pgf 2020/12/27 v3.1.8b (3.1.8b)
(/usr/share/texmf-dist/tex/latex/pgf/basiclayer/pgfcore.sty (/usr/share/texmf-d
ist/tex/latex/graphics/graphicx.sty
Package: graphicx 2020/09/09 v1.2b Enhanced LaTeX Graphics (DPC,SPQR)
(/usr/share/texmf-dist/tex/latex/graphics/graphics.sty
Package: graphics 2020/08/30 v1.4c Standard LaTeX Graphics (DPC,SPQR)
(/usr/share/texmf-dist/tex/latex/graphics/trig.sty
Package: trig 2016/01/03 v1.10 sin cos tan (DPC)
) (/usr/share/texmf-dist/tex/latex/graphics-cfg/graphics.cfg
File: graphics.cfg 2016/06/04 v1.11 sample graphics configuration
)
Package graphics Info: Driver file: pdftex.def on input line 105.
(/usr/share/texmf-dist/tex/latex/graphics-def/pdftex.def
File: pdftex.def 2020/10/05 v1.2a Graphics/color driver for pdftex
))
\Gin@req@height=\dimen141
\Gin@req@width=\dimen142
) (/usr/share/texmf-dist/tex/latex/pgf/systemlayer/pgfsys.sty (/usr/share/texmf
-dist/tex/generic/pgf/systemlayer/pgfsys.code.tex
Package: pgfsys 2020/12/27 v3.1.8b (3.1.8b)
(/usr/share/texmf-dist/tex/generic/pgf/utilities/pgfkeys.code.tex
\pgfkeys@pathtoks=\toks17
\pgfkeys@temptoks=\toks18
(/usr/share/texmf-dist/tex/generic/pgf/utilities/pgfkeysfiltered.code.tex
\pgfkeys@tmptoks=\toks19
))
\pgf@x=\dimen143
\pgf@y=\dimen144
\pgf@xa=\dimen145
\pgf@ya=\dimen146
\pgf@xb=\dimen147
\pgf@yb=\dimen148
\pgf@xc=\dimen149
\pgf@yc=\dimen150
\pgf@xd=\dimen151
\pgf@yd=\dimen152
\w@pgf@writea=\write3
\r@pgf@reada=\read2
\c@pgf@counta=\count189
\c@pgf@countb=\count190
\c@pgf@countc=\count191
\c@pgf@countd=\count192
\t@pgf@toka=\toks20
\t@pgf@tokb=\toks21
\t@pgf@tokc=\toks22
\pgf@sys@id@count=\count193
(/usr/share/texmf-dist/tex/generic/pgf/systemlayer/pgf.cfg
File: pgf.cfg 2020/12/27 v3.1.8b (3.1.8b)
)
Driver file for pgf: pgfsys-pdftex.def
(/usr/share/texmf-dist/tex/generic/pgf/systemlayer/pgfsys-pdftex.def
File: pgfsys-pdftex.def 2020/12/27 v3.1.8b (3.1.8b)
(/usr/share/texmf-dist/tex/generic/pgf/systemlayer/pgfsys-common-pdf.def
File: pgfsys-common-pdf.def 2020/12/27 v3.1.8b (3.1.8b)
))) (/usr/share/texmf-dist/tex/generic/pgf/systemlayer/pgfsyssoftpath.code.tex
File: pgfsyssoftpath.code.tex 2020/12/27 v3.1.8b (3.1.8b)
\pgfsyssoftpath@smallbuffer@items=\count194
\pgfsyssoftpath@bigbuffer@items=\count195
) (/usr/share/texmf-dist/tex/generic/pgf/systemlayer/pgfsysprotocol.code.tex
File: pgfsysprotocol.code.tex 2020/12/27 v3.1.8b (3.1.8b)
)) (/usr/share/texmf-dist/tex/latex/xcolor/xcolor.sty
Package: xcolor 2016/05/11 v2.12 LaTeX color extensions (UK)
(/usr/share/texmf-dist/tex/latex/graphics-cfg/color.cfg
File: color.cfg 2016/01/02 v1.6 sample color configuration
)
Package xcolor Info: Driver file: pdftex.def on input line 225.
Package xcolor Info: Model `cmy' substituted by `cmy0' on input line 1348.
Package xcolor Info: Model `hsb' substituted by `rgb' on input line 1352.
Package xcolor Info: Model `RGB' extended on input line 1364.
Package xcolor Info: Model `HTML' substituted by `rgb' on input line 1366.
Package xcolor Info: Model `Hsb' substituted by `hsb' on input line 1367.
Package xcolor Info: Model `tHsb' substituted by `hsb' on input line 1368.
Package xcolor Info: Model `HSB' substituted by `hsb' on input line 1369.
Package xcolor Info: Model `Gray' substituted by `gray' on input line 1370.
Package xcolor Info: Model `wave' substituted by `hsb' on input line 1371.
) (/usr/share/texmf-dist/tex/generic/pgf/basiclayer/pgfcore.code.tex
Package: pgfcore 2020/12/27 v3.1.8b (3.1.8b)
(/usr/share/texmf-dist/tex/generic/pgf/math/pgfmath.code.tex (/usr/share/texmf-
dist/tex/generic/pgf/math/pgfmathcalc.code.tex (/usr/share/texmf-dist/tex/gener
ic/pgf/math/pgfmathutil.code.tex) (/usr/share/texmf-dist/tex/generic/pgf/math/p
gfmathparser.code.tex
\pgfmath@dimen=\dimen153
\pgfmath@count=\count196
\pgfmath@box=\box48
\pgfmath@toks=\toks23
\pgfmath@stack@operand=\toks24
\pgfmath@stack@operation=\toks25
) (/usr/share/texmf-dist/tex/generic/pgf/math/pgfmathfunctions.code.tex (/usr/s
hare/texmf-dist/tex/generic/pgf/math/pgfmathfunctions.basic.code.tex)
(/usr/share/texmf-dist/tex/generic/pgf/math/pgfmathfunctions.trigonometric.code
.tex) (/usr/share/texmf-dist/tex/generic/pgf/math/pgfmathfunctions.random.code.
tex)
(/usr/share/texmf-dist/tex/generic/pgf/math/pgfmathfunctions.comparison.code.te
x) (/usr/share/texmf-dist/tex/generic/pgf/math/pgfmathfunctions.base.code.tex) 
(/usr/share/texmf-dist/tex/generic/pgf/math/pgfmathfunctions.round.code.tex) (/
usr/share/texmf-dist/tex/generic/pgf/math/pgfmathfunctions.misc.code.tex)
(/usr/share/texmf-dist/tex/generic/pgf/math/pgfmathfunctions.integerarithmetics
.code.tex))) (/usr/share/texmf-dist/tex/generic/pgf/math/pgfmathfloat.code.tex
\c@pgfmathroundto@lastzeros=\count197
)) (/usr/share/texmf-dist/tex/generic/pgf/math/pgfint.code.tex) (/usr/share/tex
mf-dist/tex/generic/pgf/basiclayer/pgfcorepoints.code.tex
File: pgfcorepoints.code.tex 2020/12/27 v3.1.8b (3.1.8b)
\pgf@picminx=\dimen154
\pgf@picmaxx=\dimen155
\pgf@picminy=\dimen156
\pgf@picmaxy=\dimen157
\pgf@pathminx=\dimen158
\pgf@pathmaxx=\dimen159
\pgf@pathminy=\dimen160
\pgf@pathmaxy=\dimen161
\pgf@xx=\dimen162
\pgf@xy=\dimen163
\pgf@yx=\dimen164
\pgf@yy=\dimen165
\pgf@zx=\dimen166
\pgf@zy=\dimen167
)
(/usr/share/texmf-dist/tex/generic/pgf/basiclayer/pgfcorepathconstruct.code.tex
File: pgfcorepathconstruct.code.tex 2020/12/27 v3.1.8b (3.1.8b)
\pgf@path@lastx=\dimen168
\pgf@path@lasty=\dimen169
) (/usr/share/texmf-dist/tex/generic/pgf/basiclayer/pgfcorepathusage.code.tex
File: pgfcorepathusage.code.tex 2020/12/27 v3.1.8b (3.1.8b)
\pgf@shorten@end@additional=\dimen170
\pgf@shorten@start@additional=\dimen171
) (/usr/share/texmf-dist/tex/generic/pgf/basiclayer/pgfcorescopes.code.tex
File: pgfcorescopes.code.tex 2020/12/27 v3.1.8b (3.1.8b)
\pgfpic=\box49
\pgf@hbox=\box50
\pgf@layerbox@main=\box51
\pgf@picture@serial@count=\count198
) (/usr/share/texmf-dist/tex/generic/pgf/basiclayer/pgfcoregraphicstate.code.te
x
File: pgfcoregraphicstate.code.tex 2020/12/27 v3.1.8b (3.1.8b)
\pgflinewidth=\dimen172
)
(/usr/share/texmf-dist/tex/generic/pgf/basiclayer/pgfcoretransformations.code.t
ex
File: pgfcoretransformations.code.tex 2020/12/27 v3.1.8b (3.1.8b)
\pgf@pt@x=\dimen173
\pgf@pt@y=\dimen174
\pgf@pt@temp=\dimen175
) (/usr/share/texmf-dist/tex/generic/pgf/basiclayer/pgfcorequick.code.tex
File: pgfcorequick.code.tex 2020/12/27 v3.1.8b (3.1.8b)
) (/usr/share/texmf-dist/tex/generic/pgf/basiclayer/pgfcoreobjects.code.tex
File: pgfcoreobjects.code.tex 2020/12/27 v3.1.8b (3.1.8b)
)
(/usr/share/texmf-dist/tex/generic/pgf/basiclayer/pgfcorepathprocessing.code.te
x
File: pgfcorepathprocessing.code.tex 2020/12/27 v3.1.8b (3.1.8b)
) (/usr/share/texmf-dist/tex/generic/pgf/basiclayer/pgfcorearrows.code.tex
File: pgfcorearrows.code.tex 2020/12/27 v3.1.8b (3.1.8b)
\pgfarrowsep=\dimen176
) (/usr/share/texmf-dist/tex/generic/pgf/basiclayer/pgfcoreshade.code.tex
File: pgfcoreshade.code.tex 2020/12/27 v3.1.8b (3.1.8b)
\pgf@max=\dimen177
\pgf@sys@shading@range@num=\count199
\pgf@shadingcount=\count266
) (/usr/share/texmf-dist/tex/generic/pgf/basiclayer/pgfcoreimage.code.tex
File: pgfcoreimage.code.tex 2020/12/27 v3.1.8b (3.1.8b)
(/usr/share/texmf-dist/tex/generic/pgf/basiclayer/pgfcoreexternal.code.tex
File: pgfcoreexternal.code.tex 2020/12/27 v3.1.8b (3.1.8b)
\pgfexternal@startupbox=\box52
)) (/usr/share/texmf-dist/tex/generic/pgf/basiclayer/pgfcorelayers.code.tex
File: pgfcorelayers.code.tex 2020/12/27 v3.1.8b (3.1.8b)
) (/usr/share/texmf-dist/tex/generic/pgf/basiclayer/pgfcoretransparency.code.te
x
File: pgfcoretransparency.code.tex 2020/12/27 v3.1.8b (3.1.8b)
) (/usr/share/texmf-dist/tex/generic/pgf/basiclayer/pgfcorepatterns.code.tex
File: pgfcorepatterns.code.tex 2020/12/27 v3.1.8b (3.1.8b)
) (/usr/share/texmf-dist/tex/generic/pgf/basiclayer/pgfcorerdf.code.tex
File: pgfcorerdf.code.tex 2020/12/27 v3.1.8b (3.1.8b)
))) (/usr/share/texmf-dist/tex/generic/pgf/modules/pgfmoduleshapes.code.tex
File: pgfmoduleshapes.code.tex 2020/12/27 v3.1.8b (3.1.8b)
\pgfnodeparttextbox=\box53
) (/usr/share/texmf-dist/tex/generic/pgf/modules/pgfmoduleplot.code.tex
File: pgfmoduleplot.code.tex 2020/12/27 v3.1.8b (3.1.8b)
) (/usr/share/texmf-dist/tex/latex/pgf/compatibility/pgfcomp-version-0-65.sty
Package: pgfcomp-version-0-65 2020/12/27 v3.1.8b (3.1.8b)
\pgf@nodesepstart=\dimen178
\pgf@nodesepend=\dimen179
) (/usr/share/texmf-dist/tex/latex/pgf/compatibility/pgfcomp-version-1-18.sty
Package: pgfcomp-version-1-18 2020/12/27 v3.1.8b (3.1.8b)
)) (/usr/share/texmf-dist/tex/latex/tools/verbatim.sty
Package: verbatim 2020-07-07 v1.5u LaTeX2e package for verbatim enhancements
\every@verbatim=\toks26
\verbatim@line=\toks27
\verbatim@in@stream=\read3
) (/usr/share/texmf-dist/tex/latex/environ/environ.sty
Package: environ 2014/05/04 v0.3 A new way to define environments
(/usr/share/texmf-dist/tex/latex/trimspaces/trimspaces.sty
Package: trimspaces 2009/09/17 v1.1 Trim spaces around a token list
)
\@envbody=\toks28
)
\tcb@titlebox=\box54
\tcb@upperbox=\box55
\tcb@lowerbox=\box56
\tcb@phantombox=\box57
\c@tcbbreakpart=\count267
\c@tcblayer=\count268
\c@tcolorbox@number=\count269
\tcb@temp=\box58
\tcb@temp=\box59
\tcb@temp=\box60
\tcb@temp=\box61
\tcb@out=\write4
\tcb@record@out=\write5
) (/usr/share/texmf-dist/tex/latex/pgf/frontendlayer/tikz.sty (/usr/share/texmf
-dist/tex/latex/pgf/utilities/pgffor.sty (/usr/share/texmf-dist/tex/latex/pgf/u
tilities/pgfkeys.sty (/usr/share/texmf-dist/tex/generic/pgf/utilities/pgfkeys.c
ode.tex)) (/usr/share/texmf-dist/tex/latex/pgf/math/pgfmath.sty (/usr/share/tex
mf-dist/tex/generic/pgf/math/pgfmath.code.tex)) (/usr/share/texmf-dist/tex/gene
ric/pgf/utilities/pgffor.code.tex
Package: pgffor 2020/12/27 v3.1.8b (3.1.8b)
(/usr/share/texmf-dist/tex/generic/pgf/math/pgfmath.code.tex)
\pgffor@iter=\dimen180
\pgffor@skip=\dimen181
\pgffor@stack=\toks29
\pgffor@toks=\toks30
)) (/usr/share/texmf-dist/tex/generic/pgf/frontendlayer/tikz/tikz.code.tex
Package: tikz 2020/12/27 v3.1.8b (3.1.8b)

(/usr/share/texmf-dist/tex/generic/pgf/libraries/pgflibraryplothandlers.code.te
x
File: pgflibraryplothandlers.code.tex 2020/12/27 v3.1.8b (3.1.8b)
\pgf@plot@mark@count=\count270
\pgfplotmarksize=\dimen182
)
\tikz@lastx=\dimen183
\tikz@lasty=\dimen184
\tikz@lastxsaved=\dimen185
\tikz@lastysaved=\dimen186
\tikz@lastmovetox=\dimen187
\tikz@lastmovetoy=\dimen188
\tikzleveldistance=\dimen189
\tikzsiblingdistance=\dimen190
\tikz@figbox=\box62
\tikz@figbox@bg=\box63
\tikz@tempbox=\box64
\tikz@tempbox@bg=\box65
\tikztreelevel=\count271
\tikznumberofchildren=\count272
\tikznumberofcurrentchild=\count273
\tikz@fig@count=\count274
(/usr/share/texmf-dist/tex/generic/pgf/modules/pgfmodulematrix.code.tex
File: pgfmodulematrix.code.tex 2020/12/27 v3.1.8b (3.1.8b)
\pgfmatrixcurrentrow=\count275
\pgfmatrixcurrentcolumn=\count276
\pgf@matrix@numberofcolumns=\count277
)
\tikz@expandcount=\count278

(/usr/share/texmf-dist/tex/generic/pgf/frontendlayer/tikz/libraries/tikzlibrary
topaths.code.tex
File: tikzlibrarytopaths.code.tex 2020/12/27 v3.1.8b (3.1.8b)
)))
(/usr/share/texmf-dist/tex/generic/pgf/frontendlayer/tikz/libraries/tikzlibrary
shadows.code.tex
File: tikzlibraryshadows.code.tex 2020/12/27 v3.1.8b (3.1.8b)

(/usr/share/texmf-dist/tex/generic/pgf/frontendlayer/tikz/libraries/tikzlibrary
fadings.code.tex
File: tikzlibraryfadings.code.tex 2020/12/27 v3.1.8b (3.1.8b)
(/usr/share/texmf-dist/tex/generic/pgf/libraries/pgflibraryfadings.code.tex
File: pgflibraryfadings.code.tex 2020/12/27 v3.1.8b (3.1.8b)
))) (/usr/share/texmf-dist/tex/latex/tools/multicol.sty
Package: multicol 2019/12/09 v1.8y multicolumn formatting (FMi)
\c@tracingmulticols=\count279
\mult@box=\box66
\multicol@leftmargin=\dimen191
\c@unbalance=\count280
\c@collectmore=\count281
\doublecol@number=\count282
\multicoltolerance=\count283
\multicolpretolerance=\count284
\full@width=\dimen192
\page@free=\dimen193
\premulticols=\dimen194
\postmulticols=\dimen195
\multicolsep=\skip50
\multicolbaselineskip=\skip51
\partial@page=\box67
\last@line=\box68
\maxbalancingoverflow=\dimen196
\mult@rightbox=\box69
\mult@grightbox=\box70
\mult@gfirstbox=\box71
\mult@firstbox=\box72
\@tempa=\box73
\@tempa=\box74
\@tempa=\box75
\@tempa=\box76
\@tempa=\box77
\@tempa=\box78
\@tempa=\box79
\@tempa=\box80
\@tempa=\box81
\@tempa=\box82
\@tempa=\box83
\@tempa=\box84
\@tempa=\box85
\@tempa=\box86
\@tempa=\box87
\@tempa=\box88
\@tempa=\box89
\@tempa=\box90
\@tempa=\box91
\@tempa=\box92
\@tempa=\box93
\@tempa=\box94
\@tempa=\box95
\@tempa=\box96
\@tempa=\box97
\@tempa=\box98
\@tempa=\box99
\@tempa=\box100
\@tempa=\box101
\@tempa=\box102
\@tempa=\box103
\@tempa=\box104
\@tempa=\box105
\@tempa=\box106
\@tempa=\box107
\@tempa=\box108
\@tempa=\box109
\c@minrows=\count285
\c@columnbadness=\count286
\c@finalcolumnbadness=\count287
\last@try=\dimen197
\multicolovershoot=\dimen198
\multicolundershoot=\dimen199
\mult@nat@firstbox=\box110
\colbreak@box=\box111
\mc@col@check@num=\count288
) (/usr/share/texmf-dist/tex/latex/tocloft/tocloft.sty
Package: tocloft 2017/08/31 v2.3i parameterised ToC, etc., typesetting
Package tocloft Info: The document has chapter divisions on input line 51.
\cftparskip=\skip52
\cftbeforetoctitleskip=\skip53
\cftaftertoctitleskip=\skip54
\cftbeforepartskip=\skip55
\cftpartnumwidth=\skip56
\cftpartindent=\skip57
\cftbeforechapskip=\skip58
\cftchapindent=\skip59
\cftchapnumwidth=\skip60
\cftbeforesecskip=\skip61
\cftsecindent=\skip62
\cftsecnumwidth=\skip63
\cftbeforesubsecskip=\skip64
\cftsubsecindent=\skip65
\cftsubsecnumwidth=\skip66
\cftbeforesubsubsecskip=\skip67
\cftsubsubsecindent=\skip68
\cftsubsubsecnumwidth=\skip69
\cftbeforeparaskip=\skip70
\cftparaindent=\skip71
\cftparanumwidth=\skip72
\cftbeforesubparaskip=\skip73
\cftsubparaindent=\skip74
\cftsubparanumwidth=\skip75
\cftbeforeloftitleskip=\skip76
\cftafterloftitleskip=\skip77
\cftbeforefigskip=\skip78
\cftfigindent=\skip79
\cftfignumwidth=\skip80
\c@lofdepth=\count289
\c@lotdepth=\count290
\cftbeforelottitleskip=\skip81
\cftafterlottitleskip=\skip82
\cftbeforetabskip=\skip83
\cfttabindent=\skip84
\cfttabnumwidth=\skip85
) (/usr/share/texmf-dist/tex/latex/lm/lmodern.sty
Package: lmodern 2015/05/01 v1.6.1 Latin Modern Fonts
LaTeX Font Info:    Overwriting symbol font `operators' in version `normal'
(Font)                  OT1/cmr/m/n --> OT1/lmr/m/n on input line 22.
LaTeX Font Info:    Overwriting symbol font `letters' in version `normal'
(Font)                  OML/cmm/m/it --> OML/lmm/m/it on input line 23.
LaTeX Font Info:    Overwriting symbol font `symbols' in version `normal'
(Font)                  OMS/cmsy/m/n --> OMS/lmsy/m/n on input line 24.
LaTeX Font Info:    Overwriting symbol font `largesymbols' in version `normal'
(Font)                  OMX/cmex/m/n --> OMX/lmex/m/n on input line 25.
LaTeX Font Info:    Overwriting symbol font `operators' in version `bold'
(Font)                  OT1/cmr/bx/n --> OT1/lmr/bx/n on input line 26.
LaTeX Font Info:    Overwriting symbol font `letters' in version `bold'
(Font)                  OML/cmm/b/it --> OML/lmm/b/it on input line 27.
LaTeX Font Info:    Overwriting symbol font `symbols' in version `bold'
(Font)                  OMS/cmsy/b/n --> OMS/lmsy/b/n on input line 28.
LaTeX Font Info:    Overwriting symbol font `largesymbols' in version `bold'
(Font)                  OMX/cmex/m/n --> OMX/lmex/m/n on input line 29.
LaTeX Font Info:    Overwriting math alphabet `\mathbf' in version `normal'
(Font)                  OT1/cmr/bx/n --> OT1/lmr/bx/n on input line 31.
LaTeX Font Info:    Overwriting math alphabet `\mathsf' in version `normal'
(Font)                  OT1/cmss/m/n --> OT1/lmss/m/n on input line 32.
LaTeX Font Info:    Overwriting math alphabet `\mathit' in version `normal'
(Font)                  OT1/cmr/m/it --> OT1/lmr/m/it on input line 33.
LaTeX Font Info:    Overwriting math alphabet `\mathtt' in version `normal'
(Font)                  OT1/cmtt/m/n --> OT1/lmtt/m/n on input line 34.
LaTeX Font Info:    Overwriting math alphabet `\mathbf' in version `bold'
(Font)                  OT1/cmr/bx/n --> OT1/lmr/bx/n on input line 35.
LaTeX Font Info:    Overwriting math alphabet `\mathsf' in version `bold'
(Font)                  OT1/cmss/bx/n --> OT1/lmss/bx/n on input line 36.
LaTeX Font Info:    Overwriting math alphabet `\mathit' in version `bold'
(Font)                  OT1/cmr/bx/it --> OT1/lmr/bx/it on input line 37.
LaTeX Font Info:    Overwriting math alphabet `\mathtt' in version `bold'
(Font)                  OT1/cmtt/m/n --> OT1/lmtt/m/n on input line 38.
) (/usr/share/texmf-dist/tex/latex/caption/caption.sty
Package: caption 2020/10/26 v3.5g Customizing captions (AR)
(/usr/share/texmf-dist/tex/latex/caption/caption3.sty
Package: caption3 2020/10/21 v2.2e caption3 kernel (AR)
\captionmargin=\dimen256
\captionmargin@=\dimen257
\captionwidth=\dimen258
\caption@tempdima=\dimen259
\caption@indent=\dimen260
\caption@parindent=\dimen261
\caption@hangindent=\dimen262
Package caption Info: Standard document class detected.
)
\c@caption@flags=\count291
\c@continuedfloat=\count292
) (/usr/share/texmf-dist/tex/latex/base/inputenc.sty
Package: inputenc 2020/08/01 v1.3d Input encoding file
\inpenc@prehook=\toks31
\inpenc@posthook=\toks32
) (/usr/share/texmf-dist/tex/latex/base/fontenc.sty
Package: fontenc 2020/08/10 v2.0s Standard LaTeX package
LaTeX Font Info:    Trying to load font information for T1+lmr on input line 11
2.
(/usr/share/texmf-dist/tex/latex/lm/t1lmr.fd
File: t1lmr.fd 2015/05/01 v1.6.1 Font defs for Latin Modern
)) (/usr/share/texmf-dist/tex/latex/setspace/setspace.sty
Package: setspace 2011/12/19 v6.7a set line spacing
) (/usr/share/texmf-dist/tex/latex/geometry/geometry.sty
Package: geometry 2020/01/02 v5.9 Page Geometry
(/usr/share/texmf-dist/tex/generic/iftex/ifvtex.sty
Package: ifvtex 2019/10/25 v1.7 ifvtex legacy package. Use iftex instead.
(/usr/share/texmf-dist/tex/generic/iftex/iftex.sty
Package: iftex 2020/03/06 v1.0d TeX engine tests
))
\Gm@cnth=\count293
\Gm@cntv=\count294
\c@Gm@tempcnt=\count295
\Gm@bindingoffset=\dimen263
\Gm@wd@mp=\dimen264
\Gm@odd@mp=\dimen265
\Gm@even@mp=\dimen266
\Gm@layoutwidth=\dimen267
\Gm@layoutheight=\dimen268
\Gm@layouthoffset=\dimen269
\Gm@layoutvoffset=\dimen270
\Gm@dimlist=\toks33
) (/usr/share/texmf-dist/tex/latex/booktabs/booktabs.sty
Package: booktabs 2020/01/12 v1.61803398 Publication quality tables
\heavyrulewidth=\dimen271
\lightrulewidth=\dimen272
\cmidrulewidth=\dimen273
\belowrulesep=\dimen274
\belowbottomsep=\dimen275
\aboverulesep=\dimen276
\abovetopsep=\dimen277
\cmidrulesep=\dimen278
\cmidrulekern=\dimen279
\defaultaddspace=\dimen280
\@cmidla=\count296
\@cmidlb=\count297
\@aboverulesep=\dimen281
\@belowrulesep=\dimen282
\@thisruleclass=\count298
\@lastruleclass=\count299
\@thisrulewidth=\dimen283
) (/usr/share/texmf-dist/tex/latex/url/url.sty
\Urlmuskip=\muskip16
Package: url 2013/09/16  ver 3.4  Verb mode for urls, etc.
) (/usr/share/texmf-dist/tex/generic/babel/babel.sty
Package: babel 2021/03/24 3.56 The Babel package
(/usr/share/texmf-dist/tex/generic/babel/babel.def
File: babel.def 2021/03/24 3.56 Babel common definitions
\babel@savecnt=\count300
\U@D=\dimen284
\l@babelnohyphens=\language87
(/usr/share/texmf-dist/tex/generic/babel/txtbabel.def)
\bbl@readstream=\read4
)
\bbl@dirlevel=\count301
(/usr/share/texmf-dist/tex/generic/babel-italian/italian.ldf
Language: italian 2020/05/21 v.1.4.04 Italian support for the babel system
\it@lettering=\count302
\it@doublequoteactive=\count303
\it@ISOcompliance=\count304
)) (/usr/share/texmf-dist/tex/latex/draftfigure/draftfigure.sty
Package: draftfigure 2017/07/19 v0.2 draftfigure (LCB)
(/usr/share/texmf-dist/tex/latex/xkeyval/xkeyval.sty
Package: xkeyval 2020/11/20 v2.8 package option processing (HA)
(/usr/share/texmf-dist/tex/generic/xkeyval/xkeyval.tex (/usr/share/texmf-dist/t
ex/generic/xkeyval/xkvutils.tex
\XKV@toks=\toks34
\XKV@tempa@toks=\toks35
)
\XKV@depth=\count305
File: xkeyval.tex 2014/12/03 v2.7a key=value parser (HA)
)) (/usr/share/texmf-dist/tex/latex/tools/calc.sty
Package: calc 2017/05/25 v4.3 Infix arithmetic (KKT,FJ)
\calc@Acount=\count306
\calc@Bcount=\count307
\calc@Adimen=\dimen285
\calc@Bdimen=\dimen286
\calc@Askip=\skip86
\calc@Bskip=\skip87
LaTeX Info: Redefining \setlength on input line 80.
LaTeX Info: Redefining \addtolength on input line 81.
\calc@Ccount=\count308
\calc@Cskip=\skip88
)
\df@height=\skip89
\df@length=\skip90
) (/usr/share/texmf-dist/tex/latex/adjustbox/adjustbox.sty
Package: adjustbox 2020/08/19 v1.3 Adjusting TeX boxes (trim, clip, ...)
(/usr/share/texmf-dist/tex/latex/adjustbox/adjcalc.sty
Package: adjcalc 2012/05/16 v1.1 Provides advanced setlength with multiple back
-ends (calc, etex, pgfmath)
) (/usr/share/texmf-dist/tex/latex/adjustbox/trimclip.sty
Package: trimclip 2020/08/19 v1.2 Trim and clip general TeX material
(/usr/share/texmf-dist/tex/latex/collectbox/collectbox.sty
Package: collectbox 2012/05/17 v0.4b Collect macro arguments as boxes
\collectedbox=\box112
)
\tc@llx=\dimen287
\tc@lly=\dimen288
\tc@urx=\dimen289
\tc@ury=\dimen290
Package trimclip Info: Using driver 'tc-pdftex.def'.
(/usr/share/texmf-dist/tex/latex/adjustbox/tc-pdftex.def
File: tc-pdftex.def 2019/01/04 v2.2 Clipping driver for pdftex
))
\adjbox@Width=\dimen291
\adjbox@Height=\dimen292
\adjbox@Depth=\dimen293
\adjbox@Totalheight=\dimen294
\adjbox@pwidth=\dimen295
\adjbox@pheight=\dimen296
\adjbox@pdepth=\dimen297
\adjbox@ptotalheight=\dimen298
(/usr/share/texmf-dist/tex/latex/ifoddpage/ifoddpage.sty
Package: ifoddpage 2016/04/23 v1.1 Conditionals for odd/even page detection
\c@checkoddpage=\count309
) (/usr/share/texmf-dist/tex/latex/varwidth/varwidth.sty
Package: varwidth 2009/03/30 ver 0.92;  Variable-width minipages
\@vwid@box=\box113
\sift@deathcycles=\count310
\@vwid@loff=\dimen299
\@vwid@roff=\dimen300
)) (/usr/share/texmf-dist/tex/latex/float/float.sty
Package: float 2001/11/08 v1.3d Float enhancements (AL)
\c@float@type=\count311
\float@exts=\toks36
\float@box=\box114
\@float@everytoks=\toks37
\@floatcapt=\box115
) (/usr/share/texmf-dist/tex/generic/ulem/ulem.sty
\UL@box=\box116
\UL@hyphenbox=\box117
\UL@skip=\skip91
\UL@hook=\toks38
\UL@height=\dimen301
\UL@pe=\count312
\UL@pixel=\dimen302
\ULC@box=\box118
Package: ulem 2019/11/18
\ULdepth=\dimen303
) (/usr/share/texmf-dist/tex/latex/amsmath/amsmath.sty
Package: amsmath 2020/09/23 v2.17i AMS math features
\@mathmargin=\skip92
For additional information on amsmath, use the `?' option.
(/usr/share/texmf-dist/tex/latex/amsmath/amstext.sty
Package: amstext 2000/06/29 v2.01 AMS text
(/usr/share/texmf-dist/tex/latex/amsmath/amsgen.sty
File: amsgen.sty 1999/11/30 v2.0 generic functions
\@emptytoks=\toks39
\ex@=\dimen304
)) (/usr/share/texmf-dist/tex/latex/amsmath/amsbsy.sty
Package: amsbsy 1999/11/29 v1.2d Bold Symbols
\pmbraise@=\dimen305
) (/usr/share/texmf-dist/tex/latex/amsmath/amsopn.sty
Package: amsopn 2016/03/08 v2.02 operator names
)
\inf@bad=\count313
LaTeX Info: Redefining \frac on input line 234.
\uproot@=\count314
\leftroot@=\count315
LaTeX Info: Redefining \overline on input line 399.
\classnum@=\count316
\DOTSCASE@=\count317
LaTeX Info: Redefining \ldots on input line 496.
LaTeX Info: Redefining \dots on input line 499.
LaTeX Info: Redefining \cdots on input line 620.
\Mathstrutbox@=\box119
\strutbox@=\box120
\big@size=\dimen306
LaTeX Font Info:    Redeclaring font encoding OML on input line 743.
LaTeX Font Info:    Redeclaring font encoding OMS on input line 744.
\macc@depth=\count318
\c@MaxMatrixCols=\count319
\dotsspace@=\muskip17
\c@parentequation=\count320
\dspbrk@lvl=\count321
\tag@help=\toks40
\row@=\count322
\column@=\count323
\maxfields@=\count324
\andhelp@=\toks41
\eqnshift@=\dimen307
\alignsep@=\dimen308
\tagshift@=\dimen309
\tagwidth@=\dimen310
\totwidth@=\dimen311
\lineht@=\dimen312
\@envbody=\toks42
\multlinegap=\skip93
\multlinetaggap=\skip94
\mathdisplay@stack=\toks43
LaTeX Info: Redefining \[ on input line 2923.
LaTeX Info: Redefining \] on input line 2924.
) (/usr/share/texmf-dist/tex/latex/base/makeidx.sty
Package: makeidx 2014/09/29 v1.0m Standard LaTeX package
) (/usr/share/texmf-dist/tex/latex/multirow/multirow.sty
Package: multirow 2021/03/15 v2.8 Span multiple rows of a table
\multirow@colwidth=\skip95
\multirow@cntb=\count325
\multirow@dima=\skip96
\bigstrutjot=\dimen313
) (/usr/share/texmf-dist/tex/latex/titlesec/titlesec.sty
Package: titlesec 2019/10/16 v2.13 Sectioning titles
\ttl@box=\box121
\beforetitleunit=\skip97
\aftertitleunit=\skip98
\ttl@plus=\dimen314
\ttl@minus=\dimen315
\ttl@toksa=\toks44
\titlewidth=\dimen316
\titlewidthlast=\dimen317
\titlewidthfirst=\dimen318
) (/usr/share/texmf-dist/tex/latex/base/textcomp.sty
Package: textcomp 2020/02/02 v2.0n Standard LaTeX package
) (/usr/share/texmf-dist/tex/latex/background/background.sty
Package: background 2014/03/04 v2.1 background material
(/usr/share/texmf-dist/tex/latex/everypage/everypage.sty
Package: everypage 2020/10/17 R2.0b Hooks to run on every page

Package everypage Warning: Functionality similar to this package has recently
(everypage)                been implemented in LaTeX. This package is now in
(everypage)                legacy status.
(everypage)                Please, don't use it in new documents and packages.


Package everypage Warning: You appear to be running a version of LaTeX
(everypage)                providing the new functionality.
(everypage)                Doing the best to deliver the original `everypage`
(everypage)                interface on top of it. Strict equivalence is
(everypage)                not possible, breakage may occur.
(everypage)                If truly needed, Use `everypage-1x` to force the
(everypage)                loading of an older code base.

) (/usr/share/texmf-dist/tex/latex/tools/afterpage.sty
Package: afterpage 2014/10/28 v1.08 After-Page Package (DPC)
\AP@output=\toks45
\AP@partial=\box122
\AP@footins=\box123
)) (/usr/share/texmf-dist/tex/latex/hyperref/hyperref.sty
Package: hyperref 2021-02-27 v7.00k Hypertext links for LaTeX
(/usr/share/texmf-dist/tex/generic/pdftexcmds/pdftexcmds.sty
Package: pdftexcmds 2020-06-27 v0.33 Utility functions of pdfTeX for LuaTeX (HO
)
(/usr/share/texmf-dist/tex/generic/infwarerr/infwarerr.sty
Package: infwarerr 2019/12/03 v1.5 Providing info/warning/error messages (HO)
)
Package pdftexcmds Info: \pdf@primitive is available.
Package pdftexcmds Info: \pdf@ifprimitive is available.
Package pdftexcmds Info: \pdfdraftmode found.
) (/usr/share/texmf-dist/tex/generic/kvdefinekeys/kvdefinekeys.sty
Package: kvdefinekeys 2019-12-19 v1.6 Define keys (HO)
) (/usr/share/texmf-dist/tex/generic/pdfescape/pdfescape.sty
Package: pdfescape 2019/12/09 v1.15 Implements pdfTeX's escape features (HO)
) (/usr/share/texmf-dist/tex/latex/hycolor/hycolor.sty
Package: hycolor 2020-01-27 v1.10 Color options for hyperref/bookmark (HO)
) (/usr/share/texmf-dist/tex/latex/letltxmacro/letltxmacro.sty
Package: letltxmacro 2019/12/03 v1.6 Let assignment for LaTeX macros (HO)
) (/usr/share/texmf-dist/tex/latex/auxhook/auxhook.sty
Package: auxhook 2019-12-17 v1.6 Hooks for auxiliary files (HO)
)
\@linkdim=\dimen319
\Hy@linkcounter=\count326
\Hy@pagecounter=\count327
(/usr/share/texmf-dist/tex/latex/hyperref/pd1enc.def
File: pd1enc.def 2021-02-27 v7.00k Hyperref: PDFDocEncoding definition (HO)
Now handling font encoding PD1 ...
... no UTF-8 mapping file for font encoding PD1
) (/usr/share/texmf-dist/tex/latex/hyperref/hyperref-langpatches.def
File: hyperref-langpatches.def 2021-02-27 v7.00k Hyperref: patches for babel la
nguages
) (/usr/share/texmf-dist/tex/generic/intcalc/intcalc.sty
Package: intcalc 2019/12/15 v1.3 Expandable calculations with integers (HO)
) (/usr/share/texmf-dist/tex/generic/etexcmds/etexcmds.sty
Package: etexcmds 2019/12/15 v1.7 Avoid name clashes with e-TeX commands (HO)
)
\Hy@SavedSpaceFactor=\count328
(/usr/share/texmf-dist/tex/latex/hyperref/puenc.def
File: puenc.def 2021-02-27 v7.00k Hyperref: PDF Unicode definition (HO)
Now handling font encoding PU ...
... no UTF-8 mapping file for font encoding PU
)
Package hyperref Info: Option `unicode' set `true' on input line 4073.
Package hyperref Info: Option `bookmarks' set `true' on input line 4073.
Package hyperref Info: Option `breaklinks' set `false' on input line 4073.
Package hyperref Info: Option `colorlinks' set `false' on input line 4073.
Package hyperref Info: Hyper figures OFF on input line 4192.
Package hyperref Info: Link nesting OFF on input line 4197.
Package hyperref Info: Hyper index ON on input line 4200.
Package hyperref Info: Plain pages OFF on input line 4207.
Package hyperref Info: Backreferencing ON on input line 4210.
Package hyperref Info: Implicit mode ON; LaTeX internals redefined.
Package hyperref Info: Bookmarks ON on input line 4445.
(/usr/share/texmf-dist/tex/latex/hyperref/backref.sty
Package: backref 2021/02/04 v1.41 Bibliographical back referencing
(/usr/share/texmf-dist/tex/latex/rerunfilecheck/rerunfilecheck.sty
Package: rerunfilecheck 2019/12/05 v1.9 Rerun checks for auxiliary files (HO)
(/usr/share/texmf-dist/tex/latex/base/atveryend-ltx.sty
Package: atveryend-ltx 2020/08/19 v1.0a Emulation of the original atvery packag
e
with kernel methods
) (/usr/share/texmf-dist/tex/generic/uniquecounter/uniquecounter.sty
Package: uniquecounter 2019/12/15 v1.4 Provide unlimited unique counter (HO)
(/usr/share/texmf-dist/tex/generic/bigintcalc/bigintcalc.sty
Package: bigintcalc 2019/12/15 v1.5 Expandable calculations on big integers (HO
)
))
Package uniquecounter Info: New unique counter `rerunfilecheck' on input line 2
86.
))
\c@Hy@tempcnt=\count329
LaTeX Info: Redefining \url on input line 4804.
\XeTeXLinkMargin=\dimen320
(/usr/share/texmf-dist/tex/generic/bitset/bitset.sty
Package: bitset 2019/12/09 v1.3 Handle bit-vector datatype (HO)
)
\Fld@menulength=\count330
\Field@Width=\dimen321
\Fld@charsize=\dimen322
Package hyperref Info: Hyper figures OFF on input line 6075.
Package hyperref Info: Link nesting OFF on input line 6080.
Package hyperref Info: Hyper index ON on input line 6083.
Package hyperref Info: backreferencing ON on input line 6088.
Package hyperref Info: Link coloring OFF on input line 6095.
Package hyperref Info: Link coloring with OCG OFF on input line 6100.
Package hyperref Info: PDF/A mode OFF on input line 6105.
LaTeX Info: Redefining \ref on input line 6145.
LaTeX Info: Redefining \pageref on input line 6149.
(/usr/share/texmf-dist/tex/latex/base/atbegshi-ltx.sty
Package: atbegshi-ltx 2020/08/17 v1.0a Emulation of the original atbegshi packa
ge
with kernel methods
)
\Hy@abspage=\count331
\c@Item=\count332
\c@Hfootnote=\count333
)
Package hyperref Info: Driver (autodetected): hpdftex.
(/usr/share/texmf-dist/tex/latex/hyperref/hpdftex.def
File: hpdftex.def 2021-02-27 v7.00k Hyperref driver for pdfTeX
\Fld@listcount=\count334
\c@bookmark@seq@number=\count335
\Hy@SectionHShift=\skip99
)
Package hyperref Info: Option `colorlinks' set `true' on input line 40.
(/usr/share/texmf-dist/tex/latex/bookmark/bookmark.sty
Package: bookmark 2020-11-06 v1.29 PDF bookmarks (HO)
(/usr/share/texmf-dist/tex/latex/bookmark/bkm-pdftex.def
File: bkm-pdftex.def 2020-11-06 v1.29 bookmark driver for pdfTeX (HO)
\BKM@id=\count336
)) (/usr/share/texmf-dist/tex/latex/yfonts/yfonts.sty
Package: yfonts 2019/04/04 v1.4 (WaS&NP)
Now handling font encoding LY ...
... no UTF-8 mapping file for font encoding LY
Now handling font encoding LYG ...
... no UTF-8 mapping file for font encoding LYG
LaTeX Info: Composite with undeclared \" in encoding LYG on input line 58.
) (/usr/share/texmf-dist/tex/latex/lettrine/lettrine.sty
File: lettrine.sty 2020-03-14 v2.23 (Daniel Flipo)
(/usr/share/texmf-dist/tex/generic/minifp/minifp.sty
Package: minifp 2013/12/30 v0.96. Macros for real number operations and a stack
-based programing language.
\MFP@loopctr=\count337
)
\c@DefaultLines=\count338
\c@DefaultDepth=\count339
\DefaultFindent=\dimen323
\DefaultNindent=\dimen324
\DefaultSlope=\dimen325
\DiscardVskip=\dimen326
\L@lbox=\box124
\L@tbox=\box125
\c@L@lines=\count340
\c@L@depth=\count341
\L@Pindent=\dimen327
\L@Findent=\dimen328
\L@Nindent=\dimen329
\L@lraise=\dimen330
\L@first=\dimen331
\L@next=\dimen332
\L@slope=\dimen333
\L@height=\dimen334
\L@novskip=\dimen335
\L@target@ht=\dimen336
\L@target@dp=\dimen337
\L@target@tht=\dimen338
\LettrineWidth=\dimen339
\LettrineHeight=\dimen340
\LettrineDepth=\dimen341
\Llist@everypar=\toks46
Loading lettrine.cfg
(/usr/share/texmf-dist/tex/latex/lettrine/lettrine.cfg)) (/usr/share/texmf-dist
/tex/latex/fundus-calligra/calligra.sty
Package: calligra 2012/04/10 v1.9 LaTeX package calligra
) (/usr/share/texmf-dist/tex/latex/accanthis/accanthis.sty
Package: accanthis 2013/11/04 (Bob Tennent) Supports Accanthis No. 3 fonts for 
all LaTeX engines. 
(/usr/share/texmf-dist/tex/generic/iftex/ifxetex.sty
Package: ifxetex 2019/10/25 v0.7 ifxetex legacy package. Use iftex instead.
) (/usr/share/texmf-dist/tex/generic/iftex/ifluatex.sty
Package: ifluatex 2019/10/25 v1.5 ifluatex legacy package. Use iftex instead.
) (/usr/share/texmf-dist/tex/latex/base/fontenc.sty
Package: fontenc 2020/08/10 v2.0s Standard LaTeX package
) (/usr/share/texmf-dist/tex/latex/fontaxes/fontaxes.sty
Package: fontaxes 2020/07/21 v1.0e Font selection axes
LaTeX Info: Redefining \upshape on input line 29.
LaTeX Info: Redefining \itshape on input line 31.
LaTeX Info: Redefining \slshape on input line 33.
LaTeX Info: Redefining \swshape on input line 35.
LaTeX Info: Redefining \scshape on input line 37.
LaTeX Info: Redefining \sscshape on input line 39.
LaTeX Info: Redefining \ulcshape on input line 41.
LaTeX Info: Redefining \textsw on input line 47.
LaTeX Info: Redefining \textssc on input line 48.
LaTeX Info: Redefining \textulc on input line 49.
)) (/usr/share/texmf-dist/tex/latex/psnfss/palatino.sty
Package: palatino 2020/03/25 PSNFSS-v9.3 (SPQR) 
) (/usr/share/texmf-dist/tex/latex/wrapfig/wrapfig.sty
\wrapoverhang=\dimen342
\WF@size=\dimen343
\c@WF@wrappedlines=\count342
\WF@box=\box126
\WF@everypar=\toks47
Package: wrapfig 2003/01/31  v 3.6
) (/usr/share/texmf-dist/tex/latex/fancyhdr/fancyhdr.sty
Package: fancyhdr 2021/01/28 v4.0.1 Extensive control of page headers and foote
rs
\f@nch@headwidth=\skip100
\f@nch@O@elh=\skip101
\f@nch@O@erh=\skip102
\f@nch@O@olh=\skip103
\f@nch@O@orh=\skip104
\f@nch@O@elf=\skip105
\f@nch@O@erf=\skip106
\f@nch@O@olf=\skip107
\f@nch@O@orf=\skip108
) (/usr/share/texmf-dist/tex/latex/tcolorbox/tcbskins.code.tex
Library (tcolorbox): 'tcbskins.code.tex' version '4.42'
\tcb@waterbox=\box127
(/usr/share/texmf-dist/tex/latex/tcolorbox/tcbskinsjigsaw.code.tex
Library (tcolorbox): 'tcbskinsjigsaw.code.tex' version '4.42'
)) (/usr/share/texmf-dist/tex/latex/imakeidx/imakeidx.sty
Package: imakeidx 2016/10/15 v1.3e Package for typesetting indices in a synchro
nous mode
) (/usr/share/texmf-dist/tex/latex/cancel/cancel.sty
Package: cancel 2013/04/12 v2.2 Cancel math terms
)
\OBSS@idxfile=\write6
\openout6 = `OBSS.idx'.

Writing index file OBSS.idx
(/usr/share/texmf-dist/tex/latex/tools/tabularx.sty
Package: tabularx 2020/01/15 v2.11c `tabularx' package (DPC)
(/usr/share/texmf-dist/tex/latex/tools/array.sty
Package: array 2020/10/01 v2.5c Tabular extension package (FMi)
\col@sep=\dimen344
\ar@mcellbox=\box128
\extrarowheight=\dimen345
\NC@list=\toks48
\extratabsurround=\skip109
\backup@length=\skip110
\ar@cellbox=\box129
)
\TX@col@width=\dimen346
\TX@old@table=\dimen347
\TX@old@col=\dimen348
\TX@target=\dimen349
\TX@delta=\dimen350
\TX@cols=\count343
\TX@ftn=\toks49
) (/usr/share/texmf-dist/tex/latex/pdfpages/pdfpages.sty
Package: pdfpages 2021/03/06 v0.5t Insert pages of external PDF documents (AM)
(/usr/share/texmf-dist/tex/latex/base/ifthen.sty
Package: ifthen 2014/09/29 v1.1c Standard LaTeX ifthen package (DPC)
) (/usr/share/texmf-dist/tex/latex/eso-pic/eso-pic.sty
Package: eso-pic 2020/10/14 v3.0a eso-pic (RN)
\ESO@tempdima=\dimen351
\ESO@tempdimb=\dimen352
)
\AM@pagewidth=\dimen353
\AM@pageheight=\dimen354
\AM@fboxrule=\dimen355
(/usr/share/texmf-dist/tex/latex/pdfpages/pppdftex.def
File: pppdftex.def 2021/03/06 v0.5t Pdfpages driver for pdfTeX (AM)
)
\pdfpages@includegraphics@status=\count344
\AM@pagebox=\box130
\AM@global@opts=\toks50
\AM@pagecnt=\count345
\AM@toc@title=\toks51
\c@AM@survey=\count346
\AM@templatesizebox=\box131
)
LaTeX Font Info:    Trying to load font information for T1+ppl on input line 22
8.
(/usr/share/texmf-dist/tex/latex/psnfss/t1ppl.fd
File: t1ppl.fd 2001/06/04 font definitions for T1/ppl.
) (/usr/share/texmf-dist/tex/latex/l3backend/l3backend-pdftex.def
File: l3backend-pdftex.def 2021-03-18 L3 backend support: PDF output (pdfTeX)
\l__color_backend_stack_int=\count347
\l__pdf_internal_box=\box132
) (./OBSS.aux)
\openout1 = `OBSS.aux'.

LaTeX Font Info:    Checking defaults for OML/cmm/m/it on input line 228.
LaTeX Font Info:    ... okay on input line 228.
LaTeX Font Info:    Checking defaults for OMS/cmsy/m/n on input line 228.
LaTeX Font Info:    ... okay on input line 228.
LaTeX Font Info:    Checking defaults for OT1/cmr/m/n on input line 228.
LaTeX Font Info:    ... okay on input line 228.
LaTeX Font Info:    Checking defaults for T1/cmr/m/n on input line 228.
LaTeX Font Info:    ... okay on input line 228.
LaTeX Font Info:    Checking defaults for TS1/cmr/m/n on input line 228.
LaTeX Font Info:    ... okay on input line 228.
LaTeX Font Info:    Checking defaults for OMX/cmex/m/n on input line 228.
LaTeX Font Info:    ... okay on input line 228.
LaTeX Font Info:    Checking defaults for U/cmr/m/n on input line 228.
LaTeX Font Info:    ... okay on input line 228.
LaTeX Font Info:    Checking defaults for PD1/pdf/m/n on input line 228.
LaTeX Font Info:    ... okay on input line 228.
LaTeX Font Info:    Checking defaults for PU/pdf/m/n on input line 228.
LaTeX Font Info:    ... okay on input line 228.
LaTeX Font Info:    Checking defaults for LY/yfrak/m/n on input line 228.
LaTeX Font Info:    ... okay on input line 228.
LaTeX Font Info:    Checking defaults for LYG/ygoth/m/n on input line 228.
LaTeX Font Info:    ... okay on input line 228.
(/usr/share/texmf-dist/tex/context/base/mkii/supp-pdf.mkii
[Loading MPS to PDF converter (version 2006.09.02).]
\scratchcounter=\count348
\scratchdimen=\dimen356
\scratchbox=\box133
\nofMPsegments=\count349
\nofMParguments=\count350
\everyMPshowfont=\toks52
\MPscratchCnt=\count351
\MPscratchDim=\dimen357
\MPnumerator=\count352
\makeMPintoPDFobject=\count353
\everyMPtoPDFconversion=\toks53
) (/usr/share/texmf-dist/tex/latex/epstopdf-pkg/epstopdf-base.sty
Package: epstopdf-base 2020-01-24 v2.11 Base part for package epstopdf
Package epstopdf-base Info: Redefining graphics rule for `.eps' on input line 4
85.
(/usr/share/texmf-dist/tex/latex/latexconfig/epstopdf-sys.cfg
File: epstopdf-sys.cfg 2010/07/13 v1.3 Configuration of (r)epstopdf for TeX Liv
e
))
Package caption Info: Begin \AtBeginDocument code.
Package caption Info: float package is loaded.
Package caption Info: hyperref package is loaded.
Package caption Info: wrapfig package is loaded.
Package caption Info: End \AtBeginDocument code.
*geometry* driver: auto-detecting
*geometry* detected driver: pdftex

Package geometry Warning: The marginal notes overrun the paper.
     Add 65.0945pt and more to the right margin.

*geometry* verbose mode - [ preamble ] result:
* driver: pdftex
* paper: a4paper
* layout: <same size as paper>
* layoutoffset:(h,v)=(0.0pt,0.0pt)
* modes: twoside 
* h-part:(L,W,R)=(42.67912pt, 497.92325pt, 56.9055pt)
* v-part:(T,H,B)=(56.9055pt, 717.00946pt, 71.13188pt)
* \paperwidth=597.50787pt
* \paperheight=845.04684pt
* \textwidth=497.92325pt
* \textheight=717.00946pt
* \oddsidemargin=-29.59087pt
* \evensidemargin=-15.36449pt
* \topmargin=-45.43198pt
* \headheight=12.0pt
* \headsep=18.06749pt
* \topskip=10.0pt
* \footskip=25.29494pt
* \marginparwidth=115.0pt
* \marginparsep=7.0pt
* \columnsep=10.0pt
* \skip\footins=9.0pt plus 4.0pt minus 2.0pt
* \hoffset=0.0pt
* \voffset=0.0pt
* \mag=1000
* \@twocolumnfalse
* \@twosidetrue
* \@mparswitchtrue
* \@reversemarginfalse
* (1in=72.27pt=25.4mm, 1cm=28.453pt)

LaTeX Info: Redefining \it@ocap on input line 228.
LaTeX Info: Redefining \it@ccap on input line 228.
Package hyperref Info: Link coloring ON on input line 228.
(/usr/share/texmf-dist/tex/latex/hyperref/nameref.sty
Package: nameref 2021-04-02 v2.47 Cross-referencing by name of section
(/usr/share/texmf-dist/tex/latex/refcount/refcount.sty
Package: refcount 2019/12/15 v3.6 Data extraction from label references (HO)
) (/usr/share/texmf-dist/tex/generic/gettitlestring/gettitlestring.sty
Package: gettitlestring 2019/12/15 v1.6 Cleanup title references (HO)
)
\c@section@level=\count354
)
LaTeX Info: Redefining \ref on input line 228.
LaTeX Info: Redefining \pageref on input line 228.
LaTeX Info: Redefining \nameref on input line 228.
\c@mv@tabular=\count355
\c@mv@boldtabular=\count356
(/usr/share/texmf-dist/tex/latex/pdflscape/pdflscape.sty
Package: pdflscape 2019/12/05 v0.12 Display of landscape pages in PDF (HO)
(/usr/share/texmf-dist/tex/latex/graphics/lscape.sty
Package: lscape 2020/05/28 v3.02 Landscape Pages (DPC)
)
Package pdflscape Info: Auto-detected driver: pdftex on input line 81.
) [1

{/var/lib/texmf/fonts/map/pdftex/updmap/pdftex.map}] [2] (./OBSS.toc
LaTeX Font Info:    Trying to load font information for OT1+lmr on input line 3
.
(/usr/share/texmf-dist/tex/latex/lm/ot1lmr.fd
File: ot1lmr.fd 2015/05/01 v1.6.1 Font defs for Latin Modern
)
LaTeX Font Info:    Trying to load font information for OML+lmm on input line 3
.
(/usr/share/texmf-dist/tex/latex/lm/omllmm.fd
File: omllmm.fd 2015/05/01 v1.6.1 Font defs for Latin Modern
)
LaTeX Font Info:    Trying to load font information for OMS+lmsy on input line 
3.
(/usr/share/texmf-dist/tex/latex/lm/omslmsy.fd
File: omslmsy.fd 2015/05/01 v1.6.1 Font defs for Latin Modern
)
LaTeX Font Info:    Trying to load font information for OMX+lmex on input line 
3.
(/usr/share/texmf-dist/tex/latex/lm/omxlmex.fd
File: omxlmex.fd 2015/05/01 v1.6.1 Font defs for Latin Modern
)
LaTeX Font Info:    External font `lmex10' loaded for size
(Font)              <9> on input line 3.
LaTeX Font Info:    External font `lmex10' loaded for size
(Font)              <6> on input line 3.
LaTeX Font Info:    External font `lmex10' loaded for size
(Font)              <5> on input line 3.
pdfTeX warning (ext4): destination with the same identifier (name{page.1}) has 
been already used, duplicate ignored
<to be read again> 
                   \relax 
l.117 ...on}{Rete e Bolas}{52}{subsubsection*.116}
                                                  % [1]pdfTeX warning (ext4): d
estination with the same identifier (name{page.2}) has been already used, dupli
cate ignored
<to be read again> 
                   \relax 
l.246 ...ion}{Toccata e fuga}{76}{subsection*.245}
                                                  % [2] [3]
Underfull \hbox (badness 5607) in paragraph at lines 475--475
 [][] [][]\T1/ppl/m/n/9 Mo-di-fi-che al-l'E-qui-pag-gia-men-to dei 
 []

[4] [5])
\tf@toc=\write7
\openout7 = `OBSS.toc'.

[6]
LaTeX Font Info:    Trying to load font information for T1+AccanthisADFStdNoThr
ee-LF on input line 254.
(/usr/share/texmf-dist/tex/latex/accanthis/T1AccanthisADFStdNoThree-LF.fd
File: T1AccanthisADFStdNoThree-LF.fd 2013/11/04 (autoinst) Font definitions for
 T1/AccanthisADFStdNoThree-LF.
)
LaTeX Font Info:    Font shape `T1/AccanthisADFStdNoThree-LF/b/n' will be
(Font)              scaled to size 20.74pt on input line 254.
LaTeX Font Info:    Font shape `T1/calligra/m/n' will be
(Font)              scaled to size 14.40002pt on input line 259.
LaTeX Font Info:    Font shape `T1/calligra/m/n' will be
(Font)              scaled to size 31.67986pt on input line 259.
LaTeX Font Info:    Font shape `T1/calligra/m/n' will be
(Font)              scaled to size 31.22884pt on input line 259.
Package lettrine.sty Info: Targeted height = 17.5999pt
(lettrine.sty)             (for loversize=0, accent excluded),
(lettrine.sty)             Lettrine height = 21.04736pt (O) loversize=0.25;
(lettrine.sty)             reported on input line 259.
[7]
<immagini/Dragon_by_Henry_Justice_Ford_grey.jpg, id=1490, 740.7675pt x 435.8784
3pt>
LaTeX Font Info:    Trying to load font information for T1+pcr on input line 35
0.
(/usr/share/texmf-dist/tex/latex/psnfss/t1pcr.fd
File: t1pcr.fd 2001/06/04 font definitions for T1/pcr.
)
LaTeX Font Info:    Trying to load font information for T1+phv on input line 35
0.
(/usr/share/texmf-dist/tex/latex/psnfss/t1phv.fd
File: t1phv.fd 2020/03/25 scalable font definitions for T1/phv.
)
LaTeX Font Info:    External font `lmex10' loaded for size
(Font)              <10> on input line 350.
LaTeX Font Info:    External font `lmex10' loaded for size
(Font)              <7> on input line 350.
[8] [9]
LaTeX Font Info:    Font shape `T1/AccanthisADFStdNoThree-LF/b/n' will be
(Font)              scaled to size 14.4pt on input line 364.

LaTeX Font Warning: Font shape `T1/AccanthisADFStdNoThree-LF/b/sc' undefined
(Font)              using `T1/AccanthisADFStdNoThree-LF/b/n' instead on input l
ine 364.

Package lettrine.sty Info: Targeted height = 17.5999pt
(lettrine.sty)             (for loversize=0, accent excluded),
(lettrine.sty)             Lettrine height = 21.04736pt (T) loversize=0.25;
(lettrine.sty)             reported on input line 368.
<immagini/spiritomagia2.png, id=1500, 144.54pt x 212.4738pt>
[10]
<immagini/Sakramentarz_tyniecki_02.png, id=1506, 555.92308pt x 752.34923pt>
<immagini/cavaliere2.png, id=1507, 321.2pt x 406.51875pt>
[11]
<immagini/Jan_Steen2.png, id=1513, 144.54pt x 101.178pt>
[12]
Package lettrine.sty Info: Targeted height = 17.5999pt
(lettrine.sty)             (for loversize=0, accent excluded),
(lettrine.sty)             Lettrine height = 20.31349pt (Y) loversize=0.25;
(lettrine.sty)             reported on input line 526.
LaTeX Font Info:    Font shape `T1/AccanthisADFStdNoThree-LF/b/sc' will be
(Font)              scaled to size 14.4pt on input line 530.
<immagini/uomovitruviano2.png, id=1518, 602.25pt x 856.19875pt>
[13]
<immagini/elf.png, id=1523, 451.6875pt x 608.2725pt>
<immagini/DnD_Dwarf.png, id=1524, 192.72pt x 243.309pt>
[14]
<immagini/halfelf.png, id=1529, 144.54pt x 206.4513pt>
<immagini/halforc.png, id=1530, 602.25pt x 747.79375pt>
[15]
<immagini/diverso.jpg, id=1535, 903.375pt x 597.73312pt>
[16]
Package lettrine.sty Info: Targeted height = 17.5999pt
(lettrine.sty)             (for loversize=0, accent excluded),
(lettrine.sty)             Lettrine height = 21.04736pt (O) loversize=0.25;
(lettrine.sty)             reported on input line 846.

Underfull \hbox (badness 5533) in paragraph at lines 864--865
\T1/ppl/m/n/10 mal-men-te. La pre-sen-za di lu-ce non al-te-ra la
 []

<immagini/mostro.png, id=1540, 96.36pt x 131.2905pt>
<immagini/argus2.png, id=1541, 120.45pt x 83.3514pt>
[17]
<immagini/grabroid.png, id=1548, 602.25pt x 451.6875pt>
[18]
Package lettrine.sty Info: Targeted height = 17.5999pt
(lettrine.sty)             (for loversize=0, accent excluded),
(lettrine.sty)             Lettrine height = 21.04736pt (O) loversize=0.25;
(lettrine.sty)             reported on input line 936.
<immagini/dice3.png, id=1554, 259.97125pt x 341.275pt>
<immagini/cavaliereprimopiano.png, id=1555, 96.36pt x 108.8868pt>
[19]
LaTeX Font Info:    Font shape `T1/AccanthisADFStdNoThree-LF/b/n' will be
(Font)              scaled to size 10.0pt on input line 995.
LaTeX Font Info:    Font shape `T1/AccanthisADFStdNoThree-LF/b/sc' will be
(Font)              scaled to size 10.0pt on input line 995.
<immagini/guerrieroispirato.png, id=1561, 96.36pt x 143.3355pt>
[20]
Overfull \vbox (0.80652pt too high) has occurred while \output is active []

[21]
Package lettrine.sty Info: Targeted height = 17.5999pt
(lettrine.sty)             (for loversize=0, accent excluded),
(lettrine.sty)             Lettrine height = 20.31349pt (I) loversize=0.25;
(lettrine.sty)             reported on input line 1158.
<immagini/heart3.png, id=1570, 467.7475pt x 153.57375pt>
LaTeX Font Info:    Trying to load font information for TS1+ppl on input line 1
180.
(/usr/share/texmf-dist/tex/latex/psnfss/ts1ppl.fd
File: ts1ppl.fd 2001/06/04 font definitions for TS1/ppl.
)
Package lettrine.sty Info: Targeted height = 17.5999pt
(lettrine.sty)             (for loversize=0, accent excluded),
(lettrine.sty)             Lettrine height = 20.31349pt (I) loversize=0.25;
(lettrine.sty)             reported on input line 1201.
<immagini/rabbits-foot.png, id=1571, 240.9pt x 160.6803pt>
[22]
Package lettrine.sty Info: Targeted height = 17.5999pt
(lettrine.sty)             (for loversize=0, accent excluded),
(lettrine.sty)             Lettrine height = 20.31349pt (I) loversize=0.25;
(lettrine.sty)             reported on input line 1243.
[23]
<immagini/troll.png, id=1582, 96.36pt x 87.6876pt>
[24]
Package lettrine.sty Info: Targeted height = 17.5999pt
(lettrine.sty)             (for loversize=0, accent excluded),
(lettrine.sty)             Lettrine height = 21.04736pt (O) loversize=0.25;
(lettrine.sty)             reported on input line 1517.

Overfull \hbox (10.88002pt too wide) in alignment at lines 1580--1580
[][][][][] 
 []

[25] [26]
Underfull \hbox (badness 6493) in paragraph at lines 1657--1658
[]\T1/ppl/b/n/10 Cavalcare (SAG)\T1/ppl/m/n/10 : Con que-sta com-pe-ten-za 
 []

[27] [28]
<immagini/giavellottiragazzo4.png, id=1606, 401.5pt x 422.57875pt>
[29]
Package lettrine.sty Info: Targeted height = 17.5999pt
(lettrine.sty)             (for loversize=0, accent excluded),
(lettrine.sty)             Lettrine height = 21.04736pt (C) loversize=0.25;
(lettrine.sty)             reported on input line 1856.
<immagini/Leonidas_I_of_Sparta.png, id=1613, 401.5pt x 547.04375pt>
[30]
<immagini/Alexander_and_Bucephalus_-_Battle_of_Issus_mosaic.png, id=1634, 401.5
pt x 284.06125pt>
[31]
<immagini/threasure2.png, id=1643, 803.0pt x 299.1175pt>
[32]
Package lettrine.sty Info: Targeted height = 17.5999pt
(lettrine.sty)             (for loversize=0, accent excluded),
(lettrine.sty)             Lettrine height = 21.04736pt (L) loversize=0.25;
(lettrine.sty)             reported on input line 2079.
<immagini/master2.png, id=1649, 602.25pt x 365.365pt>
<immagini/difficulty.png, id=1650, 602.25pt x 484.81125pt>

Underfull \hbox (badness 10000) in paragraph at lines 2132--2132
[]|\T1/ppl/b/n/10 Descrizione
 []


Underfull \hbox (badness 10000) in paragraph at lines 2132--2132
[]|\T1/ppl/m/n/10 Estremamente
 []


Underfull \hbox (badness 6364) in paragraph at lines 2132--2132
[]|\T1/ppl/m/n/10 Quasi im-pos-si-
 []


Overfull \hbox (0.10231pt too wide) in paragraph at lines 2132--2133
[][] 
 []

[33]
<immagini/Foster_Bible_Pictures.png, id=1655, 602.25pt x 728.7225pt>
[34] [35]
Overfull \hbox (15.74602pt too wide) in paragraph at lines 2369--2381
[][]  
 []

[36] [37]
Package lettrine.sty Info: Targeted height = 17.5999pt
(lettrine.sty)             (for loversize=0, accent excluded),
(lettrine.sty)             Lettrine height = 20.31349pt (I) loversize=0.25;
(lettrine.sty)             reported on input line 2492.
<immagini/Achildbookofwarriors.png, id=1675, 602.25pt x 886.31125pt>
[38]
<immagini/Arthur-Pyle_Two_Knights.png, id=1680, 36.135pt x 20.7174pt>
<immagini/hjford-fight.jpg, id=1681, 566.115pt x 864.22874pt>
[39]
Overfull \hbox (1.32605pt too wide) in paragraph at lines 2623--2652
[][] 
 []

<immagini/Perseus_Fighting_Phineus_and_his_Companions.png, id=1686, 144.54pt x 
112.9821pt>
[40]
<immagini/camminata.jpg, id=1691, 1499.6025pt x 732.7375pt>
[41]
<immagini/Nuremberg_chronicles.png, id=1699, 602.25pt x 513.92pt>
<immagini/giantdeath.png, id=1701, 602.25pt x 777.90625pt>
[42]
<immagini/caravaggioSalomeLondon.png, id=1709, 144.54pt x 122.859pt>
[43]
<immagini/Coypel_Charles-Antoine_-_Fury_of_Achilles_-_1737.png, id=1714, 602.25
pt x 396.48125pt>
[44]
<immagini/critico.png, id=1719, 602.25pt x 465.74pt>
<immagini/esplosionedanno.png, id=1720, 602.25pt x 931.48pt>
[45]
<immagini/archer.png, id=1725, 919.435pt x 511.9125pt>
[46]
<immagini/fenice.png, id=1730, 602.25pt x 965.6075pt>
[47]
<immagini/vantaggio.png, id=1736, 602.25pt x 932.48375pt>
<immagini/carica.png, id=1737, 602.25pt x 383.4325pt>
[48]
<immagini/pilum.png, id=1742, 602.25pt x 335.2525pt>
<immagini/colpodigrazia.png, id=1743, 602.25pt x 416.55624pt>
[49]
<immagini/angelospadone.png, id=1748, 673.51625pt x 1284.8pt>

Overfull \hbox (7.7463pt too wide) in paragraph at lines 3252--3258
[][] 
 []

[50]
<immagini/twoweapon.jpg, id=1755, 213.04594pt x 191.9672pt>
[51]
<immagini/teseo.png, id=1760, 602.25pt x 841.1425pt>
<immagini/alfieri37.jpg, id=1761, 64.5612pt x 45.40965pt>
[52]
<immagini/cavallo2.png, id=1766, 144.54pt x 216.0873pt>
[53]
<immagini/napoleone.png, id=1772, 602.25pt x 733.74126pt>
[54]
Package lettrine.sty Info: Targeted height = 17.5999pt
(lettrine.sty)             (for loversize=0, accent excluded),
(lettrine.sty)             Lettrine height = 20.31349pt (N) loversize=0.25;
(lettrine.sty)             reported on input line 3553.
<immagini/hide.jpg, id=1777, 991.705pt x 638.385pt>
<immagini/brickwall.png, id=1778, 401.5pt x 268.00125pt>
[55] [56]
Package lettrine.sty Info: Targeted height = 17.5999pt
(lettrine.sty)             (for loversize=0, accent excluded),
(lettrine.sty)             Lettrine height = 21.04736pt (O) loversize=0.25;
(lettrine.sty)             reported on input line 3664.
<immagini/arma-mazza3.jpg, id=1788, 323.70938pt x 136.25906pt>
<immagini/arma-arco.jpg, id=1789, 288.3272pt x 184.43906pt>
[57]
<immagini/arma-balestra.png, id=1794, 602.25pt x 297.11pt>
<immagini/arma-mazzafrusto-mazza8.jpg, id=1795, 180.675pt x 241.65282pt>
[58]
<immagini/sciabole.png, id=1800, 602.25pt x 608.2725pt>
<immagini/arma-asta.png, id=1801, 451.6875pt x 503.63156pt>
[59]
<immagini/arma-tipi-di-spade.png, id=1807, 451.6875pt x 306.39468pt>
<immagini/scudotorre.png, id=1808, 144.54pt x 96.1191pt>
[60]
Underfull \hbox (badness 6204) in paragraph at lines 3983--3984
\T1/ppl/m/n/10 Pugnale, Maz-za Leg-ge-ra, Ran-del-lo, Mor-ning-star,
 []

[61]
Package lettrine.sty Info: Targeted height = 17.5999pt
(lettrine.sty)             (for loversize=0, accent excluded),
(lettrine.sty)             Lettrine height = 21.04736pt (L) loversize=0.25;
(lettrine.sty)             reported on input line 4005.
[62]
<immagini/animalia3.png, id=1822, 542.025pt x 326.21875pt>
<immagini/horsearcher.png, id=1823, 602.25pt x 436.63126pt>
[63]
<immagini/Historia_Mundi_Naturalis.jpg, id=1829, 702.625pt x 454.69875pt>
[64]
<immagini/oggettimagiciuomo.png, id=1834, 144.54pt x 163.5711pt>
[65]
<immagini/distillare.png, id=1840, 602.25pt x 780.9175pt>
[66]
<immagini/Early_Egyptian_juggling_art.jpg, id=1845, 1027.84pt x 557.08125pt>

Underfull \hbox (badness 5245) in paragraph at lines 4497--4498
[]\T1/ppl/m/n/10 Per sca-ri-ca-re l'in-can-te-si-mi non de-vi fa-re un
 []

[67] [68]
<immagini/Portrait_of_V_Greatrakesv2.png, id=1854, 602.25pt x 691.58376pt>

Underfull \hbox (badness 5741) in paragraph at lines 4624--4625
[]\T1/ppl/m/n/10 La \T1/ppl/b/n/10 se-con-da vol-ta \T1/ppl/m/n/10 che pren-di 
que-sta Abi-li-t
 []

<immagini/kameame.png, id=1855, 602.25pt x 429.605pt>
[69]
Underfull \hbox (badness 5741) in paragraph at lines 4738--4739
[]\T1/ppl/m/n/10 La \T1/ppl/b/n/10 se-con-da vol-ta \T1/ppl/m/n/10 che pren-di 
que-sta Abi-li-t
 []

<immagini/elcolosso.png, id=1860, 451.6875pt x 507.39563pt>
[70] [71]
Underfull \hbox (badness 5741) in paragraph at lines 4863--4864
[]\T1/ppl/m/n/10 La \T1/ppl/b/n/10 se-con-da vol-ta \T1/ppl/m/n/10 che pren-di 
que-sta Abi-li-t
 []

<immagini/streghegoya.png, id=1870, 447.03093pt x 639.25423pt>
[72]
<immagini/turning-undead-six.jpg, id=1875, 429.10312pt x 651.18282pt>
[73]
Overfull \hbox (15.57498pt too wide) in paragraph at lines 5066--5066
[]|\T1/ppl/m/n/10 Livello
 []


Overfull \hbox (0.96544pt too wide) in paragraph at lines 5066--5066
\T1/ppl/m/n/10 Inc.| 
 []

[74]
<immagini/kenilguerriero.png, id=1886, 595.22375pt x 746.79pt>
[75]
<immagini/Philip_Burne-Jones_-_The_Vampire4.jpg, id=1891, 526.96875pt x 421.575
pt>
[76] [77]
Package lettrine.sty Info: Targeted height = 17.5999pt
(lettrine.sty)             (for loversize=0, accent excluded),
(lettrine.sty)             Lettrine height = 20.31349pt (I) loversize=0.25;
(lettrine.sty)             reported on input line 5477.

Overfull \hbox (47.4696pt too wide) in paragraph at lines 5514--5515
[][]  
 []

<immagini/donnadrago2.png, id=1901, 602.25pt x 969.6225pt>
[78] [79]
Package lettrine.sty Info: Targeted height = 17.5999pt
(lettrine.sty)             (for loversize=0, accent excluded),
(lettrine.sty)             Lettrine height = 20.31349pt (Q) loversize=0.25;
(lettrine.sty)             reported on input line 5617.
<immagini/morteachille.png, id=1910, 144.54pt x 140.2038pt>
<immagini/the-scream.png, id=1911, 602.25pt x 760.8425pt>
[80] [81]
Package lettrine.sty Info: Targeted height = 17.5999pt
(lettrine.sty)             (for loversize=0, accent excluded),
(lettrine.sty)             Lettrine height = 21.04736pt (L) loversize=0.25;
(lettrine.sty)             reported on input line 5747.
<immagini/Hex32.jpg, id=1920, 244.2726pt x 324.2514pt>
<immagini/infanticidalwitch.jpg, id=1921, 626.34pt x 628.3475pt>
[82]
<immagini/Leonids-1833.jpg, id=1926, 500.87125pt x 766.865pt>
[83]
<immagini/merlin.png, id=1932, 144.54pt x 157.5486pt>
[84] [85]
<immagini/3dforme.png, id=1941, 602.25pt x 975.645pt>
[86]
<immagini/spellbook.jpg, id=1947, 96.36pt x 63.5976pt>
[87]
<immagini/donnaserpente.png, id=1953, 602.25pt x 362.35374pt>
[88] [89] [90] [91] [92] [93] [94] [95] [96] [97] [98] [99] [100] [101] [102] [
103] [104] [105] [106] [107] [108] [109] [110] [111] [112] [113] [114] [115] [1
16] [117] [118] [119] [120] [121] [122] [123] [124] [125] [126] [127] [128] [12
9] [130] [131] [132] [133] [134] [135] [136] [137] [138] [139] [140] [141] [142
] [143] [144] [145] [146] [147] [148] [149] [150] [151] [152] [153] [154] [155]
[156] [157] [158] [159] [160] [161] [162] [163] [164] [165] [166] [167] [168] [
169] [170] [171]
Package lettrine.sty Info: Targeted height = 17.5999pt
(lettrine.sty)             (for loversize=0, accent excluded),
(lettrine.sty)             Lettrine height = 21.04736pt (O) loversize=0.25;
(lettrine.sty)             reported on input line 11076.

Overfull \hbox (27.26054pt too wide) in paragraph at lines 11109--11109
[]  
 []

<immagini/claw.png, id=2309, 1923.185pt x 2314.6475pt>
[172]
<immagini/shadow.png, id=2315, 796.9775pt x 860.21375pt>
[173]
<immagini/braille.png, id=2321, 610.28pt x 111.41624pt>
[174] [175]
Package lettrine.sty Info: Targeted height = 17.5999pt
(lettrine.sty)             (for loversize=0, accent excluded),
(lettrine.sty)             Lettrine height = 20.31349pt (U) loversize=0.25;
(lettrine.sty)             reported on input line 11347.
[176] [177] [178] [179] [180] [181]
Package lettrine.sty Info: Targeted height = 17.5999pt
(lettrine.sty)             (for loversize=0, accent excluded),
(lettrine.sty)             Lettrine height = 20.31349pt (I) loversize=0.25;
(lettrine.sty)             reported on input line 11945.
[182] [183] [184] [185] [186] [187] [188] [189] [190] [191] [192] [193] [194] [
195] [196] [197]
Overfull \hbox (15.18164pt too wide) in paragraph at lines 12846--12876
[]  
 []

[198]
Package lettrine.sty Info: Targeted height = 17.5999pt
(lettrine.sty)             (for loversize=0, accent excluded),
(lettrine.sty)             Lettrine height = 21.04736pt (L) loversize=0.25;
(lettrine.sty)             reported on input line 12900.

Overfull \hbox (5.04607pt too wide) in paragraph at lines 12924--12934
[][]  
 []

[199]
Overfull \hbox (22.35265pt too wide) in paragraph at lines 13042--13062
[][]  
 []

[200]
<immagini/bow2.png, id=2456, 1003.75pt x 1003.75pt>
[201]
<immagini/armiriempitivo3.png, id=2462, 578.16pt x 392.4261pt>
[202]
Package lettrine.sty Info: Targeted height = 17.5999pt
(lettrine.sty)             (for loversize=0, accent excluded),
(lettrine.sty)             Lettrine height = 21.04736pt (L) loversize=0.25;
(lettrine.sty)             reported on input line 13190.
[203]
<immagini/donnacavalierecavallo.png, id=2472, 144.54pt x 224.7597pt>
[204] [205]
<immagini/armaturacorpetto.png, id=2481, 144.54pt x 183.5658pt>
[206]
Package lettrine.sty Info: Targeted height = 17.5999pt
(lettrine.sty)             (for loversize=0, accent excluded),
(lettrine.sty)             Lettrine height = 20.31349pt (N) loversize=0.25;
(lettrine.sty)             reported on input line 13439.
<immagini/jewelry-box-2931784_1280.png, id=2486, 401.5pt x 216.81pt>
[207]
Underfull \hbox (badness 10000) in paragraph at lines 13541--13541
[]|\T1/ppl/m/n/10 Custodia per Map-
 []


Underfull \hbox (badness 2261) in paragraph at lines 13541--13541
[]|\T1/ppl/m/n/10 Sfere Me-tal-li-che (sac-chet-to da
 []

[208]
<immagini/stadera.png, id=2495, 144.54pt x 224.7597pt>
<immagini/forziere.jpg, id=2496, 1090.0725pt x 1028.84375pt>
[209]
<immagini/lanterna.png, id=2502, 194.7275pt x 259.97125pt>
<immagini/serratura.jpg, id=2503, 602.25pt x 485.815pt>
[210]
<immagini/tribolo.png, id=2508, 126.7134pt x 121.4136pt>
<immagini/zaino.png, id=2509, 602.25pt x 602.25pt>
[211] [212]
<immagini/bardatura.png, id=2518, 602.25pt x 770.88pt>
<immagini/sella2.png, id=2519, 529.98pt x 600.2425pt>
[213]
<immagini/mendicante.png, id=2524, 451.6875pt x 567.62062pt>
<immagini/mercante.png, id=2525, 602.25pt x 445.665pt>
[214]
<immagini/lucullo.png, id=2531, 482.80376pt x 572.1375pt>
<immagini/riempitivocavalieriapranzo.png, id=2532, 144.54pt x 207.8967pt>
[215]
<immagini/carrozza.png, id=2538, 602.25pt x 450.68375pt>
[216]
Underfull \hbox (badness 6927) in paragraph at lines 14041--14041
[]|\T1/ppl/b/n/10 Tipo di og-get-to in
 []

[217]
<immagini/mithral.png, id=2547, 451.6875pt x 451.6875pt>
<immagini/dragonhide.png, id=2548, 240.9pt x 180.675pt>
[218]
Package lettrine.sty Info: Targeted height = 17.5999pt
(lettrine.sty)             (for loversize=0, accent excluded),
(lettrine.sty)             Lettrine height = 20.31349pt (Q) loversize=0.25;
(lettrine.sty)             reported on input line 14143.

Underfull \hbox (badness 5652) in paragraph at lines 14169--14169
[]|\T1/ppl/b/n/10 Taglia de-gli
 []


Underfull \hbox (badness 10000) in paragraph at lines 14169--14169
[]|\T1/ppl/b/n/10 Modificatore
 []


Overfull \hbox (1.05159pt too wide) in paragraph at lines 14169--14169
[]|\T1/ppl/m/n/10 Mastodontica| 
 []

[219]
<immagini/portarinforzata2.png, id=2557, 602.25pt x 760.8425pt>

Overfull \hbox (52.13187pt too wide) in paragraph at lines 14251--14270
[][]  
 []

[220]
Package lettrine.sty Info: Targeted height = 17.5999pt
(lettrine.sty)             (for loversize=0, accent excluded),
(lettrine.sty)             Lettrine height = 20.31349pt (D) loversize=0.25;
(lettrine.sty)             reported on input line 14319.
<immagini/oscurita.png, id=2562, 602.25pt x 657.45625pt>

Overfull \hbox (9.686pt too wide) in paragraph at lines 14359--14370
[][]  
 []

[221]
<immagini/oggetticadenti.png, id=2569, 602.25pt x 937.5025pt>
[222] [223]
<immagini/affogare.png, id=2578, 602.25pt x 919.435pt>
<immagini/desert.png, id=2579, 401.5pt x 274.02374pt>
<immagini/fuocopericolo.png, id=2580, 144.54pt x 254.8722pt>
[224]
<immagini/snowfall.png, id=2585, 301.125pt x 225.84375pt>

Overfull \vbox (6.59395pt too high) has occurred while \output is active []


Overfull \vbox (0.56812pt too high) has occurred while \output is active []

[225]
<immagini/Paesaggio-pioggia-Auvers.png, id=2590, 144.54pt x 71.5473pt>
[226]
<immagini/Vincent_van_Gogh_tempesta.png, id=2595, 602.25pt x 297.11pt>
[227]
Underfull \hbox (badness 10000) in paragraph at lines 14783--14783
[]|\T1/ppl/b/n/10 Forza del
 []


Underfull \hbox (badness 10000) in paragraph at lines 14783--14783
[]|\T1/ppl/b/n/10 Velocit del
 []

[228]
Package lettrine.sty Info: Targeted height = 17.5999pt
(lettrine.sty)             (for loversize=0, accent excluded),
(lettrine.sty)             Lettrine height = 21.04736pt (L) loversize=0.25;
(lettrine.sty)             reported on input line 14829.
[229]
<immagini/avventure_acqua_grey.jpg, id=2609, 566.115pt x 928.46875pt>
<immagini/acquapericoli.png, id=2610, 144.54pt x 108.405pt>
[230]
<immagini/navenotte.png, id=2615, 144.54pt x 225.4824pt>

Overfull \hbox (21.6539pt too wide) in paragraph at lines 14952--14963
[][]  
 []

[231]
Package lettrine.sty Info: Targeted height = 17.5999pt
(lettrine.sty)             (for loversize=0, accent excluded),
(lettrine.sty)             Lettrine height = 21.04736pt (A) loversize=0.25;
(lettrine.sty)             reported on input line 14974.
<immagini/cavalieri.png, id=2620, 144.54pt x 93.7101pt>
<immagini/muraparigi.png, id=2621, 602.25pt x 450.68375pt>
[232]
<immagini/armidaassedio.png, id=2627, 602.25pt x 399.4925pt>
[233]
Overfull \hbox (5.086pt too wide) in paragraph at lines 15107--15107
[]|\T1/ppl/b/n/10 Costo
 []


Overfull \hbox (10.08612pt too wide) in paragraph at lines 15107--15107
[]|\T1/ppl/b/n/10 Danno| 
 []


Overfull \hbox (10.62604pt too wide) in paragraph at lines 15107--15107
[]|\T1/ppl/b/n/10 Gittata| 
 []


Overfull \hbox (11.74603pt too wide) in paragraph at lines 15107--15107
[]|\T1/ppl/b/n/10 Soldati| 
 []


Overfull \vbox (28.97256pt too high) has occurred while \output is active []


Overfull \vbox (28.97256pt too high) has occurred while \output is active []

[234] [235]
Package lettrine.sty Info: Targeted height = 17.5999pt
(lettrine.sty)             (for loversize=0, accent excluded),
(lettrine.sty)             Lettrine height = 20.31349pt (I) loversize=0.25;
(lettrine.sty)             reported on input line 15153.
[236] [237]
Package lettrine.sty Info: Targeted height = 17.5999pt
(lettrine.sty)             (for loversize=0, accent excluded),
(lettrine.sty)             Lettrine height = 20.31349pt (D) loversize=0.25;
(lettrine.sty)             reported on input line 15227.
<immagini/dungeon.png, id=2649, 144.54pt x 166.9437pt>
<immagini/avventure_dungeon.png, id=2650, 970.62625pt x 594.22pt>
[238] [239]
<immagini/pavimento_grey.jpg, id=2660, 96.36pt x 64.0794pt>
[240] [241]
<immagini/porta_grey.png, id=2669, 401.5pt x 274.02374pt>
[242]
<immagini/cardini.png, id=2674, 602.25pt x 340.27126pt>
<immagini/arcoserpenti.png, id=2675, 602.25pt x 950.55125pt>
[243]
<immagini/funghi.png, id=2680, 602.25pt x 339.2675pt>
[244] [245]
Package lettrine.sty Info: Targeted height = 17.5999pt
(lettrine.sty)             (for loversize=0, accent excluded),
(lettrine.sty)             Lettrine height = 20.31349pt (I) loversize=0.25;
(lettrine.sty)             reported on input line 15568.
<immagini/boscopericoli.png, id=2690, 144.54pt x 195.3699pt>
[246]
<immagini/neodimio.png, id=2695, 602.25pt x 587.19376pt>
[247]
<immagini/ederavelenosa.png, id=2700, 602.25pt x 429.605pt>
[248]
<immagini/medusa.png, id=2705, 144.54pt x 188.3838pt>
[249]
Underfull \hbox (badness 10000) in paragraph at lines 15774--15774
[]|\T1/ppl/m/n/10 Pericolosit
 []


Underfull \hbox (badness 10000) in paragraph at lines 15789--15789
[]|\T1/ppl/m/n/10 Livello
 []


Underfull \hbox (badness 10000) in paragraph at lines 15789--15789
\T1/ppl/m/n/10 Per-so-
 []


Overfull \hbox (7.24112pt too wide) in paragraph at lines 15789--15789
[]|\T1/ppl/m/n/10 Pericolosa| 
 []

[250] [251] [252] [253] [254] [255]
Overfull \hbox (10.15964pt too wide) in paragraph at lines 16676--16676
[]|\T1/ppl/b/n/10 Modificatore
 []

[256] [257] [258]
Package lettrine.sty Info: Targeted height = 17.5999pt
(lettrine.sty)             (for loversize=0, accent excluded),
(lettrine.sty)             Lettrine height = 20.31349pt (I) loversize=0.25;
(lettrine.sty)             reported on input line 16795.
<immagini/potion.png, id=2748, 96.36pt x 144.54pt>
[259]
<immagini/poison.png, id=2754, 407.5225pt x 722.7pt>
<immagini/funeralebarca.png, id=2755, 144.54pt x 75.8835pt>
[260]
Underfull \hbox (badness 10000) in alignment at lines 16942--16942
[][][][][][] 
 []

<immagini/mandragola2.png, id=2760, 451.6875pt x 708.39656pt>
[261] [262] [263] [264]
Package lettrine.sty Info: Targeted height = 17.5999pt
(lettrine.sty)             (for loversize=0, accent excluded),
(lettrine.sty)             Lettrine height = 20.31349pt (I) loversize=0.25;
(lettrine.sty)             reported on input line 17211.

Underfull \hbox (badness 10000) in alignment at lines 17254--17254
[][][][] 
 []

[265]
Underfull \hbox (badness 10000) in paragraph at lines 17342--17342
[]|\T1/ppl/b/n/10 Strada
 []


Underfull \hbox (badness 10000) in paragraph at lines 17342--17342
[]|\T1/ppl/b/n/10 Strada
 []


Underfull \hbox (badness 10000) in paragraph at lines 17342--17342
[]|\T1/ppl/b/n/10 Sentiero
 []


Underfull \hbox (badness 6284) in paragraph at lines 17342--17342
\T1/ppl/b/n/10 non bat-
 []


Underfull \hbox (badness 10000) in paragraph at lines 17342--17342
[]|\T1/ppl/m/n/10 Deserto
 []


Overfull \hbox (1.36363pt too wide) in paragraph at lines 17342--17342
[]|\T1/ppl/m/n/10 Montagna| 
 []


Underfull \hbox (badness 10000) in paragraph at lines 17342--17342
[]|\T1/ppl/m/n/10 Tundra
 []


Underfull \hbox (badness 10000) in paragraph at lines 17342--17342
\T1/ppl/m/n/10 Ghiac-cia-
 []


Overfull \hbox (7.63483pt too wide) in paragraph at lines 17342--17343
[][]  
 []

<immagini/carretto.png, id=2782, 160.6pt x 107.2005pt>
[266] [267]
<immagini/cavallo.png, id=2791, 401.5pt x 256.96pt>
[268]
<immagini/grifonicastello.png, id=2796, 144.54pt x 192.72pt>
[269]
Package lettrine.sty Info: Targeted height = 17.5999pt
(lettrine.sty)             (for loversize=0, accent excluded),
(lettrine.sty)             Lettrine height = 21.04736pt (M) loversize=0.25;
(lettrine.sty)             reported on input line 17573.

Overfull \hbox (11.8193pt too wide) in paragraph at lines 17618--17619
[]  
 []


Overfull \hbox (11.8193pt too wide) in paragraph at lines 17650--17651
[][]  
 []

[270]
<immagini/deathbeowulf.png, id=2806, 602.25pt x 911.405pt>
[271]
<immagini/impegnativa.png, id=2811, 602.25pt x 850.17625pt>

Overfull \hbox (9.85405pt too wide) in paragraph at lines 17752--17761
[][]  
 []


Underfull \hbox (badness 10000) in paragraph at lines 17793--17793
\T1/ppl/b/n/10 ri-spet-to ad
 []


Underfull \hbox (badness 10000) in paragraph at lines 17793--17793
\T1/ppl/b/n/10 obiet-ti-vo
 []


Underfull \hbox (badness 10000) in paragraph at lines 17793--17793
[]|\T1/ppl/b/n/10 "Peso" per
 []


Overfull \hbox (11.8193pt too wide) in paragraph at lines 17793--17794
[][]  
 []

[272]
<immagini/tesoro2.png, id=2817, 602.25pt x 518.93875pt>
[273]
Underfull \hbox (badness 10000) in paragraph at lines 17886--17886
[]|\T1/ppl/b/n/10 Livello
 []


Underfull \hbox (badness 10000) in paragraph at lines 17886--17886
\T1/ppl/b/n/10 Me-dio
 []


Underfull \hbox (badness 10000) in paragraph at lines 17886--17886
[]|\T1/ppl/b/n/10 per In-
 []


Underfull \hbox (badness 10000) in paragraph at lines 17886--17886
\T1/ppl/b/n/10 con-tro
 []


Underfull \hbox (badness 10000) in paragraph at lines 17886--17886
[]|\T1/ppl/b/n/10 Livello
 []


Underfull \hbox (badness 10000) in paragraph at lines 17886--17886
\T1/ppl/b/n/10 Me-dio
 []


Underfull \hbox (badness 10000) in paragraph at lines 17886--17886
[]|\T1/ppl/b/n/10 per In-
 []


Underfull \hbox (badness 10000) in paragraph at lines 17886--17886
\T1/ppl/b/n/10 con-tro
 []


Overfull \hbox (11.8193pt too wide) in paragraph at lines 17886--17888
[][] 
 []

[274] [275]
<immagini/Hoxne_Hoard_1.png, id=2831, 602.25pt x 401.5pt>
[276] [277] [278]
Package lettrine.sty Info: Targeted height = 17.5999pt
(lettrine.sty)             (for loversize=0, accent excluded),
(lettrine.sty)             Lettrine height = 20.31349pt (P) loversize=0.25;
(lettrine.sty)             reported on input line 18145.
<immagini/onering2.png, id=2849, 602.25pt x 565.11125pt>
<immagini/Rustning_Gustav_Vasa.png, id=2850, 144.54pt x 216.81pt>
<immagini/exacaliburfuori.png, id=2851, 602.25pt x 818.05624pt>
[279]
<immagini/wand.png, id=2856, 602.25pt x 602.25pt>
<immagini/staff2.png, id=2857, 602.25pt x 1033.8625pt>
[280]
<immagini/scrool3.png, id=2862, 583.17876pt x 729.72626pt>
<immagini/potion2.png, id=2863, 144.54pt x 182.6022pt>
[281]
<immagini/Rod_of_asclepius.png, id=2869, 80.3pt x 204.765pt>
[282]
Package lettrine.sty Info: Targeted height = 17.5999pt
(lettrine.sty)             (for loversize=0, accent excluded),
(lettrine.sty)             Lettrine height = 20.31349pt (Q) loversize=0.25;
(lettrine.sty)             reported on input line 18414.
[283] [284] [285]
Package lettrine.sty Info: Targeted height = 17.5999pt
(lettrine.sty)             (for loversize=0, accent excluded),
(lettrine.sty)             Lettrine height = 21.04736pt (T) loversize=0.25;
(lettrine.sty)             reported on input line 18615.
<immagini/Excalibur_His_Sheath.png, id=2887, 144.54pt x 170.5572pt>
[286] [287] [288] [289] [290] [291] [292] [293] [294] [295] [296] [297] [298] [
299] [300] [301] [302] [303] [304] [305] [306] [307] [308] [309] [310] [311] [3
12] [313] [314] [315] [316] [317] [318] [319] [320] [321] [322]
Package lettrine.sty Info: Targeted height = 17.5999pt
(lettrine.sty)             (for loversize=0, accent excluded),
(lettrine.sty)             Lettrine height = 20.31349pt (U) loversize=0.25;
(lettrine.sty)             reported on input line 21409.
[323] [324] [325] [326] [327] [328] [329] [330] [331]
Overfull \hbox (6.10796pt too wide) in paragraph at lines 21910--21910
[]  
 []

Package lettrine.sty Info: Targeted height = 17.5999pt
(lettrine.sty)             (for loversize=0, accent excluded),
(lettrine.sty)             Lettrine height = 21.04736pt (G) loversize=0.25;
(lettrine.sty)             reported on input line 21916.
<immagini/vasobasano.png, id=3083, 602.25pt x 301.125pt>

Overfull \hbox (2.38712pt too wide) in paragraph at lines 21956--21956
[]  
 []

[332]
<immagini/mirror.png, id=3088, 602.25pt x 657.45625pt>

Overfull \hbox (14.83215pt too wide) in paragraph at lines 22039--22040
[][]  
 []

[333]
<immagini/donnalemb.png, id=3093, 602.25pt x 864.22874pt>

Overfull \hbox (6.10796pt too wide) in paragraph at lines 22089--22089
[]  
 []

[334]
Overfull \hbox (11.3574pt too wide) in paragraph at lines 22097--22145
[][]  
 []

[335]
Overfull \hbox (6.10796pt too wide) in paragraph at lines 22156--22156
[]  
 []

Package lettrine.sty Info: Targeted height = 17.5999pt
(lettrine.sty)             (for loversize=0, accent excluded),
(lettrine.sty)             Lettrine height = 20.31349pt (Y) loversize=0.25;
(lettrine.sty)             reported on input line 22162.
[336] [337]
Overfull \hbox (6.10796pt too wide) in paragraph at lines 22252--22252
[]  
 []


Overfull \hbox (6.10796pt too wide) in paragraph at lines 22285--22285
[]  
 []

[338] [339] [340]
Overfull \hbox (6.10796pt too wide) in paragraph at lines 22497--22497
[]  
 []


Overfull \hbox (6.10796pt too wide) in paragraph at lines 22563--22563
[]  
 []

[341] [342]
Package lettrine.sty Info: Targeted height = 17.5999pt
(lettrine.sty)             (for loversize=0, accent excluded),
(lettrine.sty)             Lettrine height = 21.04736pt (A) loversize=0.25;
(lettrine.sty)             reported on input line 22611.
[343]
<immagini/mappaplanare3.png, id=3137, 1204.5pt x 1703.36375pt>

Overfull \hbox (16.09206pt too wide) in paragraph at lines 22658--22658
 [] 
 []

[344] [345] [346] [347]
Overfull \hbox (6.10796pt too wide) in paragraph at lines 22797--22798
[][]  
 []

[348] [349] [350] [351] [352]
Overfull \hbox (6.10796pt too wide) in paragraph at lines 23063--23063
[]  
 []

Package lettrine.sty Info: Targeted height = 17.5999pt
(lettrine.sty)             (for loversize=0, accent excluded),
(lettrine.sty)             Lettrine height = 21.04736pt (B) loversize=0.25;
(lettrine.sty)             reported on input line 23067.
<immagini/sangiorgioedrago.png, id=3175, 451.6875pt x 345.54094pt>

Overfull \hbox (1.15268pt too wide) in paragraph at lines 23106--23106
[]  
 []

[353]
Overfull \hbox (13.59772pt too wide) in paragraph at lines 23132--23133
[][]  
 []

<immagini/sanmichelesatana.png, id=3181, 602.25pt x 1017.8025pt>
[354] [355]
<immagini/roc.png, id=3191, 602.25pt x 879.285pt>
[356]
Underfull \hbox (badness 10000) in paragraph at lines 23296--23296
[]|\T1/ppl/b/n/10 Bonus
 []


Underfull \hbox (badness 10000) in paragraph at lines 23296--23296
[]|\T1/ppl/b/n/10 Attacco
 []


Underfull \hbox (badness 10000) in paragraph at lines 23296--23296
[]|\T1/ppl/m/n/10 Livello
 []


Underfull \hbox (badness 10000) in paragraph at lines 23296--23296
[]|\T1/ppl/m/n/10 Livello
 []


Underfull \hbox (badness 10000) in paragraph at lines 23296--23296
[]|\T1/ppl/m/n/10 Livello
 []


Overfull \hbox (13.59772pt too wide) in paragraph at lines 23296--23297
[][]  
 []

<immagini/ciclope.png, id=3197, 602.25pt x 916.42375pt>
[357]
<immagini/lich2.png, id=3202, 602.25pt x 602.25pt>
[358]
<immagini/polpo.png, id=3207, 602.25pt x 882.29625pt>
<immagini/cupido.png, id=3208, 144.54pt x 192.72pt>
[359] [360]
Overfull \hbox (6.10796pt too wide) in paragraph at lines 23523--23523
[]  
 []


Overfull \hbox (6.10796pt too wide) in paragraph at lines 23543--23543
[]  
 []

[361]
Overfull \hbox (6.10796pt too wide) in paragraph at lines 23560--23560
[]  
 []

[362] [363] [364] [365] [366] [367] [368] [369] [370] [371] [372] [373] [374] [
375] [376] [377] [378] [379] [380] [381] [382] [383] [384] [385] [386] [387] [3
88] [389] [390] [391] [392] [393] [394] [395] [396] [397] [398] [399] [400] [40
1] [402] [403] [404] [405] [406] [407] [408] [409] [410] [411] [412] [413] [414
] [415] [416] [417] [418] [419] [420] [421] [422] [423] [424] [425] [426] [427]
[428] [429] [430] [431] [432] [433] [434] [435] [436] [437] [438] [439] [440] [
441] [442] [443] [444] [445] [446] [447] [448] [449] [450] [451] [452] [453] [4
54] [455] [456] [457] [458] [459] [460] [461] [462] [463] [464] [465] [466] [46
7] [468] [469] [470] [471] [472] [473] [474] [475] [476] [477] [478] [479] [480
] [481] [482] [483] [484] [485] [486] [487] [488] [489] [490] [491] [492] [493]
[494] [495] [496] [497] [498] [499] [500] [501] [502] [503] [504] [505] [506] [
507] [508] [509] [510] [511] [512] [513] [514] [515] [516]
Overfull \hbox (6.10796pt too wide) in paragraph at lines 41275--41275
[]  
 []

[517] [518] [519] [520]
LaTeX Font Info:    External font `lmex10' loaded for size
(Font)              <14.4> on input line 41503.
[521]

pdfTeX warning: pdflatex (file ./OBSS-scheda.pdf): PDF inclusion: found PDF ver
sion <1.6>, but at most version <1.5> allowed
<OBSS-scheda.pdf, id=3903, 597.53635pt x 845.04686pt>


pdfTeX warning: pdflatex (file ./OBSS-scheda.pdf): PDF inclusion: found PDF ver
sion <1.6>, but at most version <1.5> allowed


pdfTeX warning: pdflatex (file ./OBSS-scheda.pdf): PDF inclusion: found PDF ver
sion <1.6>, but at most version <1.5> allowed


pdfTeX warning: pdflatex (file ./OBSS-scheda.pdf): PDF inclusion: found PDF ver
sion <1.6>, but at most version <1.5> allowed


pdfTeX warning: pdflatex (file ./OBSS-scheda.pdf): PDF inclusion: found PDF ver
sion <1.6>, but at most version <1.5> allowed
<OBSS-scheda.pdf, id=3907, page=1, 597.53635pt x 845.04686pt>
File: OBSS-scheda.pdf Graphic file (type pdf)
<use OBSS-scheda.pdf, page 1>
Package pdftex.def Info: OBSS-scheda.pdf , page1 used on input line 41555.
(pdftex.def)             Requested size: 597.53488pt x 845.0448pt.
File: OBSS-scheda.pdf Graphic file (type pdf)
<use OBSS-scheda.pdf, page 1>
Package pdftex.def Info: OBSS-scheda.pdf , page1 used on input line 41555.
(pdftex.def)             Requested size: 567.65631pt x 802.78998pt.
File: OBSS-scheda.pdf Graphic file (type pdf)
<use OBSS-scheda.pdf, page 1>
Package pdftex.def Info: OBSS-scheda.pdf , page1 used on input line 41555.
(pdftex.def)             Requested size: 567.65631pt x 802.78998pt.
File: OBSS-scheda.pdf Graphic file (type pdf)
<use OBSS-scheda.pdf, page 1>
Package pdftex.def Info: OBSS-scheda.pdf , page1 used on input line 41555.
(pdftex.def)             Requested size: 567.65631pt x 802.78998pt.
File: OBSS-scheda.pdf Graphic file (type pdf)
<use OBSS-scheda.pdf, page 1>
Package pdftex.def Info: OBSS-scheda.pdf , page1 used on input line 41555.
(pdftex.def)             Requested size: 567.65631pt x 802.78998pt.
[522 <./OBSS-scheda.pdf>]

pdfTeX warning: pdflatex (file ./OBSS-scheda.pdf): PDF inclusion: found PDF ver
sion <1.6>, but at most version <1.5> allowed
<OBSS-scheda.pdf, id=3927, page=2, 597.53635pt x 845.04686pt>
File: OBSS-scheda.pdf Graphic file (type pdf)
<use OBSS-scheda.pdf, page 2>
Package pdftex.def Info: OBSS-scheda.pdf , page2 used on input line 41555.
(pdftex.def)             Requested size: 567.65631pt x 802.78998pt.
File: OBSS-scheda.pdf Graphic file (type pdf)
<use OBSS-scheda.pdf, page 2>
Package pdftex.def Info: OBSS-scheda.pdf , page2 used on input line 41555.
(pdftex.def)             Requested size: 567.65631pt x 802.78998pt.
File: OBSS-scheda.pdf Graphic file (type pdf)
<use OBSS-scheda.pdf, page 2>
Package pdftex.def Info: OBSS-scheda.pdf , page2 used on input line 41555.
(pdftex.def)             Requested size: 567.65631pt x 802.78998pt.
[523 <./OBSS-scheda.pdf>] [524] [525]
runsystem(makeindex OBSS.idx)...executed safely (allowed).

(./OBSS.ind [526


] [527] [528] [529] [530] [531] [532]) [533] (./OBSS.aux)

LaTeX Font Warning: Some font shapes were not available, defaults substituted.

 ) 
Here is how much of TeX's memory you used:
 33762 strings out of 478994
 617405 string characters out of 5864751
 974455 words of memory out of 5000000
 49172 multiletter control sequences out of 15000+600000
 467510 words of font info for 100 fonts, out of 8000000 for 9000
 1141 hyphenation exceptions out of 8191
 112i,18n,116p,2325b,1247s stack positions out of 5000i,500n,10000p,200000b,80000s
{/usr/share/texmf-dist/fonts/enc/dvips/base/8r.enc}{/usr/share/texmf-dist/fon
ts/enc/dvips/accanthis/acnt_sjpjw4.enc}</usr/share/texmf-dist/fonts/type1/arkan
dis/accanthis/AccanthisADFStdNo3-Bold.pfb></usr/share/texmf-dist/fonts/type1/pu
blic/calligra-type1/callig15.pfb></usr/share/texmf-dist/fonts/type1/public/amsf
onts/latxfont/line10.pfb></usr/share/texmf-dist/fonts/type1/urw/courier/ucrr8a.
pfb></usr/share/texmf-dist/fonts/type1/urw/palatino/uplb8a.pfb></usr/share/texm
f-dist/fonts/type1/urw/palatino/uplbi8a.pfb></usr/share/texmf-dist/fonts/type1/
urw/palatino/uplr8a.pfb></usr/share/texmf-dist/fonts/type1/urw/palatino/uplri8a
.pfb></usr/share/texmf-dist/fonts/type1/public/yfonts-t1/yfrak.pfb>
Output written on OBSS.pdf (535 pages, 1946208 bytes).
PDF statistics:
 6393 PDF objects out of 7423 (max. 8388607)
 5599 compressed objects within 56 object streams
 1269 named destinations out of 1440 (max. 500000)
 6514 words of extra memory for PDF output out of 10000 (max. 10000000)

